Dropped dependency com.azure:azure-storage-blob-cryptography:12.13.0.
		Includes dependency com.azure:azure-core-http-netty:1.10.0. Expected dependency com.azure:azure-core-http-netty:1.10.1
		Includes dependency com.azure:azure-core:1.17.0. Expected dependency com.azure:azure-core:1.18.0
Dropped dependency com.azure:azure-search-documents:11.4.0.
		Includes dependency com.azure:azure-core-serializer-json-jackson:1.2.4. Expected dependency com.azure:azure-core-serializer-json-jackson:1.2.5
		Includes dependency com.azure:azure-core-http-netty:1.10.0. Expected dependency com.azure:azure-core-http-netty:1.10.1
		Includes dependency com.azure:azure-core:1.17.0. Expected dependency com.azure:azure-core:1.18.0
Dropped dependency com.azure:azure-storage-file-datalake:12.6.0.
		Includes dependency com.azure:azure-core-http-netty:1.10.0. Expected dependency com.azure:azure-core-http-netty:1.10.1
		Includes dependency com.azure:azure-storage-blob:12.12.0. Expected dependency com.azure:azure-storage-blob:12.13.0
		Includes dependency com.azure:azure-core:1.17.0. Expected dependency com.azure:azure-core:1.18.0
Dropped dependency com.azure:azure-communication-chat:1.0.0.
		Includes dependency com.azure:azure-core:1.14.1. Expected dependency com.azure:azure-core:1.18.0
		Includes dependency com.azure:azure-communication-common:1.0.0. Expected dependency com.azure:azure-communication-common:1.0.3
Dropped dependency com.azure:azure-storage-internal-avro:12.0.5.
		Includes dependency com.azure:azure-core-http-netty:1.10.0. Expected dependency com.azure:azure-core-http-netty:1.10.1
		Includes dependency com.azure:azure-core:1.17.0. Expected dependency com.azure:azure-core:1.18.0
Dropped dependency com.azure:azure-storage-common:12.12.0.
		Includes dependency com.azure:azure-core-http-netty:1.10.0. Expected dependency com.azure:azure-core-http-netty:1.10.1
		Includes dependency com.azure:azure-core:1.17.0. Expected dependency com.azure:azure-core:1.18.0
Dropped dependency com.azure:azure-digitaltwins-core:1.1.1.
		Includes dependency com.azure:azure-core-http-netty:1.9.2. Expected dependency com.azure:azure-core-http-netty:1.10.1
		Includes dependency com.azure:azure-core-serializer-json-jackson:1.2.3. Expected dependency com.azure:azure-core-serializer-json-jackson:1.2.5
		Includes dependency com.fasterxml.jackson.core:jackson-annotations:2.12.2. Expected dependency com.fasterxml.jackson.core:jackson-annotations:2.12.3
		Includes dependency com.azure:azure-core:1.16.0. Expected dependency com.azure:azure-core:1.18.0
Dropped dependency com.azure:azure-storage-queue:12.10.0.
		Includes dependency com.azure:azure-core-http-netty:1.10.0. Expected dependency com.azure:azure-core-http-netty:1.10.1
		Includes dependency com.azure:azure-core:1.17.0. Expected dependency com.azure:azure-core:1.18.0
Dropped dependency com.azure:azure-storage-blob:12.13.0.
		Includes dependency com.azure:azure-core-http-netty:1.10.0. Expected dependency com.azure:azure-core-http-netty:1.10.1
		Includes dependency com.azure:azure-core:1.17.0. Expected dependency com.azure:azure-core:1.18.0
Dropped dependency com.azure:azure-communication-sms:1.0.3.
		Includes dependency com.azure:azure-core:1.17.0. Expected dependency com.azure:azure-core:1.18.0
		Includes dependency com.azure:azure-communication-common:1.0.2. Expected dependency com.azure:azure-communication-common:1.0.3
Dropped dependency com.azure:azure-communication-common:1.0.3.
		Includes dependency com.azure:azure-core-http-netty:1.10.0. Expected dependency com.azure:azure-core-http-netty:1.10.1
		Includes dependency com.azure:azure-core:1.17.0. Expected dependency com.azure:azure-core:1.18.0
Dropped dependency com.azure:azure-storage-blob-batch:12.10.0.
		Includes dependency com.azure:azure-core-http-netty:1.10.0. Expected dependency com.azure:azure-core-http-netty:1.10.1
		Includes dependency com.azure:azure-storage-blob:12.12.0. Expected dependency com.azure:azure-storage-blob:12.13.0
		Includes dependency com.azure:azure-core:1.17.0. Expected dependency com.azure:azure-core:1.18.0
Dropped dependency com.azure:azure-storage-file-share:12.10.0.
		Includes dependency com.azure:azure-core-http-netty:1.10.0. Expected dependency com.azure:azure-core-http-netty:1.10.1
		Includes dependency com.azure:azure-core:1.17.0. Expected dependency com.azure:azure-core:1.18.0
Dropped dependency com.azure:azure-communication-phonenumbers:1.0.3.
		Includes dependency com.azure:azure-core:1.17.0. Expected dependency com.azure:azure-core:1.18.0
		Includes dependency com.azure:azure-communication-common:1.0.2. Expected dependency com.azure:azure-communication-common:1.0.3
Dropped dependency com.azure:azure-mixedreality-remoterendering:1.0.0.
		Includes dependency com.azure:azure-core-http-netty:1.9.0. Expected dependency com.azure:azure-core-http-netty:1.10.1
		Includes dependency com.azure:azure-core:1.14.1. Expected dependency com.azure:azure-core:1.18.0
		Includes dependency com.azure:azure-core:1.13.0. Expected dependency com.azure:azure-core:1.18.0
Dropped dependency com.azure:azure-messaging-eventhubs-checkpointstore-blob:1.8.1.
		Includes dependency com.azure:azure-storage-blob:12.12.0. Expected dependency com.azure:azure-storage-blob:12.13.0
Dropped dependency com.azure:azure-mixedreality-authentication:1.0.0.
		Includes dependency com.azure:azure-core-http-netty:1.9.0. Expected dependency com.azure:azure-core-http-netty:1.10.1
		Includes dependency com.azure:azure-core:1.14.1. Expected dependency com.azure:azure-core:1.18.0
Dropped dependency com.azure:azure-communication-identity:1.1.1.
		Includes dependency com.azure:azure-core:1.17.0. Expected dependency com.azure:azure-core:1.18.0
		Includes dependency com.azure:azure-communication-common:1.0.2. Expected dependency com.azure:azure-communication-common:1.0.3
