Dropped dependency com.azure.spring:azure-spring-boot-starter-active-directory:3.7.0.
		Includes dependency com.fasterxml.jackson.core:jackson-databind:2.12.1. Expected dependency com.fasterxml.jackson.core:jackson-databind:2.12.3
Dropped dependency com.azure.spring:azure-spring-boot-starter-keyvault-secrets:3.7.0.
		Includes dependency com.fasterxml.jackson.core:jackson-databind:2.12.1. Expected dependency com.fasterxml.jackson.core:jackson-databind:2.12.3
Dropped dependency com.microsoft.azure:msal4j:1.10.1.
		Includes dependency com.fasterxml.jackson.core:jackson-databind:2.12.1. Expected dependency com.fasterxml.jackson.core:jackson-databind:2.12.3
Dropped dependency com.azure:azure-storage-file-share:12.10.0.
		Includes dependency com.azure:azure-core-http-netty:1.10.0. Expected dependency com.azure:azure-core-http-netty:1.10.1
		Includes dependency com.azure:azure-core:1.17.0. Expected dependency com.azure:azure-core:1.18.0
Dropped dependency com.azure:azure-identity:1.3.3.
		Includes dependency com.fasterxml.jackson.core:jackson-databind:2.12.1. Expected dependency com.fasterxml.jackson.core:jackson-databind:2.12.3
Dropped dependency com.azure.spring:azure-spring-boot-starter-keyvault-certificates:3.0.1.
		Includes dependency org.springframework.boot:spring-boot-starter:2.5.0. Expected dependency org.springframework.boot:spring-boot-starter:2.5.2
		Includes dependency org.springframework.boot:spring-boot-starter-validation:2.5.0. Expected dependency org.springframework.boot:spring-boot-starter-validation:2.5.2
Dropped dependency com.azure.spring:azure-spring-boot-starter-storage:3.7.0.
		Includes dependency com.azure:azure-core-http-netty:1.10.0. Expected dependency com.azure:azure-core-http-netty:1.10.1
		Includes dependency com.azure:azure-core:1.17.0. Expected dependency com.azure:azure-core:1.18.0
Dropped dependency com.azure:azure-storage-blob:12.12.0.
		Includes dependency com.azure:azure-core-http-netty:1.10.0. Expected dependency com.azure:azure-core-http-netty:1.10.1
		Includes dependency com.azure:azure-core:1.17.0. Expected dependency com.azure:azure-core:1.18.0
