Input file parsing failed. Exceptionjava.nio.file.NoSuchFileException: inputDir\dependencies.txt
Dropped dependency com.azure:azure-messaging-eventhubs-checkpointstore-blob:1.10.2.
		Includes dependency com.azure:azure-storage-blob:12.14.2. Expected dependency com.azure:azure-storage-blob:12.14.3
		Includes dependency com.azure:azure-core:1.22.0. Expected dependency com.azure:azure-core:1.24.1
		Includes dependency com.azure:azure-core-amqp:2.3.4. Expected dependency com.azure:azure-core-amqp:2.3.7
Dropped dependency com.azure:azure-search-documents:11.4.5.
		Includes dependency com.azure:azure-core-serializer-json-jackson:1.2.9. Expected dependency com.azure:azure-core-serializer-json-jackson:1.2.12
		Includes dependency com.azure:azure-core:1.22.0. Expected dependency com.azure:azure-core:1.24.1
		Includes dependency com.azure:azure-core-http-netty:1.11.2. Expected dependency com.azure:azure-core-http-netty:1.11.6
Dropped dependency com.azure:azure-ai-textanalytics:5.1.4.
		Includes dependency com.azure:azure-core:1.22.0. Expected dependency com.azure:azure-core:1.24.1
		Includes dependency com.azure:azure-core-http-netty:1.11.2. Expected dependency com.azure:azure-core-http-netty:1.11.6
Dropped dependency com.azure:azure-communication-chat:1.1.2.
		Includes dependency com.azure:azure-core:1.22.0. Expected dependency com.azure:azure-core:1.24.1
		Includes dependency com.azure:azure-communication-common:1.0.6. Expected dependency com.azure:azure-communication-common:1.0.7
Dropped dependency com.azure:azure-mixedreality-remoterendering:1.1.2.
		Includes dependency com.azure:azure-core:1.22.0. Expected dependency com.azure:azure-core:1.24.1
		Includes dependency com.azure:azure-core-http-netty:1.11.2. Expected dependency com.azure:azure-core-http-netty:1.11.6
Dropped dependency com.azure:azure-communication-identity:1.1.4.
		Includes dependency com.azure:azure-core:1.22.0. Expected dependency com.azure:azure-core:1.24.1
		Includes dependency com.azure:azure-communication-common:1.0.6. Expected dependency com.azure:azure-communication-common:1.0.7
Dropped dependency com.azure:azure-mixedreality-authentication:1.1.3.
		Includes dependency com.azure:azure-core:1.22.0. Expected dependency com.azure:azure-core:1.24.1
		Includes dependency com.azure:azure-core-http-netty:1.11.2. Expected dependency com.azure:azure-core-http-netty:1.11.6
Dropped dependency com.azure:azure-data-schemaregistry:1.0.0.
		Includes dependency com.azure:azure-core:1.22.0. Expected dependency com.azure:azure-core:1.24.1
		Includes dependency com.azure:azure-core-http-netty:1.11.2. Expected dependency com.azure:azure-core-http-netty:1.11.6
Dropped dependency com.azure:azure-communication-phonenumbers:1.0.6.
		Includes dependency com.azure:azure-core:1.22.0. Expected dependency com.azure:azure-core:1.24.1
		Includes dependency com.azure:azure-communication-common:1.0.6. Expected dependency com.azure:azure-communication-common:1.0.7
Dropped dependency com.azure:azure-communication-sms:1.0.6.
		Includes dependency com.azure:azure-core:1.22.0. Expected dependency com.azure:azure-core:1.24.1
		Includes dependency com.azure:azure-communication-common:1.0.6. Expected dependency com.azure:azure-communication-common:1.0.7
Dropped dependency com.azure:azure-data-appconfiguration:1.2.4.
		Includes dependency com.azure:azure-core:1.22.0. Expected dependency com.azure:azure-core:1.24.1
		Includes dependency com.azure:azure-core-http-netty:1.11.2. Expected dependency com.azure:azure-core-http-netty:1.11.6
Dropped dependency com.azure:azure-messaging-eventhubs:5.10.3.
		Includes dependency com.azure:azure-core:1.22.0. Expected dependency com.azure:azure-core:1.24.1
		Includes dependency com.azure:azure-core-amqp:2.3.4. Expected dependency com.azure:azure-core-amqp:2.3.7
