#
# A fatal error has been detected by the Java Runtime Environment:
#
#  EXCEPTION_ACCESS_VIOLATION (0xc0000005) at pc=0x00007ff972c8f6b3, pid=14772, tid=26140
#
# JRE version: OpenJDK Runtime Environment (11.0.6+10) (build 11.0.6+10)
# Java VM: OpenJDK 64-Bit Server VM (11.0.6+10, mixed mode, tiered, compressed oops, g1 gc, windows-amd64)
# Problematic frame:
# V  [jvm.dll+0x50f6b3]
#
# No core dump will be written. Minidumps are not enabled by default on client versions of Windows
#
# If you would like to submit a bug report, please visit:
#   https://github.com/AdoptOpenJDK/openjdk-support/issues
#

---------------  S U M M A R Y ------------

Command Line: -Dclassworlds.conf=C:\apache-maven-3.6.3\bin\..\bin\m2.conf -Dmaven.home=C:\apache-maven-3.6.3\bin\.. -Dlibrary.jansi.path=C:\apache-maven-3.6.3\bin\..\lib\jansi-native -Dmaven.multiModuleProjectDirectory=c:\ht1\azure-sdk-for-java org.codehaus.plexus.classworlds.launcher.Launcher install -DskipTests -Dgpg.skip=true -Dinclude-non-shipping-modules -Pjava-lts -Drevapi.skip=true -f sdk/core/azure-core-amqp/pom.xml

Host: Intel(R) Core(TM) i7-8650U CPU @ 1.90GHz, 8 cores, 15G,  Windows 10 , 64 bit Build 18362 (10.0.18362.778)
Time: Mon May 18 08:01:59 2020 Pacific Daylight Time elapsed time: 32051 seconds (0d 8h 54m 11s)

---------------  T H R E A D  ---------------

Current thread (0x000001664da66800):  JavaThread "C2 CompilerThread0" daemon [_thread_in_native, id=26140, stack(0x000000019a200000,0x000000019a300000)]


Current CompileTask:
C2:32051486 9250       4       com.sun.tools.javac.comp.Attr::visitSelect (1277 bytes)

Stack: [0x000000019a200000,0x000000019a300000],  sp=0x000000019a2fb560,  free space=1005k
Native frames: (J=compiled Java code, j=interpreted, Vv=VM code, C=native code)
V  [jvm.dll+0x50f6b3]
V  [jvm.dll+0x60c8cb]
V  [jvm.dll+0x60a048]
V  [jvm.dll+0x60bba8]
V  [jvm.dll+0x192e1d]
V  [jvm.dll+0x1f9e52]
V  [jvm.dll+0x1f8eff]
V  [jvm.dll+0x17d96c]
V  [jvm.dll+0x2080b7]
V  [jvm.dll+0x20639b]
V  [jvm.dll+0x6d70bc]
V  [jvm.dll+0x6d01ec]
V  [jvm.dll+0x5da1e6]
C  [ucrtbase.dll+0x20e82]
C  [KERNEL32.DLL+0x17bd4]
C  [ntdll.dll+0x6ce51]


siginfo: EXCEPTION_ACCESS_VIOLATION (0xc0000005), reading address 0x0000000000000088


Register to memory mapping:

RIP=0x00007ff972c8f6b3 jvm.dll
RAX=0x0 is NULL
RBX=0x0 is NULL
RCX=0x00000166294d0800 is a thread
RDX=0x0000000000000008 is an unknown value
RSP=0x000000019a2fb560 is pointing into the stack for thread: 0x000001664da66800
RBP=0x0000000000000009 is an unknown value
RSI=0x00000166543897a0 points into unknown readable memory: 80 61 f1 72 f9 7f 00 00
RDI=0x0000000000000001 is an unknown value
R8 =0x000001664df62298 points into unknown readable memory: 98 77 ff 72 f9 7f 00 00
R9 =0x00000000000008c4 is an unknown value
R10=0x0000000000000002 is an unknown value
R11=0x0000000000000400 is an unknown value
R12=0x0000000000000048 is an unknown value
R13=0x0000000000000009 is an unknown value
R14=0x00000166543897a0 points into unknown readable memory: 80 61 f1 72 f9 7f 00 00
R15=0x000000019a2fbd70 is pointing into the stack for thread: 0x000001664da66800


Registers:
RAX=0x0000000000000000, RBX=0x0000000000000000, RCX=0x00000166294d0800, RDX=0x0000000000000008
RSP=0x000000019a2fb560, RBP=0x0000000000000009, RSI=0x00000166543897a0, RDI=0x0000000000000001
R8 =0x000001664df62298, R9 =0x00000000000008c4, R10=0x0000000000000002, R11=0x0000000000000400
R12=0x0000000000000048, R13=0x0000000000000009, R14=0x00000166543897a0, R15=0x000000019a2fbd70
RIP=0x00007ff972c8f6b3, EFLAGS=0x0000000000010217

Top of Stack: (sp=0x000000019a2fb560)
0x000000019a2fb560:   00000166549ce568 00007ff900000002
0x000000019a2fb570:   000001665360fa10 0000000000000008
0x000000019a2fb580:   0000000000000000 00007ff972d8c8cb
0x000000019a2fb590:   000001665438afe0 0000000000000001
0x000000019a2fb5a0:   00000166549ce530 00000166549bcc90
0x000000019a2fb5b0:   00000166294d1550 00007ff9727eb114
0x000000019a2fb5c0:   00000166294d1550 00000166294d1530
0x000000019a2fb5d0:   0000000000000002 000000019a2fbd70
0x000000019a2fb5e0:   000001665360f690 00007ff972d8a048
0x000000019a2fb5f0:   0000000000000001 00000166543897a0
0x000000019a2fb600:   0000000000000000 00007ff972889d19
0x000000019a2fb610:   0000016655e89380 00000166294d1550
0x000000019a2fb620:   00000166294d1530 00000166294d1530
0x000000019a2fb630:   0000000000000257 0000000000000048
0x000000019a2fb640:   0000000000000000 000001665438afe0
0x000000019a2fb650:   000000019a2fbd70 00000166543897a0 

Instructions: (pc=0x00007ff972c8f6b3)
0x00007ff972c8f5b3:   2e 48 89 7c 24 30 33 ff 0f 1f 44 00 00 48 8b 4b
0x00007ff972c8f5c3:   38 48 8b 0c 0f 48 8b 11 ff 92 c0 00 00 00 03 f0
0x00007ff972c8f5d3:   48 8d 7f 08 48 83 ed 01 75 e3 48 8b 7c 24 30 48
0x00007ff972c8f5e3:   8b cb e8 86 be 0a 00 48 8b 5c 24 38 03 c6 48 8b
0x00007ff972c8f5f3:   6c 24 40 48 83 c4 20 5e c3 cc cc cc cc 48 83 ec
0x00007ff972c8f603:   28 ba 5a 00 00 00 48 8d 0d 00 f9 33 00 e8 cb 06
0x00007ff972c8f613:   d3 ff e8 46 41 0c 00 b8 05 00 00 00 48 83 c4 28
0x00007ff972c8f623:   c3 cc cc cc cc cc cc cc cc cc cc cc cc 48 89 6c
0x00007ff972c8f633:   24 18 56 48 83 ec 20 48 8b 41 70 48 8b f1 8b ea
0x00007ff972c8f643:   4c 8b 40 18 41 3b 50 18 73 13 48 6b c5 58 48 03
0x00007ff972c8f653:   41 40 48 8b 6c 24 40 48 83 c4 20 5e c3 48 8b 01
0x00007ff972c8f663:   ff 90 c8 00 00 00 3b e8 75 12 48 8b 05 94 fa 46
0x00007ff972c8f673:   00 48 8b 6c 24 40 48 83 c4 20 5e c3 8b 0d 37 bb
0x00007ff972c8f683:   51 00 65 48 8b 04 25 58 00 00 00 ba 08 00 00 00
0x00007ff972c8f693:   48 89 5c 24 30 0f b6 9e 99 00 00 00 48 8b 04 c8
0x00007ff972c8f6a3:   48 89 7c 24 38 48 8b 0c 10 48 8b 81 c8 04 00 00
0x00007ff972c8f6b3:   48 8b 88 88 00 00 00 48 8b 46 08 48 8b b9 f0 07
0x00007ff972c8f6c3:   00 00 48 8b 0c e8 48 8b 01 ff 50 68 48 8b 6c 24
0x00007ff972c8f6d3:   40 84 db 48 8b 5c 24 30 b9 78 0b 00 00 8b d0 b8
0x00007ff972c8f6e3:   08 0b 00 00 0f 44 c8 48 8d 04 0f 48 8b 7c 24 38
0x00007ff972c8f6f3:   48 8b 04 d0 48 83 c4 20 5e c3 cc cc cc 48 89 5c
0x00007ff972c8f703:   24 08 57 48 83 ec 20 48 8b 41 70 48 8b d9 8b fa
0x00007ff972c8f713:   4c 8b 40 18 41 3b 50 18 73 13 48 6b c7 58 48 03
0x00007ff972c8f723:   41 40 48 8b 5c 24 30 48 83 c4 20 5f c3 48 8b 01
0x00007ff972c8f733:   ff 90 c8 00 00 00 3b f8 75 12 48 8b 05 c4 f9 46
0x00007ff972c8f743:   00 48 8b 5c 24 30 48 83 c4 20 5f c3 48 8b 43 08
0x00007ff972c8f753:   8b 15 63 ba 51 00 41 b8 08 00 00 00 48 8b 0c f8
0x00007ff972c8f763:   65 48 8b 04 25 58 00 00 00 48 8b 04 d0 4a 8b 14
0x00007ff972c8f773:   00 48 8b 82 c8 04 00 00 48 8b 90 88 00 00 00 48
0x00007ff972c8f783:   8b 9a f0 07 00 00 48 8b 11 ff 52 68 8b c0 48 8b
0x00007ff972c8f793:   84 c3 08 0b 00 00 48 8b 5c 24 30 48 83 c4 20 5f
0x00007ff972c8f7a3:   c3 cc cc cc cc cc cc cc cc cc cc cc cc 48 89 5c 


Stack slot to memory mapping:
stack at sp + 0 slots: 0x00000166549ce568 points into unknown readable memory: 03 00 00 00 00 00 00 00
stack at sp + 1 slots: 0x00007ff900000002 is an unknown value
stack at sp + 2 slots: 0x000001665360fa10 points into unknown readable memory: a8 1f f7 72 f9 7f 00 00
stack at sp + 3 slots: 0x0000000000000008 is an unknown value
stack at sp + 4 slots: 0x0 is NULL
stack at sp + 5 slots: 0x00007ff972d8c8cb jvm.dll
stack at sp + 6 slots: 0x000001665438afe0 points into unknown readable memory: 28 6e ef 72 f9 7f 00 00
stack at sp + 7 slots: 0x0000000000000001 is an unknown value


---------------  P R O C E S S  ---------------

Threads class SMR info:
_java_thread_list=0x000001664eceb4a0, length=12, elements={
0x00000166294d0800, 0x000001664d15a000, 0x000001664d166000, 0x000001664da63000,
0x000001664da64000, 0x000001664da66800, 0x000001664da6e800, 0x000001664da70800,
0x000001664dbe0000, 0x000001664dbf8800, 0x00000166506b9800, 0x000001665444d000
}

Java Threads: ( => current thread )
  0x00000166294d0800 JavaThread "main" [_thread_in_native, id=11928, stack(0x0000000199700000,0x0000000199800000)]
  0x000001664d15a000 JavaThread "Reference Handler" daemon [_thread_blocked, id=3860, stack(0x0000000199e00000,0x0000000199f00000)]
  0x000001664d166000 JavaThread "Finalizer" daemon [_thread_blocked, id=3616, stack(0x0000000199f00000,0x000000019a000000)]
  0x000001664da63000 JavaThread "Signal Dispatcher" daemon [_thread_blocked, id=26104, stack(0x000000019a000000,0x000000019a100000)]
  0x000001664da64000 JavaThread "Attach Listener" daemon [_thread_blocked, id=24504, stack(0x000000019a100000,0x000000019a200000)]
=>0x000001664da66800 JavaThread "C2 CompilerThread0" daemon [_thread_in_native, id=26140, stack(0x000000019a200000,0x000000019a300000)]
  0x000001664da6e800 JavaThread "C1 CompilerThread0" daemon [_thread_blocked, id=13484, stack(0x000000019a300000,0x000000019a400000)]
  0x000001664da70800 JavaThread "Sweeper thread" daemon [_thread_blocked, id=23448, stack(0x000000019a400000,0x000000019a500000)]
  0x000001664dbe0000 JavaThread "Service Thread" daemon [_thread_blocked, id=23608, stack(0x000000019a500000,0x000000019a600000)]
  0x000001664dbf8800 JavaThread "Common-Cleaner" daemon [_thread_blocked, id=26368, stack(0x000000019a700000,0x000000019a800000)]
  0x00000166506b9800 JavaThread "C2 CompilerThread1" daemon [_thread_in_native, id=25340, stack(0x000000019a800000,0x000000019a900000)]
  0x000001665444d000 JavaThread "C2 CompilerThread2" daemon [_thread_in_native, id=29108, stack(0x000000019af00000,0x000000019b000000)]

Other Threads:
  0x000001664d158000 VMThread "VM Thread" [stack: 0x0000000199d00000,0x0000000199e00000] [id=15148]
  0x000001664dc02000 WatcherThread [stack: 0x000000019a600000,0x000000019a700000] [id=12324]
  0x00000166294e7000 GCTaskThread "GC Thread#0" [stack: 0x0000000199800000,0x0000000199900000] [id=4808]
  0x000001664eb50800 GCTaskThread "GC Thread#1" [stack: 0x000000019aa00000,0x000000019ab00000] [id=2800]
  0x000001664e5fb000 GCTaskThread "GC Thread#2" [stack: 0x000000019ab00000,0x000000019ac00000] [id=14128]
  0x000001664e9b5000 GCTaskThread "GC Thread#3" [stack: 0x000000019ac00000,0x000000019ad00000] [id=7812]
  0x000001664e9b6000 GCTaskThread "GC Thread#4" [stack: 0x000000019ad00000,0x000000019ae00000] [id=21540]
  0x000001664e6f4000 GCTaskThread "GC Thread#5" [stack: 0x000000019ae00000,0x000000019af00000] [id=24608]
  0x0000016629543000 ConcurrentGCThread "G1 Main Marker" [stack: 0x0000000199900000,0x0000000199a00000] [id=19224]
  0x0000016629545000 ConcurrentGCThread "G1 Conc#0" [stack: 0x0000000199a00000,0x0000000199b00000] [id=22372]
  0x000001664e9d6000 ConcurrentGCThread "G1 Conc#1" [stack: 0x000000019a900000,0x000000019aa00000] [id=22432]
  0x000001664d03f800 ConcurrentGCThread "G1 Refine#0" [stack: 0x0000000199b00000,0x0000000199c00000] [id=24612]
  0x00000166553d9800 ConcurrentGCThread "G1 Refine#1" [stack: 0x000000019b000000,0x000000019b100000] [id=28032]
  0x000001664d040800 ConcurrentGCThread "G1 Young RemSet Sampling" [stack: 0x0000000199c00000,0x0000000199d00000] [id=18460]

Threads with active compile tasks:
C2 CompilerThread032051657 9250       4       com.sun.tools.javac.comp.Attr::visitSelect (1277 bytes)
C2 CompilerThread132051657 9324       4       com.sun.tools.javac.jvm.ClassReader::setParameters (348 bytes)
C2 CompilerThread232051657 9331   !   4       com.sun.tools.javac.comp.Resolve::selectBest (339 bytes)

VM state:not at safepoint (normal execution)

VM Mutex/Monitor currently owned by a thread: None

Heap address: 0x0000000701200000, size: 4078 MB, Compressed Oops mode: Zero based, Oop shift amount: 3
Narrow klass base: 0x0000000800000000, Narrow klass shift: 0
Compressed class space size: 1073741824 Address: 0x0000000800000000

Heap:
 garbage-first heap   total 262144K, used 85885K [0x0000000701200000, 0x0000000800000000)
  region size 1024K, 41 young (41984K), 11 survivors (11264K)
 Metaspace       used 38772K, capacity 39657K, committed 40016K, reserved 1085440K
  class space    used 3908K, capacity 4236K, committed 4352K, reserved 1048576K
Heap Regions: E=young(eden), S=young(survivor), O=old, HS=humongous(starts), HC=humongous(continues), CS=collection set, F=free, A=archive, TAMS=top-at-mark-start (previous, next)
|   0|0x0000000701200000, 0x0000000701300000, 0x0000000701300000|100%| O|  |TAMS 0x0000000701300000, 0x0000000701200000| Untracked 
|   1|0x0000000701300000, 0x0000000701400000, 0x0000000701400000|100%| O|  |TAMS 0x0000000701400000, 0x0000000701300000| Untracked 
|   2|0x0000000701400000, 0x0000000701500000, 0x0000000701500000|100%| O|  |TAMS 0x0000000701500000, 0x0000000701400000| Untracked 
|   3|0x0000000701500000, 0x0000000701600000, 0x0000000701600000|100%| O|  |TAMS 0x0000000701600000, 0x0000000701500000| Untracked 
|   4|0x0000000701600000, 0x0000000701700000, 0x0000000701700000|100%| O|  |TAMS 0x0000000701700000, 0x0000000701600000| Untracked 
|   5|0x0000000701700000, 0x0000000701800000, 0x0000000701800000|100%| O|  |TAMS 0x0000000701800000, 0x0000000701700000| Untracked 
|   6|0x0000000701800000, 0x0000000701900000, 0x0000000701900000|100%| O|  |TAMS 0x0000000701900000, 0x0000000701800000| Untracked 
|   7|0x0000000701900000, 0x0000000701a00000, 0x0000000701a00000|100%| O|  |TAMS 0x0000000701a00000, 0x0000000701900000| Untracked 
|   8|0x0000000701a00000, 0x0000000701b00000, 0x0000000701b00000|100%| O|  |TAMS 0x0000000701b00000, 0x0000000701a00000| Untracked 
|   9|0x0000000701b00000, 0x0000000701c00000, 0x0000000701c00000|100%| O|  |TAMS 0x0000000701c00000, 0x0000000701b00000| Untracked 
|  10|0x0000000701c00000, 0x0000000701d00000, 0x0000000701d00000|100%| O|  |TAMS 0x0000000701d00000, 0x0000000701c00000| Untracked 
|  11|0x0000000701d00000, 0x0000000701e00000, 0x0000000701e00000|100%| O|  |TAMS 0x0000000701e00000, 0x0000000701d00000| Untracked 
|  12|0x0000000701e00000, 0x0000000701f00000, 0x0000000701f00000|100%|HS|  |TAMS 0x0000000701f00000, 0x0000000701e00000| Complete 
|  13|0x0000000701f00000, 0x0000000702000000, 0x0000000702000000|100%|HS|  |TAMS 0x0000000702000000, 0x0000000701f00000| Complete 
|  14|0x0000000702000000, 0x0000000702100000, 0x0000000702100000|100%|HS|  |TAMS 0x0000000702100000, 0x0000000702000000| Complete 
|  15|0x0000000702100000, 0x0000000702200000, 0x0000000702200000|100%| O|  |TAMS 0x0000000702200000, 0x0000000702100000| Untracked 
|  16|0x0000000702200000, 0x0000000702300000, 0x0000000702300000|100%| O|  |TAMS 0x0000000702300000, 0x0000000702200000| Untracked 
|  17|0x0000000702300000, 0x0000000702400000, 0x0000000702400000|100%| O|  |TAMS 0x0000000702400000, 0x0000000702300000| Untracked 
|  18|0x0000000702400000, 0x0000000702500000, 0x0000000702500000|100%| O|  |TAMS 0x0000000702500000, 0x0000000702400000| Untracked 
|  19|0x0000000702500000, 0x0000000702600000, 0x0000000702600000|100%| O|  |TAMS 0x0000000702600000, 0x0000000702500000| Untracked 
|  20|0x0000000702600000, 0x0000000702700000, 0x0000000702700000|100%| O|  |TAMS 0x00000007026b6a00, 0x0000000702600000| Untracked 
|  21|0x0000000702700000, 0x0000000702800000, 0x0000000702800000|100%|HS|  |TAMS 0x0000000702700000, 0x0000000702700000| Complete 
|  22|0x0000000702800000, 0x0000000702900000, 0x0000000702900000|100%| O|  |TAMS 0x0000000702800000, 0x0000000702800000| Untracked 
|  23|0x0000000702900000, 0x0000000702a00000, 0x0000000702a00000|100%| O|  |TAMS 0x0000000702900000, 0x0000000702900000| Untracked 
|  24|0x0000000702a00000, 0x0000000702b00000, 0x0000000702b00000|100%| O|  |TAMS 0x0000000702a00000, 0x0000000702a00000| Untracked 
|  25|0x0000000702b00000, 0x0000000702c00000, 0x0000000702c00000|100%| O|  |TAMS 0x0000000702b00000, 0x0000000702b00000| Untracked 
|  26|0x0000000702c00000, 0x0000000702d00000, 0x0000000702d00000|100%| O|  |TAMS 0x0000000702c00000, 0x0000000702c00000| Untracked 
|  27|0x0000000702d00000, 0x0000000702e00000, 0x0000000702e00000|100%| O|  |TAMS 0x0000000702d00000, 0x0000000702d00000| Untracked 
|  28|0x0000000702e00000, 0x0000000702f00000, 0x0000000702f00000|100%| O|  |TAMS 0x0000000702e00000, 0x0000000702e00000| Untracked 
|  29|0x0000000702f00000, 0x0000000703000000, 0x0000000703000000|100%| O|  |TAMS 0x0000000702f00000, 0x0000000702f00000| Untracked 
|  30|0x0000000703000000, 0x0000000703100000, 0x0000000703100000|100%| O|  |TAMS 0x0000000703000000, 0x0000000703000000| Untracked 
|  31|0x0000000703100000, 0x0000000703200000, 0x0000000703200000|100%| O|  |TAMS 0x0000000703100000, 0x0000000703100000| Untracked 
|  32|0x0000000703200000, 0x0000000703300000, 0x0000000703300000|100%| O|  |TAMS 0x0000000703200000, 0x0000000703200000| Untracked 
|  33|0x0000000703300000, 0x0000000703400000, 0x0000000703400000|100%| O|  |TAMS 0x0000000703300000, 0x0000000703300000| Untracked 
|  34|0x0000000703400000, 0x0000000703500000, 0x0000000703500000|100%| O|  |TAMS 0x0000000703400000, 0x0000000703400000| Untracked 
|  35|0x0000000703500000, 0x0000000703600000, 0x0000000703600000|100%| O|  |TAMS 0x0000000703500000, 0x0000000703500000| Untracked 
|  36|0x0000000703600000, 0x0000000703700000, 0x0000000703700000|100%| O|  |TAMS 0x0000000703600000, 0x0000000703600000| Untracked 
|  37|0x0000000703700000, 0x0000000703800000, 0x0000000703800000|100%|HS|  |TAMS 0x0000000703700000, 0x0000000703700000| Complete 
|  38|0x0000000703800000, 0x0000000703900000, 0x0000000703900000|100%| O|  |TAMS 0x0000000703800000, 0x0000000703800000| Untracked 
|  39|0x0000000703900000, 0x0000000703a00000, 0x0000000703a00000|100%| O|  |TAMS 0x0000000703900000, 0x0000000703900000| Untracked 
|  40|0x0000000703a00000, 0x0000000703b00000, 0x0000000703b00000|100%| O|  |TAMS 0x0000000703a00000, 0x0000000703a00000| Untracked 
|  41|0x0000000703b00000, 0x0000000703c00000, 0x0000000703c00000|100%| O|  |TAMS 0x0000000703b00000, 0x0000000703b00000| Untracked 
|  42|0x0000000703c00000, 0x0000000703d00000, 0x0000000703d00000|100%| O|  |TAMS 0x0000000703c00000, 0x0000000703c00000| Untracked 
|  43|0x0000000703d00000, 0x0000000703ddf400, 0x0000000703e00000| 87%| O|  |TAMS 0x0000000703d00000, 0x0000000703d00000| Untracked 
|  44|0x0000000703e00000, 0x0000000703e00000, 0x0000000703f00000|  0%| F|  |TAMS 0x0000000703e00000, 0x0000000703e00000| Untracked 
|  45|0x0000000703f00000, 0x0000000703f00000, 0x0000000704000000|  0%| F|  |TAMS 0x0000000703f00000, 0x0000000703f00000| Untracked 
|  46|0x0000000704000000, 0x0000000704000000, 0x0000000704100000|  0%| F|  |TAMS 0x0000000704000000, 0x0000000704000000| Untracked 
|  47|0x0000000704100000, 0x0000000704100000, 0x0000000704200000|  0%| F|  |TAMS 0x0000000704100000, 0x0000000704100000| Untracked 
|  48|0x0000000704200000, 0x0000000704200000, 0x0000000704300000|  0%| F|  |TAMS 0x0000000704200000, 0x0000000704200000| Untracked 
|  49|0x0000000704300000, 0x0000000704300000, 0x0000000704400000|  0%| F|  |TAMS 0x0000000704300000, 0x0000000704300000| Untracked 
|  50|0x0000000704400000, 0x0000000704400000, 0x0000000704500000|  0%| F|  |TAMS 0x0000000704400000, 0x0000000704400000| Untracked 
|  51|0x0000000704500000, 0x0000000704500000, 0x0000000704600000|  0%| F|  |TAMS 0x0000000704500000, 0x0000000704500000| Untracked 
|  52|0x0000000704600000, 0x0000000704600000, 0x0000000704700000|  0%| F|  |TAMS 0x0000000704600000, 0x0000000704600000| Untracked 
|  53|0x0000000704700000, 0x0000000704700000, 0x0000000704800000|  0%| F|  |TAMS 0x0000000704700000, 0x0000000704700000| Untracked 
|  54|0x0000000704800000, 0x0000000704800000, 0x0000000704900000|  0%| F|  |TAMS 0x0000000704800000, 0x0000000704800000| Untracked 
|  55|0x0000000704900000, 0x0000000704900000, 0x0000000704a00000|  0%| F|  |TAMS 0x0000000704900000, 0x0000000704900000| Untracked 
|  56|0x0000000704a00000, 0x0000000704a00000, 0x0000000704b00000|  0%| F|  |TAMS 0x0000000704a00000, 0x0000000704a00000| Untracked 
|  57|0x0000000704b00000, 0x0000000704b00000, 0x0000000704c00000|  0%| F|  |TAMS 0x0000000704b00000, 0x0000000704b00000| Untracked 
|  58|0x0000000704c00000, 0x0000000704c00000, 0x0000000704d00000|  0%| F|  |TAMS 0x0000000704c00000, 0x0000000704c00000| Untracked 
|  59|0x0000000704d00000, 0x0000000704d00000, 0x0000000704e00000|  0%| F|  |TAMS 0x0000000704d00000, 0x0000000704d00000| Untracked 
|  60|0x0000000704e00000, 0x0000000704e00000, 0x0000000704f00000|  0%| F|  |TAMS 0x0000000704e00000, 0x0000000704e00000| Untracked 
|  61|0x0000000704f00000, 0x0000000704f00000, 0x0000000705000000|  0%| F|  |TAMS 0x0000000704f00000, 0x0000000704f00000| Untracked 
|  62|0x0000000705000000, 0x0000000705000000, 0x0000000705100000|  0%| F|  |TAMS 0x0000000705000000, 0x0000000705000000| Untracked 
|  63|0x0000000705100000, 0x0000000705100000, 0x0000000705200000|  0%| F|  |TAMS 0x0000000705100000, 0x0000000705100000| Untracked 
|  64|0x0000000705200000, 0x0000000705200000, 0x0000000705300000|  0%| F|  |TAMS 0x0000000705200000, 0x0000000705200000| Untracked 
|  65|0x0000000705300000, 0x0000000705300000, 0x0000000705400000|  0%| F|  |TAMS 0x0000000705300000, 0x0000000705300000| Untracked 
|  66|0x0000000705400000, 0x0000000705400000, 0x0000000705500000|  0%| F|  |TAMS 0x0000000705400000, 0x0000000705400000| Untracked 
|  67|0x0000000705500000, 0x0000000705500000, 0x0000000705600000|  0%| F|  |TAMS 0x0000000705500000, 0x0000000705500000| Untracked 
|  68|0x0000000705600000, 0x0000000705600000, 0x0000000705700000|  0%| F|  |TAMS 0x0000000705600000, 0x0000000705600000| Untracked 
|  69|0x0000000705700000, 0x0000000705700000, 0x0000000705800000|  0%| F|  |TAMS 0x0000000705700000, 0x0000000705700000| Untracked 
|  70|0x0000000705800000, 0x0000000705800000, 0x0000000705900000|  0%| F|  |TAMS 0x0000000705800000, 0x0000000705800000| Untracked 
|  71|0x0000000705900000, 0x0000000705900000, 0x0000000705a00000|  0%| F|  |TAMS 0x0000000705900000, 0x0000000705900000| Untracked 
|  72|0x0000000705a00000, 0x0000000705a00000, 0x0000000705b00000|  0%| F|  |TAMS 0x0000000705a00000, 0x0000000705a00000| Untracked 
|  73|0x0000000705b00000, 0x0000000705b00000, 0x0000000705c00000|  0%| F|  |TAMS 0x0000000705b00000, 0x0000000705b00000| Untracked 
|  74|0x0000000705c00000, 0x0000000705c00000, 0x0000000705d00000|  0%| F|  |TAMS 0x0000000705c00000, 0x0000000705c00000| Untracked 
|  75|0x0000000705d00000, 0x0000000705d00000, 0x0000000705e00000|  0%| F|  |TAMS 0x0000000705d00000, 0x0000000705d00000| Untracked 
|  76|0x0000000705e00000, 0x0000000705e00000, 0x0000000705f00000|  0%| F|  |TAMS 0x0000000705e00000, 0x0000000705e00000| Untracked 
|  77|0x0000000705f00000, 0x0000000705f00000, 0x0000000706000000|  0%| F|  |TAMS 0x0000000705f00000, 0x0000000705f00000| Untracked 
|  78|0x0000000706000000, 0x0000000706000000, 0x0000000706100000|  0%| F|  |TAMS 0x0000000706000000, 0x0000000706000000| Untracked 
|  79|0x0000000706100000, 0x0000000706100000, 0x0000000706200000|  0%| F|  |TAMS 0x0000000706100000, 0x0000000706100000| Untracked 
|  80|0x0000000706200000, 0x0000000706200000, 0x0000000706300000|  0%| F|  |TAMS 0x0000000706200000, 0x0000000706200000| Untracked 
|  81|0x0000000706300000, 0x0000000706300000, 0x0000000706400000|  0%| F|  |TAMS 0x0000000706300000, 0x0000000706300000| Untracked 
|  82|0x0000000706400000, 0x0000000706400000, 0x0000000706500000|  0%| F|  |TAMS 0x0000000706400000, 0x0000000706400000| Untracked 
|  83|0x0000000706500000, 0x0000000706500000, 0x0000000706600000|  0%| F|  |TAMS 0x0000000706500000, 0x0000000706500000| Untracked 
|  84|0x0000000706600000, 0x0000000706600000, 0x0000000706700000|  0%| F|  |TAMS 0x0000000706600000, 0x0000000706600000| Untracked 
|  85|0x0000000706700000, 0x0000000706700000, 0x0000000706800000|  0%| F|  |TAMS 0x0000000706700000, 0x0000000706700000| Untracked 
|  86|0x0000000706800000, 0x0000000706800000, 0x0000000706900000|  0%| F|  |TAMS 0x0000000706800000, 0x0000000706800000| Untracked 
|  87|0x0000000706900000, 0x0000000706900000, 0x0000000706a00000|  0%| F|  |TAMS 0x0000000706900000, 0x0000000706900000| Untracked 
|  88|0x0000000706a00000, 0x0000000706a00000, 0x0000000706b00000|  0%| F|  |TAMS 0x0000000706a00000, 0x0000000706a00000| Untracked 
|  89|0x0000000706b00000, 0x0000000706b00000, 0x0000000706c00000|  0%| F|  |TAMS 0x0000000706b00000, 0x0000000706b00000| Untracked 
|  90|0x0000000706c00000, 0x0000000706c00000, 0x0000000706d00000|  0%| F|  |TAMS 0x0000000706c00000, 0x0000000706c00000| Untracked 
|  91|0x0000000706d00000, 0x0000000706d00000, 0x0000000706e00000|  0%| F|  |TAMS 0x0000000706d00000, 0x0000000706d00000| Untracked 
|  92|0x0000000706e00000, 0x0000000706e00000, 0x0000000706f00000|  0%| F|  |TAMS 0x0000000706e00000, 0x0000000706e00000| Untracked 
|  93|0x0000000706f00000, 0x0000000706f00000, 0x0000000707000000|  0%| F|  |TAMS 0x0000000706f00000, 0x0000000706f00000| Untracked 
|  94|0x0000000707000000, 0x0000000707000000, 0x0000000707100000|  0%| F|  |TAMS 0x0000000707000000, 0x0000000707000000| Untracked 
|  95|0x0000000707100000, 0x0000000707100000, 0x0000000707200000|  0%| F|  |TAMS 0x0000000707100000, 0x0000000707100000| Untracked 
|  96|0x0000000707200000, 0x0000000707200000, 0x0000000707300000|  0%| F|  |TAMS 0x0000000707200000, 0x0000000707200000| Untracked 
|  97|0x0000000707300000, 0x0000000707300000, 0x0000000707400000|  0%| F|  |TAMS 0x0000000707300000, 0x0000000707300000| Untracked 
|  98|0x0000000707400000, 0x0000000707400000, 0x0000000707500000|  0%| F|  |TAMS 0x0000000707400000, 0x0000000707400000| Untracked 
|  99|0x0000000707500000, 0x0000000707500000, 0x0000000707600000|  0%| F|  |TAMS 0x0000000707500000, 0x0000000707500000| Untracked 
| 100|0x0000000707600000, 0x0000000707600000, 0x0000000707700000|  0%| F|  |TAMS 0x0000000707600000, 0x0000000707600000| Untracked 
| 101|0x0000000707700000, 0x0000000707700000, 0x0000000707800000|  0%| F|  |TAMS 0x0000000707700000, 0x0000000707700000| Untracked 
| 102|0x0000000707800000, 0x0000000707800000, 0x0000000707900000|  0%| F|  |TAMS 0x0000000707800000, 0x0000000707800000| Untracked 
| 103|0x0000000707900000, 0x0000000707900000, 0x0000000707a00000|  0%| F|  |TAMS 0x0000000707900000, 0x0000000707900000| Untracked 
| 104|0x0000000707a00000, 0x0000000707a00000, 0x0000000707b00000|  0%| F|  |TAMS 0x0000000707a00000, 0x0000000707a00000| Untracked 
| 105|0x0000000707b00000, 0x0000000707b00000, 0x0000000707c00000|  0%| F|  |TAMS 0x0000000707b00000, 0x0000000707b00000| Untracked 
| 106|0x0000000707c00000, 0x0000000707c00000, 0x0000000707d00000|  0%| F|  |TAMS 0x0000000707c00000, 0x0000000707c00000| Untracked 
| 107|0x0000000707d00000, 0x0000000707d00000, 0x0000000707e00000|  0%| F|  |TAMS 0x0000000707d00000, 0x0000000707d00000| Untracked 
| 108|0x0000000707e00000, 0x0000000707e00000, 0x0000000707f00000|  0%| F|  |TAMS 0x0000000707e00000, 0x0000000707e00000| Untracked 
| 109|0x0000000707f00000, 0x0000000707f00000, 0x0000000708000000|  0%| F|  |TAMS 0x0000000707f00000, 0x0000000707f00000| Untracked 
| 110|0x0000000708000000, 0x0000000708000000, 0x0000000708100000|  0%| F|  |TAMS 0x0000000708000000, 0x0000000708000000| Untracked 
| 111|0x0000000708100000, 0x0000000708100000, 0x0000000708200000|  0%| F|  |TAMS 0x0000000708100000, 0x0000000708100000| Untracked 
| 112|0x0000000708200000, 0x0000000708200000, 0x0000000708300000|  0%| F|  |TAMS 0x0000000708200000, 0x0000000708200000| Untracked 
| 113|0x0000000708300000, 0x0000000708300000, 0x0000000708400000|  0%| F|  |TAMS 0x0000000708300000, 0x0000000708300000| Untracked 
| 114|0x0000000708400000, 0x0000000708400000, 0x0000000708500000|  0%| F|  |TAMS 0x0000000708400000, 0x0000000708400000| Untracked 
| 115|0x0000000708500000, 0x0000000708500000, 0x0000000708600000|  0%| F|  |TAMS 0x0000000708500000, 0x0000000708500000| Untracked 
| 116|0x0000000708600000, 0x0000000708600000, 0x0000000708700000|  0%| F|  |TAMS 0x0000000708600000, 0x0000000708600000| Untracked 
| 117|0x0000000708700000, 0x0000000708700000, 0x0000000708800000|  0%| F|  |TAMS 0x0000000708700000, 0x0000000708700000| Untracked 
| 118|0x0000000708800000, 0x0000000708800000, 0x0000000708900000|  0%| F|  |TAMS 0x0000000708800000, 0x0000000708800000| Untracked 
| 119|0x0000000708900000, 0x0000000708a00000, 0x0000000708a00000|100%| S|CS|TAMS 0x0000000708900000, 0x0000000708900000| Complete 
| 120|0x0000000708a00000, 0x0000000708b00000, 0x0000000708b00000|100%| S|CS|TAMS 0x0000000708a00000, 0x0000000708a00000| Complete 
| 121|0x0000000708b00000, 0x0000000708c00000, 0x0000000708c00000|100%| S|CS|TAMS 0x0000000708b00000, 0x0000000708b00000| Complete 
| 122|0x0000000708c00000, 0x0000000708d00000, 0x0000000708d00000|100%| S|CS|TAMS 0x0000000708c00000, 0x0000000708c00000| Complete 
| 123|0x0000000708d00000, 0x0000000708e00000, 0x0000000708e00000|100%| S|CS|TAMS 0x0000000708d00000, 0x0000000708d00000| Complete 
| 124|0x0000000708e00000, 0x0000000708f00000, 0x0000000708f00000|100%| S|CS|TAMS 0x0000000708e00000, 0x0000000708e00000| Complete 
| 125|0x0000000708f00000, 0x0000000709000000, 0x0000000709000000|100%| S|CS|TAMS 0x0000000708f00000, 0x0000000708f00000| Complete 
| 126|0x0000000709000000, 0x0000000709100000, 0x0000000709100000|100%| S|CS|TAMS 0x0000000709000000, 0x0000000709000000| Complete 
| 127|0x0000000709100000, 0x0000000709200000, 0x0000000709200000|100%| S|CS|TAMS 0x0000000709100000, 0x0000000709100000| Complete 
| 128|0x0000000709200000, 0x0000000709300000, 0x0000000709300000|100%| S|CS|TAMS 0x0000000709200000, 0x0000000709200000| Complete 
| 129|0x0000000709300000, 0x0000000709300000, 0x0000000709400000|  0%| F|  |TAMS 0x0000000709300000, 0x0000000709300000| Untracked 
| 130|0x0000000709400000, 0x0000000709400000, 0x0000000709500000|  0%| F|  |TAMS 0x0000000709400000, 0x0000000709400000| Untracked 
| 131|0x0000000709500000, 0x0000000709500000, 0x0000000709600000|  0%| F|  |TAMS 0x0000000709500000, 0x0000000709500000| Untracked 
| 132|0x0000000709600000, 0x0000000709600000, 0x0000000709700000|  0%| F|  |TAMS 0x0000000709600000, 0x0000000709600000| Untracked 
| 133|0x0000000709700000, 0x0000000709700000, 0x0000000709800000|  0%| F|  |TAMS 0x0000000709700000, 0x0000000709700000| Untracked 
| 134|0x0000000709800000, 0x0000000709800000, 0x0000000709900000|  0%| F|  |TAMS 0x0000000709800000, 0x0000000709800000| Untracked 
| 135|0x0000000709900000, 0x0000000709900000, 0x0000000709a00000|  0%| F|  |TAMS 0x0000000709900000, 0x0000000709900000| Untracked 
| 136|0x0000000709a00000, 0x0000000709a00000, 0x0000000709b00000|  0%| F|  |TAMS 0x0000000709a00000, 0x0000000709a00000| Untracked 
| 137|0x0000000709b00000, 0x0000000709b00000, 0x0000000709c00000|  0%| F|  |TAMS 0x0000000709b00000, 0x0000000709b00000| Untracked 
| 138|0x0000000709c00000, 0x0000000709c00000, 0x0000000709d00000|  0%| F|  |TAMS 0x0000000709c00000, 0x0000000709c00000| Untracked 
| 139|0x0000000709d00000, 0x0000000709d00000, 0x0000000709e00000|  0%| F|  |TAMS 0x0000000709d00000, 0x0000000709d00000| Untracked 
| 140|0x0000000709e00000, 0x0000000709e00000, 0x0000000709f00000|  0%| F|  |TAMS 0x0000000709e00000, 0x0000000709e00000| Untracked 
| 141|0x0000000709f00000, 0x0000000709f00000, 0x000000070a000000|  0%| F|  |TAMS 0x0000000709f00000, 0x0000000709f00000| Untracked 
| 142|0x000000070a000000, 0x000000070a100000, 0x000000070a100000|100%| S|CS|TAMS 0x000000070a000000, 0x000000070a000000| Complete 
| 143|0x000000070a100000, 0x000000070a100000, 0x000000070a200000|  0%| F|  |TAMS 0x000000070a100000, 0x000000070a100000| Untracked 
| 144|0x000000070a200000, 0x000000070a200000, 0x000000070a300000|  0%| F|  |TAMS 0x000000070a200000, 0x000000070a200000| Untracked 
| 145|0x000000070a300000, 0x000000070a300000, 0x000000070a400000|  0%| F|  |TAMS 0x000000070a300000, 0x000000070a300000| Untracked 
| 146|0x000000070a400000, 0x000000070a400000, 0x000000070a500000|  0%| F|  |TAMS 0x000000070a400000, 0x000000070a400000| Untracked 
| 147|0x000000070a500000, 0x000000070a500000, 0x000000070a600000|  0%| F|  |TAMS 0x000000070a500000, 0x000000070a500000| Untracked 
| 148|0x000000070a600000, 0x000000070a600000, 0x000000070a700000|  0%| F|  |TAMS 0x000000070a600000, 0x000000070a600000| Untracked 
| 149|0x000000070a700000, 0x000000070a700000, 0x000000070a800000|  0%| F|  |TAMS 0x000000070a700000, 0x000000070a700000| Untracked 
| 150|0x000000070a800000, 0x000000070a800000, 0x000000070a900000|  0%| F|  |TAMS 0x000000070a800000, 0x000000070a800000| Untracked 
| 151|0x000000070a900000, 0x000000070a900000, 0x000000070aa00000|  0%| F|  |TAMS 0x000000070a900000, 0x000000070a900000| Untracked 
| 152|0x000000070aa00000, 0x000000070aa00000, 0x000000070ab00000|  0%| F|  |TAMS 0x000000070aa00000, 0x000000070aa00000| Untracked 
| 153|0x000000070ab00000, 0x000000070ab00000, 0x000000070ac00000|  0%| F|  |TAMS 0x000000070ab00000, 0x000000070ab00000| Untracked 
| 154|0x000000070ac00000, 0x000000070ac00000, 0x000000070ad00000|  0%| F|  |TAMS 0x000000070ac00000, 0x000000070ac00000| Untracked 
| 155|0x000000070ad00000, 0x000000070ad00000, 0x000000070ae00000|  0%| F|  |TAMS 0x000000070ad00000, 0x000000070ad00000| Untracked 
| 156|0x000000070ae00000, 0x000000070ae00000, 0x000000070af00000|  0%| F|  |TAMS 0x000000070ae00000, 0x000000070ae00000| Untracked 
| 157|0x000000070af00000, 0x000000070af00000, 0x000000070b000000|  0%| F|  |TAMS 0x000000070af00000, 0x000000070af00000| Untracked 
| 158|0x000000070b000000, 0x000000070b000000, 0x000000070b100000|  0%| F|  |TAMS 0x000000070b000000, 0x000000070b000000| Untracked 
| 159|0x000000070b100000, 0x000000070b100000, 0x000000070b200000|  0%| F|  |TAMS 0x000000070b100000, 0x000000070b100000| Untracked 
| 160|0x000000070b200000, 0x000000070b200000, 0x000000070b300000|  0%| F|  |TAMS 0x000000070b200000, 0x000000070b200000| Untracked 
| 161|0x000000070b300000, 0x000000070b300000, 0x000000070b400000|  0%| F|  |TAMS 0x000000070b300000, 0x000000070b300000| Untracked 
| 162|0x000000070b400000, 0x000000070b400000, 0x000000070b500000|  0%| F|  |TAMS 0x000000070b400000, 0x000000070b400000| Untracked 
| 163|0x000000070b500000, 0x000000070b500000, 0x000000070b600000|  0%| F|  |TAMS 0x000000070b500000, 0x000000070b500000| Untracked 
| 164|0x000000070b600000, 0x000000070b600000, 0x000000070b700000|  0%| F|  |TAMS 0x000000070b600000, 0x000000070b600000| Untracked 
| 165|0x000000070b700000, 0x000000070b700000, 0x000000070b800000|  0%| F|  |TAMS 0x000000070b700000, 0x000000070b700000| Untracked 
| 166|0x000000070b800000, 0x000000070b800000, 0x000000070b900000|  0%| F|  |TAMS 0x000000070b800000, 0x000000070b800000| Untracked 
| 167|0x000000070b900000, 0x000000070b900000, 0x000000070ba00000|  0%| F|  |TAMS 0x000000070b900000, 0x000000070b900000| Untracked 
| 168|0x000000070ba00000, 0x000000070ba00000, 0x000000070bb00000|  0%| F|  |TAMS 0x000000070ba00000, 0x000000070ba00000| Untracked 
| 169|0x000000070bb00000, 0x000000070bb00000, 0x000000070bc00000|  0%| F|  |TAMS 0x000000070bb00000, 0x000000070bb00000| Untracked 
| 170|0x000000070bc00000, 0x000000070bc00000, 0x000000070bd00000|  0%| F|  |TAMS 0x000000070bc00000, 0x000000070bc00000| Untracked 
| 171|0x000000070bd00000, 0x000000070bd00000, 0x000000070be00000|  0%| F|  |TAMS 0x000000070bd00000, 0x000000070bd00000| Untracked 
| 172|0x000000070be00000, 0x000000070be00000, 0x000000070bf00000|  0%| F|  |TAMS 0x000000070be00000, 0x000000070be00000| Untracked 
| 173|0x000000070bf00000, 0x000000070bf00000, 0x000000070c000000|  0%| F|  |TAMS 0x000000070bf00000, 0x000000070bf00000| Untracked 
| 174|0x000000070c000000, 0x000000070c000000, 0x000000070c100000|  0%| F|  |TAMS 0x000000070c000000, 0x000000070c000000| Untracked 
| 175|0x000000070c100000, 0x000000070c100000, 0x000000070c200000|  0%| F|  |TAMS 0x000000070c100000, 0x000000070c100000| Untracked 
| 176|0x000000070c200000, 0x000000070c200000, 0x000000070c300000|  0%| F|  |TAMS 0x000000070c200000, 0x000000070c200000| Untracked 
| 177|0x000000070c300000, 0x000000070c300000, 0x000000070c400000|  0%| F|  |TAMS 0x000000070c300000, 0x000000070c300000| Untracked 
| 178|0x000000070c400000, 0x000000070c400000, 0x000000070c500000|  0%| F|  |TAMS 0x000000070c400000, 0x000000070c400000| Untracked 
| 179|0x000000070c500000, 0x000000070c500000, 0x000000070c600000|  0%| F|  |TAMS 0x000000070c500000, 0x000000070c500000| Untracked 
| 180|0x000000070c600000, 0x000000070c600000, 0x000000070c700000|  0%| F|  |TAMS 0x000000070c600000, 0x000000070c600000| Untracked 
| 181|0x000000070c700000, 0x000000070c700000, 0x000000070c800000|  0%| F|  |TAMS 0x000000070c700000, 0x000000070c700000| Untracked 
| 182|0x000000070c800000, 0x000000070c800000, 0x000000070c900000|  0%| F|  |TAMS 0x000000070c800000, 0x000000070c800000| Untracked 
| 183|0x000000070c900000, 0x000000070c900000, 0x000000070ca00000|  0%| F|  |TAMS 0x000000070c900000, 0x000000070c900000| Untracked 
| 184|0x000000070ca00000, 0x000000070ca00000, 0x000000070cb00000|  0%| F|  |TAMS 0x000000070ca00000, 0x000000070ca00000| Untracked 
| 185|0x000000070cb00000, 0x000000070cb00000, 0x000000070cc00000|  0%| F|  |TAMS 0x000000070cb00000, 0x000000070cb00000| Untracked 
| 186|0x000000070cc00000, 0x000000070cc00000, 0x000000070cd00000|  0%| F|  |TAMS 0x000000070cc00000, 0x000000070cc00000| Untracked 
| 187|0x000000070cd00000, 0x000000070cd00000, 0x000000070ce00000|  0%| F|  |TAMS 0x000000070cd00000, 0x000000070cd00000| Untracked 
| 188|0x000000070ce00000, 0x000000070ce00000, 0x000000070cf00000|  0%| F|  |TAMS 0x000000070ce00000, 0x000000070ce00000| Untracked 
| 189|0x000000070cf00000, 0x000000070cf00000, 0x000000070d000000|  0%| F|  |TAMS 0x000000070cf00000, 0x000000070cf00000| Untracked 
| 190|0x000000070d000000, 0x000000070d000000, 0x000000070d100000|  0%| F|  |TAMS 0x000000070d000000, 0x000000070d000000| Untracked 
| 191|0x000000070d100000, 0x000000070d100000, 0x000000070d200000|  0%| F|  |TAMS 0x000000070d100000, 0x000000070d100000| Untracked 
| 192|0x000000070d200000, 0x000000070d200000, 0x000000070d300000|  0%| F|  |TAMS 0x000000070d200000, 0x000000070d200000| Untracked 
| 193|0x000000070d300000, 0x000000070d300000, 0x000000070d400000|  0%| F|  |TAMS 0x000000070d300000, 0x000000070d300000| Untracked 
| 194|0x000000070d400000, 0x000000070d400000, 0x000000070d500000|  0%| F|  |TAMS 0x000000070d400000, 0x000000070d400000| Untracked 
| 195|0x000000070d500000, 0x000000070d500000, 0x000000070d600000|  0%| F|  |TAMS 0x000000070d500000, 0x000000070d500000| Untracked 
| 196|0x000000070d600000, 0x000000070d600000, 0x000000070d700000|  0%| F|  |TAMS 0x000000070d600000, 0x000000070d600000| Untracked 
| 197|0x000000070d700000, 0x000000070d700000, 0x000000070d800000|  0%| F|  |TAMS 0x000000070d700000, 0x000000070d700000| Untracked 
| 198|0x000000070d800000, 0x000000070d800000, 0x000000070d900000|  0%| F|  |TAMS 0x000000070d800000, 0x000000070d800000| Untracked 
| 199|0x000000070d900000, 0x000000070d900000, 0x000000070da00000|  0%| F|  |TAMS 0x000000070d900000, 0x000000070d900000| Untracked 
| 200|0x000000070da00000, 0x000000070da00000, 0x000000070db00000|  0%| F|  |TAMS 0x000000070da00000, 0x000000070da00000| Untracked 
| 201|0x000000070db00000, 0x000000070db00000, 0x000000070dc00000|  0%| F|  |TAMS 0x000000070db00000, 0x000000070db00000| Untracked 
| 202|0x000000070dc00000, 0x000000070dc00000, 0x000000070dd00000|  0%| F|  |TAMS 0x000000070dc00000, 0x000000070dc00000| Untracked 
| 203|0x000000070dd00000, 0x000000070dd00000, 0x000000070de00000|  0%| F|  |TAMS 0x000000070dd00000, 0x000000070dd00000| Untracked 
| 204|0x000000070de00000, 0x000000070de00000, 0x000000070df00000|  0%| F|  |TAMS 0x000000070de00000, 0x000000070de00000| Untracked 
| 205|0x000000070df00000, 0x000000070df00000, 0x000000070e000000|  0%| F|  |TAMS 0x000000070df00000, 0x000000070df00000| Untracked 
| 206|0x000000070e000000, 0x000000070e000000, 0x000000070e100000|  0%| F|  |TAMS 0x000000070e000000, 0x000000070e000000| Untracked 
| 207|0x000000070e100000, 0x000000070e100000, 0x000000070e200000|  0%| F|  |TAMS 0x000000070e100000, 0x000000070e100000| Untracked 
| 208|0x000000070e200000, 0x000000070e200000, 0x000000070e300000|  0%| F|  |TAMS 0x000000070e200000, 0x000000070e200000| Untracked 
| 209|0x000000070e300000, 0x000000070e300000, 0x000000070e400000|  0%| F|  |TAMS 0x000000070e300000, 0x000000070e300000| Untracked 
| 210|0x000000070e400000, 0x000000070e400000, 0x000000070e500000|  0%| F|  |TAMS 0x000000070e400000, 0x000000070e400000| Untracked 
| 211|0x000000070e500000, 0x000000070e500000, 0x000000070e600000|  0%| F|  |TAMS 0x000000070e500000, 0x000000070e500000| Untracked 
| 212|0x000000070e600000, 0x000000070e600000, 0x000000070e700000|  0%| F|  |TAMS 0x000000070e600000, 0x000000070e600000| Untracked 
| 213|0x000000070e700000, 0x000000070e700000, 0x000000070e800000|  0%| F|  |TAMS 0x000000070e700000, 0x000000070e700000| Untracked 
| 214|0x000000070e800000, 0x000000070e800000, 0x000000070e900000|  0%| F|  |TAMS 0x000000070e800000, 0x000000070e800000| Untracked 
| 215|0x000000070e900000, 0x000000070e900000, 0x000000070ea00000|  0%| F|  |TAMS 0x000000070e900000, 0x000000070e900000| Untracked 
| 216|0x000000070ea00000, 0x000000070ea00000, 0x000000070eb00000|  0%| F|  |TAMS 0x000000070ea00000, 0x000000070ea00000| Untracked 
| 217|0x000000070eb00000, 0x000000070eb00000, 0x000000070ec00000|  0%| F|  |TAMS 0x000000070eb00000, 0x000000070eb00000| Untracked 
| 218|0x000000070ec00000, 0x000000070ec00000, 0x000000070ed00000|  0%| F|  |TAMS 0x000000070ec00000, 0x000000070ec00000| Untracked 
| 219|0x000000070ed00000, 0x000000070ed00000, 0x000000070ee00000|  0%| F|  |TAMS 0x000000070ed00000, 0x000000070ed00000| Untracked 
| 220|0x000000070ee00000, 0x000000070ee00000, 0x000000070ef00000|  0%| F|  |TAMS 0x000000070ee00000, 0x000000070ee00000| Untracked 
| 221|0x000000070ef00000, 0x000000070ef00000, 0x000000070f000000|  0%| F|  |TAMS 0x000000070ef00000, 0x000000070ef00000| Untracked 
| 222|0x000000070f000000, 0x000000070f000000, 0x000000070f100000|  0%| F|  |TAMS 0x000000070f000000, 0x000000070f000000| Untracked 
| 223|0x000000070f100000, 0x000000070f100000, 0x000000070f200000|  0%| F|  |TAMS 0x000000070f100000, 0x000000070f100000| Untracked 
| 224|0x000000070f200000, 0x000000070f200000, 0x000000070f300000|  0%| F|  |TAMS 0x000000070f200000, 0x000000070f200000| Untracked 
| 225|0x000000070f300000, 0x000000070f300000, 0x000000070f400000|  0%| F|  |TAMS 0x000000070f300000, 0x000000070f300000| Untracked 
| 226|0x000000070f400000, 0x000000070f500000, 0x000000070f500000|100%| E|  |TAMS 0x000000070f400000, 0x000000070f400000| Complete 
| 227|0x000000070f500000, 0x000000070f600000, 0x000000070f600000|100%| E|CS|TAMS 0x000000070f500000, 0x000000070f500000| Complete 
| 228|0x000000070f600000, 0x000000070f700000, 0x000000070f700000|100%| E|CS|TAMS 0x000000070f600000, 0x000000070f600000| Complete 
| 229|0x000000070f700000, 0x000000070f800000, 0x000000070f800000|100%| E|CS|TAMS 0x000000070f700000, 0x000000070f700000| Complete 
| 230|0x000000070f800000, 0x000000070f900000, 0x000000070f900000|100%| E|CS|TAMS 0x000000070f800000, 0x000000070f800000| Complete 
| 231|0x000000070f900000, 0x000000070fa00000, 0x000000070fa00000|100%| E|CS|TAMS 0x000000070f900000, 0x000000070f900000| Complete 
| 232|0x000000070fa00000, 0x000000070fb00000, 0x000000070fb00000|100%| E|CS|TAMS 0x000000070fa00000, 0x000000070fa00000| Complete 
| 233|0x000000070fb00000, 0x000000070fc00000, 0x000000070fc00000|100%| E|CS|TAMS 0x000000070fb00000, 0x000000070fb00000| Complete 
| 234|0x000000070fc00000, 0x000000070fd00000, 0x000000070fd00000|100%| E|CS|TAMS 0x000000070fc00000, 0x000000070fc00000| Complete 
| 235|0x000000070fd00000, 0x000000070fe00000, 0x000000070fe00000|100%| E|CS|TAMS 0x000000070fd00000, 0x000000070fd00000| Complete 
| 236|0x000000070fe00000, 0x000000070ff00000, 0x000000070ff00000|100%| E|CS|TAMS 0x000000070fe00000, 0x000000070fe00000| Complete 
| 237|0x000000070ff00000, 0x0000000710000000, 0x0000000710000000|100%| E|CS|TAMS 0x000000070ff00000, 0x000000070ff00000| Complete 
| 238|0x0000000710000000, 0x0000000710100000, 0x0000000710100000|100%| E|CS|TAMS 0x0000000710000000, 0x0000000710000000| Complete 
| 239|0x0000000710100000, 0x0000000710200000, 0x0000000710200000|100%| E|CS|TAMS 0x0000000710100000, 0x0000000710100000| Complete 
| 240|0x0000000710200000, 0x0000000710300000, 0x0000000710300000|100%| E|CS|TAMS 0x0000000710200000, 0x0000000710200000| Complete 
| 241|0x0000000710300000, 0x0000000710400000, 0x0000000710400000|100%| E|CS|TAMS 0x0000000710300000, 0x0000000710300000| Complete 
| 242|0x0000000710400000, 0x0000000710500000, 0x0000000710500000|100%| E|CS|TAMS 0x0000000710400000, 0x0000000710400000| Complete 
| 243|0x0000000710500000, 0x0000000710600000, 0x0000000710600000|100%| E|CS|TAMS 0x0000000710500000, 0x0000000710500000| Complete 
| 244|0x0000000710600000, 0x0000000710700000, 0x0000000710700000|100%| E|CS|TAMS 0x0000000710600000, 0x0000000710600000| Complete 
| 245|0x0000000710700000, 0x0000000710800000, 0x0000000710800000|100%| E|CS|TAMS 0x0000000710700000, 0x0000000710700000| Complete 
| 246|0x0000000710800000, 0x0000000710900000, 0x0000000710900000|100%| E|CS|TAMS 0x0000000710800000, 0x0000000710800000| Complete 
| 247|0x0000000710900000, 0x0000000710a00000, 0x0000000710a00000|100%| E|CS|TAMS 0x0000000710900000, 0x0000000710900000| Complete 
| 248|0x0000000710a00000, 0x0000000710b00000, 0x0000000710b00000|100%| E|CS|TAMS 0x0000000710a00000, 0x0000000710a00000| Complete 
| 249|0x0000000710b00000, 0x0000000710c00000, 0x0000000710c00000|100%| E|CS|TAMS 0x0000000710b00000, 0x0000000710b00000| Complete 
| 250|0x0000000710c00000, 0x0000000710d00000, 0x0000000710d00000|100%| E|CS|TAMS 0x0000000710c00000, 0x0000000710c00000| Complete 
| 251|0x0000000710d00000, 0x0000000710e00000, 0x0000000710e00000|100%| E|CS|TAMS 0x0000000710d00000, 0x0000000710d00000| Complete 
| 252|0x0000000710e00000, 0x0000000710f00000, 0x0000000710f00000|100%| E|CS|TAMS 0x0000000710e00000, 0x0000000710e00000| Complete 
| 253|0x0000000710f00000, 0x0000000711000000, 0x0000000711000000|100%| E|CS|TAMS 0x0000000710f00000, 0x0000000710f00000| Complete 
| 254|0x0000000711000000, 0x0000000711100000, 0x0000000711100000|100%| E|CS|TAMS 0x0000000711000000, 0x0000000711000000| Complete 
| 255|0x0000000711100000, 0x0000000711200000, 0x0000000711200000|100%| E|CS|TAMS 0x0000000711100000, 0x0000000711100000| Complete 

Card table byte_map: [0x0000016641660000,0x0000016641e60000] _byte_map_base: 0x000001663de57000

Marking Bits (Prev, Next): (CMBitMap*) 0x0000016629532198, (CMBitMap*) 0x00000166295321d0
 Prev Bits: [0x0000016642660000, 0x0000016646618000)
 Next Bits: [0x0000016646620000, 0x000001664a5d8000)

Polling page: 0x00000166271c0000

Metaspace:

Usage:
  Non-class:     34.59 MB capacity,    34.05 MB ( 98%) used,   475.56 KB (  1%) free+waste,    81.94 KB ( <1%) overhead. 
      Class:      4.14 MB capacity,     3.82 MB ( 92%) used,   294.48 KB (  7%) free+waste,    32.88 KB ( <1%) overhead. 
       Both:     38.73 MB capacity,    37.86 MB ( 98%) used,   770.04 KB (  2%) free+waste,   114.81 KB ( <1%) overhead. 

Virtual space:
  Non-class space:       36.00 MB reserved,      34.83 MB ( 97%) committed 
      Class space:        1.00 GB reserved,       4.25 MB ( <1%) committed 
             Both:        1.04 GB reserved,      39.08 MB (  4%) committed 

Chunk freelists:
   Non-Class:  51.00 KB
       Class:  0 bytes
        Both:  51.00 KB

MaxMetaspaceSize: 17179869184.00 GB
CompressedClassSpaceSize: 1.00 GB

CodeHeap 'non-profiled nmethods': size=120000Kb used=6695Kb max_used=6695Kb free=113304Kb
 bounds [0x00000166395f0000, 0x0000016639c80000, 0x0000016640b20000]
CodeHeap 'profiled nmethods': size=120000Kb used=24131Kb max_used=24131Kb free=95868Kb
 bounds [0x00000166320c0000, 0x0000016633860000, 0x00000166395f0000]
CodeHeap 'non-nmethods': size=5760Kb used=1156Kb max_used=1231Kb free=4603Kb
 bounds [0x0000016631b20000, 0x0000016631d90000, 0x00000166320c0000]
 total_blobs=12534 nmethods=8995 adapters=393
 compilation: enabled
              stopped_count=0, restarted_count=0
 full_count=0

Compilation events (20 events):
Event: 21657.797 Thread 0x000001664da6e800 9293       2       com.sun.tools.javac.comp.Resolve$MostSpecificCheck$MostSpecificCheckContext::compatibleBySubtyping (86 bytes)
Event: 21657.798 Thread 0x000001664da6e800 nmethod 9293 0x000001663382d890 code [0x000001663382dae0, 0x000001663382e050]
Event: 21657.800 Thread 0x00000166500fa000 nmethod 9227 0x0000016639c47210 code [0x0000016639c479a0, 0x0000016639c4d938]
Event: 21657.800 Thread 0x00000166500fa000 9251       4       com.sun.tools.javac.code.Scope$ScopeImpl::remove (179 bytes)
Event: 21665.339 Thread 0x000001664da6e800 9294       2       java.util.AbstractQueue::remove (19 bytes)
Event: 21665.339 Thread 0x000001664da6e800 nmethod 9294 0x000001663382e510 code [0x000001663382e6e0, 0x000001663382e940]
Event: 21665.344 Thread 0x000001664da6e800 9296   !   2       com.sun.tools.javac.comp.Attr::visitLambda (1112 bytes)
Event: 21665.354 Thread 0x00000166500fa000 nmethod 9251 0x0000016639c50410 code [0x0000016639c505e0, 0x0000016639c50d48]
Event: 21665.354 Thread 0x00000166500fa000 9285       4       com.sun.tools.javac.comp.Check::checkType (168 bytes)
Event: 21665.357 Thread 0x000001664da6e800 nmethod 9296 0x000001663382ea90 code [0x000001663382f240, 0x0000016633833ea0]
Event: 21665.357 Thread 0x000001664da6e800 9298       2       com.sun.tools.javac.comp.LambdaToMethod$LambdaAnalyzerPreprocessor::owner (275 bytes)
Event: 21665.358 Thread 0x000001664da6e800 nmethod 9298 0x0000016633837910 code [0x0000016633837ba0, 0x0000016633838600]
Event: 21665.358 Thread 0x000001664da6e800 9297       2       com.sun.tools.javac.comp.LambdaToMethod$LambdaAnalyzerPreprocessor$TranslationContext::<init> (95 bytes)
Event: 21665.359 Thread 0x000001664da6e800 nmethod 9297 0x0000016633838d10 code [0x0000016633838f20, 0x00000166338393d0]
Event: 32048.084 Thread 0x00000166506b9800 nmethod 9206 0x0000016639c51310 code [0x0000016639c51920, 0x0000016639c57370]
Event: 32048.085 Thread 0x00000166506b9800 9213       4       com.sun.tools.javac.code.Symtab::getPackage (26 bytes)
Event: 32048.096 Thread 0x00000166506b9800 nmethod 9213 0x0000016639c5a910 code [0x0000016639c5ab00, 0x0000016639c5b108]
Event: 32048.262 Thread 0x00000166500fa000 nmethod 9285 0x0000016639c5b610 code [0x0000016639c5bc00, 0x0000016639c62ef0]
Event: 32049.391 Thread 0x00000166506b9800 9299       4       com.sun.tools.javac.code.Type$UndetVar::getBounds (60 bytes)
Event: 32049.420 Thread 0x00000166506b9800 nmethod 9299 0x0000016639c65710 code [0x0000016639c65900, 0x0000016639c66628]

GC Heap History (12 events):
Event: 7.502 GC heap before
{Heap before GC invocations=0 (full 0):
 garbage-first heap   total 262144K, used 23552K [0x0000000701200000, 0x0000000800000000)
  region size 1024K, 24 young (24576K), 0 survivors (0K)
 Metaspace       used 12531K, capacity 12661K, committed 12928K, reserved 1060864K
  class space    used 1267K, capacity 1348K, committed 1408K, reserved 1048576K
}
Event: 7.511 GC heap after
{Heap after GC invocations=1 (full 0):
 garbage-first heap   total 262144K, used 3494K [0x0000000701200000, 0x0000000800000000)
  region size 1024K, 3 young (3072K), 3 survivors (3072K)
 Metaspace       used 12531K, capacity 12661K, committed 12928K, reserved 1060864K
  class space    used 1267K, capacity 1348K, committed 1408K, reserved 1048576K
}
Event: 16.009 GC heap before
{Heap before GC invocations=1 (full 0):
 garbage-first heap   total 262144K, used 98726K [0x0000000701200000, 0x0000000800000000)
  region size 1024K, 97 young (99328K), 3 survivors (3072K)
 Metaspace       used 20831K, capacity 21110K, committed 21296K, reserved 1069056K
  class space    used 2201K, capacity 2315K, committed 2432K, reserved 1048576K
}
Event: 16.042 GC heap after
{Heap after GC invocations=2 (full 0):
 garbage-first heap   total 262144K, used 11751K [0x0000000701200000, 0x0000000800000000)
  region size 1024K, 12 young (12288K), 12 survivors (12288K)
 Metaspace       used 20831K, capacity 21110K, committed 21296K, reserved 1069056K
  class space    used 2201K, capacity 2315K, committed 2432K, reserved 1048576K
}
Event: 31.877 GC heap before
{Heap before GC invocations=3 (full 0):
 garbage-first heap   total 262144K, used 106983K [0x0000000701200000, 0x0000000800000000)
  region size 1024K, 105 young (107520K), 12 survivors (12288K)
 Metaspace       used 23564K, capacity 24064K, committed 24368K, reserved 1071104K
  class space    used 2430K, capacity 2641K, committed 2688K, reserved 1048576K
}
Event: 31.906 GC heap after
{Heap after GC invocations=4 (full 0):
 garbage-first heap   total 262144K, used 17577K [0x0000000701200000, 0x0000000800000000)
  region size 1024K, 6 young (6144K), 6 survivors (6144K)
 Metaspace       used 23564K, capacity 24064K, committed 24368K, reserved 1071104K
  class space    used 2430K, capacity 2641K, committed 2688K, reserved 1048576K
}
Event: 21639.876 GC heap before
{Heap before GC invocations=4 (full 0):
 garbage-first heap   total 262144K, used 113833K [0x0000000701200000, 0x0000000800000000)
  region size 1024K, 98 young (100352K), 6 survivors (6144K)
 Metaspace       used 35057K, capacity 35783K, committed 35920K, reserved 1081344K
  class space    used 3700K, capacity 4006K, committed 4096K, reserved 1048576K
}
Event: 21639.970 GC heap after
{Heap after GC invocations=5 (full 0):
 garbage-first heap   total 262144K, used 36570K [0x0000000701200000, 0x0000000800000000)
  region size 1024K, 15 young (15360K), 15 survivors (15360K)
 Metaspace       used 35057K, capacity 35783K, committed 35920K, reserved 1081344K
  class space    used 3700K, capacity 4006K, committed 4096K, reserved 1048576K
}
Event: 21647.219 GC heap before
{Heap before GC invocations=6 (full 0):
 garbage-first heap   total 262144K, used 138970K [0x0000000701200000, 0x0000000800000000)
  region size 1024K, 114 young (116736K), 15 survivors (15360K)
 Metaspace       used 36655K, capacity 37446K, committed 37584K, reserved 1083392K
  class space    used 3762K, capacity 4103K, committed 4224K, reserved 1048576K
}
Event: 21647.254 GC heap after
{Heap after GC invocations=7 (full 0):
 garbage-first heap   total 262144K, used 50580K [0x0000000701200000, 0x0000000800000000)
  region size 1024K, 13 young (13312K), 13 survivors (13312K)
 Metaspace       used 36655K, capacity 37446K, committed 37584K, reserved 1083392K
  class space    used 3762K, capacity 4103K, committed 4224K, reserved 1048576K
}
Event: 21657.255 GC heap before
{Heap before GC invocations=7 (full 0):
 garbage-first heap   total 262144K, used 167316K [0x0000000701200000, 0x0000000800000000)
  region size 1024K, 126 young (129024K), 13 survivors (13312K)
 Metaspace       used 38696K, capacity 39587K, committed 39760K, reserved 1085440K
  class space    used 3907K, capacity 4235K, committed 4352K, reserved 1048576K
}
Event: 21657.275 GC heap after
{Heap after GC invocations=8 (full 0):
 garbage-first heap   total 262144K, used 56189K [0x0000000701200000, 0x0000000800000000)
  region size 1024K, 11 young (11264K), 11 survivors (11264K)
 Metaspace       used 38696K, capacity 39587K, committed 39760K, reserved 1085440K
  class space    used 3907K, capacity 4235K, committed 4352K, reserved 1048576K
}

Deoptimization events (20 events):
Event: 21657.631 Thread 0x00000166294d0800 DEOPT PACKING pc=0x0000016639b3b3b8 sp=0x00000001997fc6d0
Event: 21657.631 Thread 0x00000166294d0800 DEOPT UNPACKING pc=0x0000016631b491af sp=0x00000001997fc668 mode 2
Event: 21657.631 Thread 0x00000166294d0800 Uncommon trap: trap_request=0xffffffc6 fr.pc=0x0000016639b3b3b8 relative=0x0000000000000478
Event: 21657.631 Thread 0x00000166294d0800 Uncommon trap: reason=bimorphic_or_optimized_type_check action=maybe_recompile pc=0x0000016639b3b3b8 method=com.sun.tools.javac.code.Symbol.isAccessibleIn(Lcom/sun/tools/javac/code/Symbol;Lcom/sun/tools/javac/code/Types;)Z @ 80 c2
Event: 21657.631 Thread 0x00000166294d0800 DEOPT PACKING pc=0x0000016639b3b3b8 sp=0x00000001997fc6d0
Event: 21657.631 Thread 0x00000166294d0800 DEOPT UNPACKING pc=0x0000016631b491af sp=0x00000001997fc668 mode 2
Event: 21657.631 Thread 0x00000166294d0800 Uncommon trap: trap_request=0xffffffc6 fr.pc=0x0000016639b3b3b8 relative=0x0000000000000478
Event: 21657.631 Thread 0x00000166294d0800 Uncommon trap: reason=bimorphic_or_optimized_type_check action=maybe_recompile pc=0x0000016639b3b3b8 method=com.sun.tools.javac.code.Symbol.isAccessibleIn(Lcom/sun/tools/javac/code/Symbol;Lcom/sun/tools/javac/code/Types;)Z @ 80 c2
Event: 21657.631 Thread 0x00000166294d0800 DEOPT PACKING pc=0x0000016639b3b3b8 sp=0x00000001997fc6d0
Event: 21657.631 Thread 0x00000166294d0800 DEOPT UNPACKING pc=0x0000016631b491af sp=0x00000001997fc668 mode 2
Event: 21657.637 Thread 0x00000166294d0800 Uncommon trap: trap_request=0xffffffc6 fr.pc=0x0000016639b3b3b8 relative=0x0000000000000478
Event: 21657.637 Thread 0x00000166294d0800 Uncommon trap: reason=bimorphic_or_optimized_type_check action=maybe_recompile pc=0x0000016639b3b3b8 method=com.sun.tools.javac.code.Symbol.isAccessibleIn(Lcom/sun/tools/javac/code/Symbol;Lcom/sun/tools/javac/code/Types;)Z @ 80 c2
Event: 21657.637 Thread 0x00000166294d0800 DEOPT PACKING pc=0x0000016639b3b3b8 sp=0x00000001997fc2c0
Event: 21657.637 Thread 0x00000166294d0800 DEOPT UNPACKING pc=0x0000016631b491af sp=0x00000001997fc258 mode 2
Event: 21657.730 Thread 0x00000166294d0800 Uncommon trap: trap_request=0xffffffde fr.pc=0x0000016639a47de0 relative=0x0000000000005d80
Event: 21657.730 Thread 0x00000166294d0800 Uncommon trap: reason=class_check action=maybe_recompile pc=0x0000016639a47de0 method=com.sun.tools.javac.comp.Check.checkType(Lcom/sun/tools/javac/util/JCDiagnostic$DiagnosticPosition;Lcom/sun/tools/javac/code/Type;Lcom/sun/tools/javac/code/Type;Lcom/sun
Event: 21657.730 Thread 0x00000166294d0800 DEOPT PACKING pc=0x0000016639a47de0 sp=0x00000001997fb760
Event: 21657.730 Thread 0x00000166294d0800 DEOPT UNPACKING pc=0x0000016631b491af sp=0x00000001997fb7b0 mode 2
Event: 21657.742 Thread 0x00000166294d0800 DEOPT PACKING pc=0x0000016632efb1c6 sp=0x00000001997fbbc0
Event: 21657.742 Thread 0x00000166294d0800 DEOPT UNPACKING pc=0x0000016631b48fce sp=0x00000001997fb0c0 mode 0

Classes redefined (0 events):
No events

Internal exceptions (20 events):
Event: 21657.758 Thread 0x00000166294d0800 Exception <a 'sun/nio/fs/WindowsException'{0x00000007103d6050}> (0x00000007103d6050) thrown at [c:/cygwin64/tmp/openjdk-jdk11u-windows-x64-hotspot/workspace/build/src/src/hotspot/share/prims/jni.cpp, line 615]
Event: 21657.758 Thread 0x00000166294d0800 Exception <a 'sun/nio/fs/WindowsException'{0x00000007103d6380}> (0x00000007103d6380) thrown at [c:/cygwin64/tmp/openjdk-jdk11u-windows-x64-hotspot/workspace/build/src/src/hotspot/share/prims/jni.cpp, line 615]
Event: 21657.758 Thread 0x00000166294d0800 Exception <a 'sun/nio/fs/WindowsException'{0x00000007103d7e30}> (0x00000007103d7e30) thrown at [c:/cygwin64/tmp/openjdk-jdk11u-windows-x64-hotspot/workspace/build/src/src/hotspot/share/prims/jni.cpp, line 615]
Event: 21657.758 Thread 0x00000166294d0800 Exception <a 'sun/nio/fs/WindowsException'{0x00000007103d8220}> (0x00000007103d8220) thrown at [c:/cygwin64/tmp/openjdk-jdk11u-windows-x64-hotspot/workspace/build/src/src/hotspot/share/prims/jni.cpp, line 615]
Event: 21657.764 Thread 0x00000166294d0800 Exception <a 'sun/nio/fs/WindowsException'{0x0000000710226690}> (0x0000000710226690) thrown at [c:/cygwin64/tmp/openjdk-jdk11u-windows-x64-hotspot/workspace/build/src/src/hotspot/share/prims/jni.cpp, line 615]
Event: 21657.764 Thread 0x00000166294d0800 Exception <a 'sun/nio/fs/WindowsException'{0x0000000710226a00}> (0x0000000710226a00) thrown at [c:/cygwin64/tmp/openjdk-jdk11u-windows-x64-hotspot/workspace/build/src/src/hotspot/share/prims/jni.cpp, line 615]
Event: 21657.764 Thread 0x00000166294d0800 Exception <a 'sun/nio/fs/WindowsException'{0x0000000710228418}> (0x0000000710228418) thrown at [c:/cygwin64/tmp/openjdk-jdk11u-windows-x64-hotspot/workspace/build/src/src/hotspot/share/prims/jni.cpp, line 615]
Event: 21657.764 Thread 0x00000166294d0800 Exception <a 'sun/nio/fs/WindowsException'{0x0000000710228768}> (0x0000000710228768) thrown at [c:/cygwin64/tmp/openjdk-jdk11u-windows-x64-hotspot/workspace/build/src/src/hotspot/share/prims/jni.cpp, line 615]
Event: 21657.765 Thread 0x00000166294d0800 Exception <a 'sun/nio/fs/WindowsException'{0x000000071022bd00}> (0x000000071022bd00) thrown at [c:/cygwin64/tmp/openjdk-jdk11u-windows-x64-hotspot/workspace/build/src/src/hotspot/share/prims/jni.cpp, line 615]
Event: 21657.765 Thread 0x00000166294d0800 Exception <a 'sun/nio/fs/WindowsException'{0x000000071022bf70}> (0x000000071022bf70) thrown at [c:/cygwin64/tmp/openjdk-jdk11u-windows-x64-hotspot/workspace/build/src/src/hotspot/share/prims/jni.cpp, line 615]
Event: 21657.765 Thread 0x00000166294d0800 Exception <a 'sun/nio/fs/WindowsException'{0x0000000710231360}> (0x0000000710231360) thrown at [c:/cygwin64/tmp/openjdk-jdk11u-windows-x64-hotspot/workspace/build/src/src/hotspot/share/prims/jni.cpp, line 615]
Event: 21657.765 Thread 0x00000166294d0800 Exception <a 'sun/nio/fs/WindowsException'{0x00000007102316b0}> (0x00000007102316b0) thrown at [c:/cygwin64/tmp/openjdk-jdk11u-windows-x64-hotspot/workspace/build/src/src/hotspot/share/prims/jni.cpp, line 615]
Event: 21657.765 Thread 0x00000166294d0800 Exception <a 'sun/nio/fs/WindowsException'{0x0000000710233188}> (0x0000000710233188) thrown at [c:/cygwin64/tmp/openjdk-jdk11u-windows-x64-hotspot/workspace/build/src/src/hotspot/share/prims/jni.cpp, line 615]
Event: 21657.765 Thread 0x00000166294d0800 Exception <a 'sun/nio/fs/WindowsException'{0x0000000710233598}> (0x0000000710233598) thrown at [c:/cygwin64/tmp/openjdk-jdk11u-windows-x64-hotspot/workspace/build/src/src/hotspot/share/prims/jni.cpp, line 615]
Event: 21657.777 Thread 0x00000166294d0800 Exception <a 'sun/nio/fs/WindowsException'{0x000000071012d120}> (0x000000071012d120) thrown at [c:/cygwin64/tmp/openjdk-jdk11u-windows-x64-hotspot/workspace/build/src/src/hotspot/share/prims/jni.cpp, line 615]
Event: 21657.801 Thread 0x00000166294d0800 Exception <a 'sun/nio/fs/WindowsException'{0x000000070fd6b1a0}> (0x000000070fd6b1a0) thrown at [c:/cygwin64/tmp/openjdk-jdk11u-windows-x64-hotspot/workspace/build/src/src/hotspot/share/prims/jni.cpp, line 615]
Event: 21657.811 Thread 0x00000166294d0800 Exception <a 'sun/nio/fs/WindowsException'{0x000000070fc95948}> (0x000000070fc95948) thrown at [c:/cygwin64/tmp/openjdk-jdk11u-windows-x64-hotspot/workspace/build/src/src/hotspot/share/prims/jni.cpp, line 615]
Event: 21657.814 Thread 0x00000166294d0800 Exception <a 'sun/nio/fs/WindowsException'{0x000000070fca0b00}> (0x000000070fca0b00) thrown at [c:/cygwin64/tmp/openjdk-jdk11u-windows-x64-hotspot/workspace/build/src/src/hotspot/share/prims/jni.cpp, line 615]
Event: 21665.351 Thread 0x00000166294d0800 Exception <a 'sun/nio/fs/WindowsException'{0x000000070fb66ce8}> (0x000000070fb66ce8) thrown at [c:/cygwin64/tmp/openjdk-jdk11u-windows-x64-hotspot/workspace/build/src/src/hotspot/share/prims/jni.cpp, line 615]
Event: 32049.409 Thread 0x00000166294d0800 Exception <a 'sun/nio/fs/WindowsException'{0x000000070fb87318}> (0x000000070fb87318) thrown at [c:/cygwin64/tmp/openjdk-jdk11u-windows-x64-hotspot/workspace/build/src/src/hotspot/share/prims/jni.cpp, line 615]

Events (20 events):
Event: 21655.889 Executing VM operation: Deoptimize done
Event: 21655.890 loading class java/util/stream/DistinctOps$1$2
Event: 21655.890 loading class java/util/stream/DistinctOps$1$2 done
Event: 21655.893 loading class jdk/internal/module/ModuleReferences
Event: 21655.893 Thread 0x00000166506b9800 Thread added: 0x00000166506b9800
Event: 21655.893 loading class jdk/internal/module/ModuleReferences done
Event: 21655.894 Thread 0x00000166500fa000 Thread added: 0x00000166500fa000
Event: 21655.895 loading class java/util/ImmutableCollections$Map1
Event: 21655.895 loading class java/util/ImmutableCollections$Map1 done
Event: 21656.539 loading class com/sun/tools/javac/code/Symbol$ModuleSymbol
Event: 21656.539 loading class com/sun/tools/javac/code/Symbol$ModuleSymbol done
Event: 21656.540 loading class com/sun/tools/javac/code/Symbol$ModuleSymbol
Event: 21656.540 loading class com/sun/tools/javac/code/Symbol$ModuleSymbol done
Event: 21656.542 loading class com/sun/tools/javac/code/Directive$ExportsDirective
Event: 21656.542 loading class com/sun/tools/javac/code/Directive$ExportsDirective done
Event: 21656.542 loading class com/sun/tools/javac/code/Directive$ExportsDirective
Event: 21656.542 loading class com/sun/tools/javac/code/Directive$ExportsDirective done
Event: 21657.254 Executing VM operation: G1CollectForAllocation
Event: 21657.275 Executing VM operation: G1CollectForAllocation done
Event: 32049.391 Thread 0x00000166500fa000 Thread exited: 0x00000166500fa000


Dynamic libraries:
0x00007ff73ba60000 - 0x00007ff73ba6d000 	C:\Users\hetanwar\OpenJDK11U-jdk_x64_windows_hotspot_11.0.6_10\jdk-11.0.6.10\bin\java.exe
0x00007ff9d4260000 - 0x00007ff9d4450000 	C:\WINDOWS\SYSTEM32\ntdll.dll
0x00007ff9d29d0000 - 0x00007ff9d2a82000 	C:\WINDOWS\System32\KERNEL32.DLL
0x00007ff9d1f40000 - 0x00007ff9d21e4000 	C:\WINDOWS\System32\KERNELBASE.dll
0x00007ff9d11f0000 - 0x00007ff9d12ea000 	C:\WINDOWS\System32\ucrtbase.dll
0x00007ff9c5cf0000 - 0x00007ff9c5d06000 	C:\Users\hetanwar\OpenJDK11U-jdk_x64_windows_hotspot_11.0.6_10\jdk-11.0.6.10\bin\VCRUNTIME140.dll
0x00007ff9c4dc0000 - 0x00007ff9c4dd7000 	C:\Users\hetanwar\OpenJDK11U-jdk_x64_windows_hotspot_11.0.6_10\jdk-11.0.6.10\bin\jli.dll
0x00007ff9d3910000 - 0x00007ff9d3aa4000 	C:\WINDOWS\System32\USER32.dll
0x00007ff9bc120000 - 0x00007ff9bc3a4000 	C:\WINDOWS\WinSxS\amd64_microsoft.windows.common-controls_6595b64144ccf1df_6.0.18362.836_none_e6c4b943130f18ed\COMCTL32.dll
0x00007ff9d2d90000 - 0x00007ff9d2e2e000 	C:\WINDOWS\System32\msvcrt.dll
0x00007ff9d12f0000 - 0x00007ff9d1311000 	C:\WINDOWS\System32\win32u.dll
0x00007ff9d3520000 - 0x00007ff9d3546000 	C:\WINDOWS\System32\GDI32.dll
0x00007ff9d3bf0000 - 0x00007ff9d3f26000 	C:\WINDOWS\System32\combase.dll
0x00007ff9d1320000 - 0x00007ff9d14b4000 	C:\WINDOWS\System32\gdi32full.dll
0x00007ff9d3740000 - 0x00007ff9d3860000 	C:\WINDOWS\System32\RPCRT4.dll
0x00007ff9d2270000 - 0x00007ff9d230e000 	C:\WINDOWS\System32\msvcp_win.dll
0x00007ff9d21f0000 - 0x00007ff9d2270000 	C:\WINDOWS\System32\bcryptPrimitives.dll
0x00007ff9d2cb0000 - 0x00007ff9d2cde000 	C:\WINDOWS\System32\IMM32.DLL
0x00007ff9a26d0000 - 0x00007ff9a276b000 	C:\Users\hetanwar\OpenJDK11U-jdk_x64_windows_hotspot_11.0.6_10\jdk-11.0.6.10\bin\msvcp140.dll
0x00007ff972780000 - 0x00007ff97323c000 	C:\Users\hetanwar\OpenJDK11U-jdk_x64_windows_hotspot_11.0.6_10\jdk-11.0.6.10\bin\server\jvm.dll
0x00007ff9d3860000 - 0x00007ff9d3903000 	C:\WINDOWS\System32\ADVAPI32.dll
0x00007ff9d4040000 - 0x00007ff9d40d7000 	C:\WINDOWS\System32\sechost.dll
0x00007ff9d2a90000 - 0x00007ff9d2a98000 	C:\WINDOWS\System32\PSAPI.DLL
0x00007ff9cad60000 - 0x00007ff9cad6a000 	C:\WINDOWS\SYSTEM32\VERSION.dll
0x00007ff9c4610000 - 0x00007ff9c4634000 	C:\WINDOWS\SYSTEM32\WINMM.dll
0x00007ff9ac9a0000 - 0x00007ff9ac9a9000 	C:\WINDOWS\SYSTEM32\WSOCK32.dll
0x00007ff9d41b0000 - 0x00007ff9d421f000 	C:\WINDOWS\System32\WS2_32.dll
0x00007ff9c45e0000 - 0x00007ff9c460d000 	C:\WINDOWS\SYSTEM32\WINMMBASE.dll
0x00007ff9d1520000 - 0x00007ff9d156a000 	C:\WINDOWS\System32\cfgmgr32.dll
0x00007ff9d1150000 - 0x00007ff9d1161000 	C:\WINDOWS\System32\kernel.appcore.dll
0x00007ff9cd7e0000 - 0x00007ff9cd7f0000 	C:\Users\hetanwar\OpenJDK11U-jdk_x64_windows_hotspot_11.0.6_10\jdk-11.0.6.10\bin\verify.dll
0x00007ff9cbeb0000 - 0x00007ff9cc0a4000 	C:\WINDOWS\SYSTEM32\DBGHELP.DLL
0x00007ff9c6250000 - 0x00007ff9c627a000 	C:\WINDOWS\SYSTEM32\dbgcore.DLL
0x00007ff9c4a50000 - 0x00007ff9c4a78000 	C:\Users\hetanwar\OpenJDK11U-jdk_x64_windows_hotspot_11.0.6_10\jdk-11.0.6.10\bin\java.dll
0x00007ff9b5870000 - 0x00007ff9b5887000 	C:\Users\hetanwar\OpenJDK11U-jdk_x64_windows_hotspot_11.0.6_10\jdk-11.0.6.10\bin\zip.dll
0x00007ff9c63d0000 - 0x00007ff9c63da000 	C:\Users\hetanwar\OpenJDK11U-jdk_x64_windows_hotspot_11.0.6_10\jdk-11.0.6.10\bin\jimage.dll
0x00007ff9d2e30000 - 0x00007ff9d3514000 	C:\WINDOWS\System32\SHELL32.dll
0x00007ff9d2ce0000 - 0x00007ff9d2d89000 	C:\WINDOWS\System32\shcore.dll
0x00007ff9d16e0000 - 0x00007ff9d1e5e000 	C:\WINDOWS\System32\windows.storage.dll
0x00007ff9d1170000 - 0x00007ff9d1193000 	C:\WINDOWS\System32\profapi.dll
0x00007ff9d11a0000 - 0x00007ff9d11ea000 	C:\WINDOWS\System32\powrprof.dll
0x00007ff9d1120000 - 0x00007ff9d1130000 	C:\WINDOWS\System32\UMPDC.dll
0x00007ff9d2aa0000 - 0x00007ff9d2af2000 	C:\WINDOWS\System32\shlwapi.dll
0x00007ff9d1570000 - 0x00007ff9d1587000 	C:\WINDOWS\System32\cryptsp.dll
0x00007ff9b4e30000 - 0x00007ff9b4e49000 	C:\Users\hetanwar\OpenJDK11U-jdk_x64_windows_hotspot_11.0.6_10\jdk-11.0.6.10\bin\net.dll
0x00007ff9cc910000 - 0x00007ff9cca00000 	C:\WINDOWS\SYSTEM32\WINHTTP.dll
0x00007ff9d0940000 - 0x00007ff9d09a7000 	C:\WINDOWS\system32\mswsock.dll
0x00007ff9b1e30000 - 0x00007ff9b1e42000 	C:\Users\hetanwar\OpenJDK11U-jdk_x64_windows_hotspot_11.0.6_10\jdk-11.0.6.10\bin\nio.dll
0x00007ff9c4db0000 - 0x00007ff9c4dba000 	C:\apache-maven-3.6.3\lib\jansi-native\windows64\jansi.dll

dbghelp: loaded successfully - version: 4.0.5 - missing functions: none
symbol engine: initialized successfully - sym options: 0x614 - pdb path: .;C:\Users\hetanwar\OpenJDK11U-jdk_x64_windows_hotspot_11.0.6_10\jdk-11.0.6.10\bin;C:\WINDOWS\SYSTEM32;C:\WINDOWS\WinSxS\amd64_microsoft.windows.common-controls_6595b64144ccf1df_6.0.18362.836_none_e6c4b943130f18ed;C:\Users\hetanwar\OpenJDK11U-jdk_x64_windows_hotspot_11.0.6_10\jdk-11.0.6.10\bin\server;C:\apache-maven-3.6.3\lib\jansi-native\windows64

VM Arguments:
jvm_args: -Dclassworlds.conf=C:\apache-maven-3.6.3\bin\..\bin\m2.conf -Dmaven.home=C:\apache-maven-3.6.3\bin\.. -Dlibrary.jansi.path=C:\apache-maven-3.6.3\bin\..\lib\jansi-native -Dmaven.multiModuleProjectDirectory=c:\ht1\azure-sdk-for-java 
java_command: org.codehaus.plexus.classworlds.launcher.Launcher install -DskipTests -Dgpg.skip=true -Dinclude-non-shipping-modules -Pjava-lts -Drevapi.skip=true -f sdk/core/azure-core-amqp/pom.xml
java_class_path (initial): C:\apache-maven-3.6.3\bin\..\boot\plexus-classworlds-2.6.0.jar
Launcher Type: SUN_STANDARD

[Global flags]
     intx CICompilerCount                          = 4                                         {product} {ergonomic}
     uint ConcGCThreads                            = 2                                         {product} {ergonomic}
     uint G1ConcRefinementThreads                  = 8                                         {product} {ergonomic}
   size_t G1HeapRegionSize                         = 1048576                                   {product} {ergonomic}
    uintx GCDrainStackTargetSize                   = 64                                        {product} {ergonomic}
   size_t InitialHeapSize                          = 268435456                                 {product} {ergonomic}
   size_t MarkStackSize                            = 4194304                                   {product} {ergonomic}
   size_t MaxHeapSize                              = 4276092928                                {product} {ergonomic}
   size_t MaxNewSize                               = 2564816896                                {product} {ergonomic}
   size_t MinHeapDeltaBytes                        = 1048576                                   {product} {ergonomic}
    uintx NonNMethodCodeHeapSize                   = 5836300                                {pd product} {ergonomic}
    uintx NonProfiledCodeHeapSize                  = 122910970                              {pd product} {ergonomic}
    uintx ProfiledCodeHeapSize                     = 122910970                              {pd product} {ergonomic}
    uintx ReservedCodeCacheSize                    = 251658240                              {pd product} {ergonomic}
     bool SegmentedCodeCache                       = true                                      {product} {ergonomic}
     bool UseCompressedClassPointers               = true                                 {lp64_product} {ergonomic}
     bool UseCompressedOops                        = true                                 {lp64_product} {ergonomic}
     bool UseG1GC                                  = true                                      {product} {ergonomic}
     bool UseLargePagesIndividualAllocation        = false                                  {pd product} {ergonomic}

Logging:
Log output configuration:
 #0: stdout all=warning uptime,level,tags
 #1: stderr all=off uptime,level,tags

Environment Variables:
JAVA_HOME=C:\Users\hetanwar\OpenJDK11U-jdk_x64_windows_hotspot_11.0.6_10\jdk-11.0.6.10
PATH=C:\Users\hetanwar\OpenJDK11U-jdk_x64_windows_hotspot_11.0.6_10\jdk-11.0.6.10\bin;C:\Program Files (x86)\Microsoft SDKs\Azure\CLI2\wbin;C:\Program Files\AdoptOpenJDK\jdk-8.0.212.03-hotspot\bin;C:\WINDOWS\system32;C:\WINDOWS;C:\WINDOWS\System32\Wbem;C:\WINDOWS\System32\WindowsPowerShell\v1.0\;C:\WINDOWS\System32\OpenSSH\;C:\Program Files\Git\cmd;C:\Program Files (x86)\Gpg4win\..\GnuPG\bin;C:\Program Files\dotnet\;C:\Program Files\Microsoft SQL Server\130\Tools\Binn\;C:\Program Files\Microsoft SQL Server\Client SDK\ODBC\170\Tools\Binn\;C:\Program Files\nodejs\;C:\Program Files (x86)\IVI Foundation\VISA\WinNT\Bin;C:\Users\Public\wpilib\2020\roborio\bin;C:\Users\Public\wpilib\2020\frccode;C:\apache-maven-3.6.3\bin;C:\ProgramData\chocolatey\bin;C:\Users\hetanwar\AppData\Local\Programs\Python\Python38-32;C:\Users\hetanwar\AppData\Local\Programs\Python\Python38-32\Scripts;C:\Users\hetanwar\AppData\Local\Microsoft\WindowsApps;C:\Users\hetanwar\AppData\Local\GitHubDesktop\bin;C:\Users\hetanwar\AppData\Local\Programs\Microsoft VS Code\bin;C:\Users\hetanwar\AppData\Roaming\npm;C:\Users\hetanwar\.dotnet\tools;C:\hobby\flutter\flutter\bin;C:\Users\Public\frc2019\roborio\bin;C:\Users\Public\frc2019\frccode;C:\Users\Public\wpilib\2020\roborio\bin;C:\Users\Public\wpilib\2020\frccode
USERNAME=hetanwar
OS=Windows_NT
PROCESSOR_IDENTIFIER=Intel64 Family 6 Model 142 Stepping 10, GenuineIntel



---------------  S Y S T E M  ---------------

OS: Windows 10 , 64 bit Build 18362 (10.0.18362.778)
HyperV virtualization detected

CPU:total 8 (initial active 8) (4 cores per cpu, 2 threads per core) family 6 model 142 stepping 10, cmov, cx8, fxsr, mmx, sse, sse2, sse3, ssse3, sse4.1, sse4.2, popcnt, avx, avx2, aes, clmul, erms, rtm, 3dnowpref, lzcnt, ht, tsc, tscinvbit, bmi1, bmi2, adx, fma

Memory: 4k page, system-wide physical 16309M (4938M free)
TotalPageFile size 25525M (AvailPageFile size 10019M)
current process WorkingSet (physical memory assigned to process): 362M, peak: 364M
current process commit charge ("private bytes"): 480M, peak: 491M

vm_info: OpenJDK 64-Bit Server VM (11.0.6+10) for windows-amd64 JRE (11.0.6+10), built on Jan 15 2020 06:14:58 by "" with MS VC++ 15.8 (VS2017)

END.
