#
# A fatal error has been detected by the Java Runtime Environment:
#
#  Internal Error (./src/hotspot/share/oops/generateOopMap.cpp:2164), pid=16408, tid=29760
#  fatal error: Illegal class file encountered. Try running with -Xverify:all in method listRevisions
#
# JRE version: OpenJDK Runtime Environment JBR-11.0.9.1.11-1145.77-jcef (11.0.9.1+11) (build 11.0.9.1+11-b1145.77)
# Java VM: OpenJDK 64-Bit Server VM JBR-11.0.9.1.11-1145.77-jcef (11.0.9.1+11-b1145.77, mixed mode, tiered, compressed oops, g1 gc, windows-amd64)
# No core dump will be written. Minidumps are not enabled by default on client versions of Windows
#
# If you would like to submit a bug report, please visit:
#   https://bugreport.java.com/bugreport/crash.jsp
#

---------------  S U M M A R Y ------------

Command Line: -agentlib:jdwp=transport=dt_socket,address=127.0.0.1:63782,suspend=y,server=n -ea -Djunit.jupiter.extensions.autodetection.enabled=true -Djunit.jupiter.execution.parallel.enabled=false -Djunit.jupiter.execution.parallel.mode.default=concurrent -Djacoco-agent.destfile=C:\work\azure-sdk-for-java\sdk\appconfiguration\azure-data-appconfiguration\target/jacoco.exec --add-exports=com.azure.core/com.azure.core.implementation.http=ALL-UNNAMED --add-opens=com.azure.data.appconfiguration/com.azure.data.appconfiguration=ALL-UNNAMED -Didea.test.cyclic.buffer.size=1048576 -javaagent:C:\Users\SHAWNF~1\AppData\Local\Temp\captureAgent333jars\debugger-agent.jar --patch-module=com.azure.data.appconfiguration=C:/work/azure-sdk-for-java/sdk/appconfiguration/azure-data-appconfiguration/target/test-classes --add-reads=com.azure.data.appconfiguration=ALL-UNNAMED --add-opens=com.azure.data.appconfiguration/com.azure.data.appconfiguration=ALL-UNNAMED --add-modules=com.azure.data.appconfiguration -Dfile.encoding=UTF-8 --module-path=C:\Users\Shawn Fang\.m2\repository\com\fasterxml\jackson\core\jackson-annotations\2.11.3\jackson-annotations-2.11.3.jar;C:\Users\Shawn Fang\.m2\repository\com\azure\azure-core\1.12.0\azure-core-1.12.0.jar;C:\Users\Shawn Fang\.m2\repository\com\fasterxml\jackson\dataformat\jackson-dataformat-xml\2.11.3\jackson-dataformat-xml-2.11.3.jar;C:\work\azure-sdk-for-java\sdk\appconfiguration\azure-data-appconfiguration\target\classes;C:\Users\Shawn Fang\.m2\repository\com\fasterxml\jackson\module\jackson-module-jaxb-annotations\2.11.3\jackson-module-jaxb-annotations-2.11.3.jar;C:\Users\Shawn Fang\.m2\repository\jakarta\activation\jakarta.activation-api\1.2.1\jakarta.activation-api-1.2.1.jar;C:\Users\Shawn Fang\.m2\repository\org\reactivestreams\reactive-streams\1.0.3\reactive-streams-1.0.3.jar;C:\Users\Shawn Fang\.m2\repository\com\fasterxml\jackson\datatype\jackson-datatype-jsr310\2.11.3\jackson-datatype-jsr310-2.11.3.jar;C:\Users\Shawn Fang\.m2\repository\org\slf4j\slf4j-api\1.7.30\slf4j-api-1.7.30.jar;C:\Users\Shawn Fang\.m2\repository\jakarta\xml\bind\jakarta.xml.bind-api\2.3.2\jakarta.xml.bind-api-2.3.2.jar;C:\Users\Shawn Fang\.m2\repository\com\fasterxml\jackson\core\jackson-databind\2.11.3\jackson-databind-2.11.3.jar;C:\Users\Shawn Fang\.m2\repository\io\projectreactor\reactor-core\3.3.12.RELEASE\reactor-core-3.3.12.RELEASE.jar;C:\Users\Shawn Fang\.m2\repository\com\fasterxml\jackson\core\jackson-core\2.11.3\jackson-core-2.11.3.jar;C:\Users\Shawn Fang\.m2\repository\org\codehaus\woodstox\stax2-api\4.2.1\stax2-api-4.2.1.jar com.intellij.rt.junit.JUnitStarter -ideVersion5 -junit5 com.azure.data.appconfiguration.ConfigurationAsyncClientTest,listRevisions(com.azure.core.http.HttpClient,com.azure.data.appconfiguration.ConfigurationServiceVersion)

Host: Intel(R) Core(TM) i7-1065G7 CPU @ 1.30GHz, 8 cores, 15G,  Windows 10 , 64 bit Build 19041 (10.0.19041.662)
Time: Tue Feb  9 12:54:41 2021 Pacific Standard Time elapsed time: 3829.584990 seconds (0d 1h 3m 49s)

---------------  T H R E A D  ---------------

Current thread (0x00000212e288f000):  VMThread "VM Thread" [stack: 0x0000001905300000,0x0000001905400000] [id=29760]

Stack: [0x0000001905300000,0x0000001905400000]
[error occurred during error reporting (printing stack bounds), id 0xc0000005, EXCEPTION_ACCESS_VIOLATION (0xc0000005) at pc=0x00000212c75a0f67]

Native frames: (J=compiled Java code, j=interpreted, Vv=VM code, C=native code)
V  [jvm.dll+0x5edd9a]
V  [jvm.dll+0x7229c5]
V  [jvm.dll+0x723f1d]
V  [jvm.dll+0x724535]
V  [jvm.dll+0x7244eb]
V  [jvm.dll+0x5ed1f8]
V  [jvm.dll+0x5ed988]
C  [ntdll.dll+0xa130f]
C  [ntdll.dll+0x4b5e4]
C  [ntdll.dll+0x9fe3e]
C  0x00000212c75a0f67

VM_Operation (0x0000001905eff3e0): GetOrSetLocal, mode: safepoint, requested by thread 0x00000212e3c06800


---------------  P R O C E S S  ---------------

Threads class SMR info:
_java_thread_list=0x00000212e7ce9a50, length=21, elements={
0x00000212c39a5000, 0x00000212e3154800, 0x00000212e2891000, 0x00000212e3196800,
0x00000212e3199800, 0x00000212e319b800, 0x00000212e31ab000, 0x00000212e31b4800,
0x00000212e32c4000, 0x00000212e3c06800, 0x00000212e36ca800, 0x00000212e36e0800,
0x00000212e3992800, 0x00000212e6946000, 0x00000212e7b83800, 0x00000212e696f000,
0x00000212e69ec800, 0x00000212e6171800, 0x00000212e6363800, 0x00000212e6364800,
0x00000212e6366000
}

Java Threads: ( => current thread )
  0x00000212c39a5000 JavaThread "main" [_thread_blocked, id=33748, stack(0x0000001904d00000,0x0000001904e00000)]
  0x00000212e3154800 JavaThread "Reference Handler" daemon [_thread_blocked, id=22452, stack(0x0000001905400000,0x0000001905500000)]
  0x00000212e2891000 JavaThread "Finalizer" daemon [_thread_blocked, id=31496, stack(0x0000001905500000,0x0000001905600000)]
  0x00000212e3196800 JavaThread "Signal Dispatcher" daemon [_thread_blocked, id=30228, stack(0x0000001905600000,0x0000001905700000)]
  0x00000212e3199800 JavaThread "Attach Listener" daemon [_thread_blocked, id=33112, stack(0x0000001905700000,0x0000001905800000)]
  0x00000212e319b800 JavaThread "C2 CompilerThread0" daemon [_thread_blocked, id=25976, stack(0x0000001905800000,0x0000001905900000)]
  0x00000212e31ab000 JavaThread "C1 CompilerThread0" daemon [_thread_blocked, id=30840, stack(0x0000001905900000,0x0000001905a00000)]
  0x00000212e31b4800 JavaThread "Sweeper thread" daemon [_thread_blocked, id=33640, stack(0x0000001905a00000,0x0000001905b00000)]
  0x00000212e32c4000 JavaThread "Common-Cleaner" daemon [_thread_blocked, id=29884, stack(0x0000001905b00000,0x0000001905c00000)]
  0x00000212e3c06800 JavaThread "JDWP Transport Listener: dt_socket" daemon [_thread_blocked, id=15344, stack(0x0000001905e00000,0x0000001905f00000)] _threads_hazard_ptr=0x00000212e7ce9a50
  0x00000212e36ca800 JavaThread "JDWP Event Helper Thread" daemon [_thread_blocked, id=32716, stack(0x0000001905f00000,0x0000001906000000)]
  0x00000212e36e0800 JavaThread "JDWP Command Reader" daemon [_thread_in_native, id=14944, stack(0x0000001906000000,0x0000001906100000)]
  0x00000212e3992800 JavaThread "Service Thread" daemon [_thread_blocked, id=26400, stack(0x0000001906100000,0x0000001906200000)]
  0x00000212e6946000 JavaThread "reactor-http-nio-1" daemon [_thread_blocked, id=33364, stack(0x0000001906900000,0x0000001906a00000)]
  0x00000212e7b83800 JavaThread "reactor-http-nio-2" daemon [_thread_in_native, id=28620, stack(0x0000001906a00000,0x0000001906b00000)]
  0x00000212e696f000 JavaThread "reactor-http-nio-3" daemon [_thread_in_native, id=24996, stack(0x0000001906b00000,0x0000001906c00000)]
  0x00000212e69ec800 JavaThread "reactor-http-nio-4" daemon [_thread_in_native, id=27008, stack(0x0000001906c00000,0x0000001906d00000)]
  0x00000212e6171800 JavaThread "reactor-http-nio-5" daemon [_thread_in_native, id=32868, stack(0x0000001906d00000,0x0000001906e00000)]
  0x00000212e6363800 JavaThread "reactor-http-nio-6" daemon [_thread_in_native, id=6876, stack(0x0000001906e00000,0x0000001906f00000)]
  0x00000212e6364800 JavaThread "reactor-http-nio-7" daemon [_thread_in_native, id=32992, stack(0x0000001906f00000,0x0000001907000000)]
  0x00000212e6366000 JavaThread "reactor-http-nio-8" daemon [_thread_in_native, id=7448, stack(0x0000001907000000,0x0000001907100000)]

Other Threads:
=>0x00000212e288f000 VMThread "VM Thread" [stack: 0x0000001905300000,0x0000001905400000] [id=29760]
  0x00000212e380c000 WatcherThread [stack: 0x0000001906200000,0x0000001906300000] [id=31112]
  0x00000212c39b9800 GCTaskThread "GC Thread#0" [stack: 0x0000001904e00000,0x0000001904f00000] [id=14980]
  0x00000212e427c800 GCTaskThread "GC Thread#1" [stack: 0x0000001906300000,0x0000001906400000] [id=31696]
  0x00000212e4a88800 GCTaskThread "GC Thread#2" [stack: 0x0000001906400000,0x0000001906500000] [id=33580]
  0x00000212e4a8f000 GCTaskThread "GC Thread#3" [stack: 0x0000001906500000,0x0000001906600000] [id=27376]
  0x00000212e4a8c000 GCTaskThread "GC Thread#4" [stack: 0x0000001906600000,0x0000001906700000] [id=24380]
  0x00000212e4a8b000 GCTaskThread "GC Thread#5" [stack: 0x0000001906700000,0x0000001906800000] [id=32608]
  0x00000212c3a15800 ConcurrentGCThread "G1 Main Marker" [stack: 0x0000001904f00000,0x0000001905000000] [id=24804]
  0x00000212c3a17800 ConcurrentGCThread "G1 Conc#0" [stack: 0x0000001905000000,0x0000001905100000] [id=31676]
  0x00000212e4a8d000 ConcurrentGCThread "G1 Conc#1" [stack: 0x0000001906800000,0x0000001906900000] [id=27120]
  0x00000212e2779000 ConcurrentGCThread "G1 Refine#0" [stack: 0x0000001905100000,0x0000001905200000] [id=33272]
  0x00000212e277a000 ConcurrentGCThread "G1 Young RemSet Sampling" [stack: 0x0000001905200000,0x0000001905300000] [id=18024]

Threads with active compile tasks:

VM state:at safepoint (normal execution)

VM Mutex/Monitor currently owned by a thread:  ([mutex/lock_event])
[0x00000212c39a1090] Threads_lock - owner thread: 0x00000212e288f000

Heap address: 0x00000006c6600000, size: 3994 MB, Compressed Oops mode: Zero based, Oop shift amount: 3
Narrow klass base: 0x0000000000000000, Narrow klass shift: 3
Compressed class space size: 1073741824 Address: 0x00000007c0000000

Heap:
 garbage-first heap   total 256000K, used 66959K [0x00000006c6600000, 0x00000007c0000000)
  region size 1024K, 60 young (61440K), 5 survivors (5120K)
 Metaspace       used 37918K, capacity 39203K, committed 39504K, reserved 1083392K
  class space    used 4285K, capacity 4770K, committed 4864K, reserved 1048576K
Heap Regions: E=young(eden), S=young(survivor), O=old, HS=humongous(starts), HC=humongous(continues), CS=collection set, F=free, A=archive, TAMS=top-at-mark-start (previous, next)
|   0|0x00000006c6600000, 0x00000006c6700000, 0x00000006c6700000|100%| O|  |TAMS 0x00000006c6700000, 0x00000006c6600000| Untracked 
|   1|0x00000006c6700000, 0x00000006c6800000, 0x00000006c6800000|100%| O|  |TAMS 0x00000006c6800000, 0x00000006c6700000| Untracked 
|   2|0x00000006c6800000, 0x00000006c6900000, 0x00000006c6900000|100%| O|  |TAMS 0x00000006c6900000, 0x00000006c6800000| Untracked 
|   3|0x00000006c6900000, 0x00000006c6a00000, 0x00000006c6a00000|100%| O|  |TAMS 0x00000006c6a00000, 0x00000006c6900000| Untracked 
|   4|0x00000006c6a00000, 0x00000006c6b00000, 0x00000006c6b00000|100%| O|  |TAMS 0x00000006c6a6a600, 0x00000006c6a00000| Untracked 
|   5|0x00000006c6b00000, 0x00000006c6c00000, 0x00000006c6c00000|100%| O|  |TAMS 0x00000006c6b00000, 0x00000006c6b00000| Untracked 
|   6|0x00000006c6c00000, 0x00000006c6cb8c00, 0x00000006c6d00000| 72%| O|  |TAMS 0x00000006c6c00000, 0x00000006c6c00000| Untracked 
|   7|0x00000006c6d00000, 0x00000006c6d00000, 0x00000006c6e00000|  0%| F|  |TAMS 0x00000006c6d00000, 0x00000006c6d00000| Untracked 
|   8|0x00000006c6e00000, 0x00000006c6e00000, 0x00000006c6f00000|  0%| F|  |TAMS 0x00000006c6e00000, 0x00000006c6e00000| Untracked 
|   9|0x00000006c6f00000, 0x00000006c6f00000, 0x00000006c7000000|  0%| F|  |TAMS 0x00000006c6f00000, 0x00000006c6f00000| Untracked 
|  10|0x00000006c7000000, 0x00000006c7000000, 0x00000006c7100000|  0%| F|  |TAMS 0x00000006c7000000, 0x00000006c7000000| Untracked 
|  11|0x00000006c7100000, 0x00000006c7100000, 0x00000006c7200000|  0%| F|  |TAMS 0x00000006c7100000, 0x00000006c7100000| Untracked 
|  12|0x00000006c7200000, 0x00000006c7200000, 0x00000006c7300000|  0%| F|  |TAMS 0x00000006c7200000, 0x00000006c7200000| Untracked 
|  13|0x00000006c7300000, 0x00000006c7300000, 0x00000006c7400000|  0%| F|  |TAMS 0x00000006c7300000, 0x00000006c7300000| Untracked 
|  14|0x00000006c7400000, 0x00000006c7400000, 0x00000006c7500000|  0%| F|  |TAMS 0x00000006c7400000, 0x00000006c7400000| Untracked 
|  15|0x00000006c7500000, 0x00000006c7500000, 0x00000006c7600000|  0%| F|  |TAMS 0x00000006c7500000, 0x00000006c7500000| Untracked 
|  16|0x00000006c7600000, 0x00000006c7600000, 0x00000006c7700000|  0%| F|  |TAMS 0x00000006c7600000, 0x00000006c7600000| Untracked 
|  17|0x00000006c7700000, 0x00000006c7700000, 0x00000006c7800000|  0%| F|  |TAMS 0x00000006c7700000, 0x00000006c7700000| Untracked 
|  18|0x00000006c7800000, 0x00000006c7800000, 0x00000006c7900000|  0%| F|  |TAMS 0x00000006c7800000, 0x00000006c7800000| Untracked 
|  19|0x00000006c7900000, 0x00000006c7900000, 0x00000006c7a00000|  0%| F|  |TAMS 0x00000006c7900000, 0x00000006c7900000| Untracked 
|  20|0x00000006c7a00000, 0x00000006c7a00000, 0x00000006c7b00000|  0%| F|  |TAMS 0x00000006c7a00000, 0x00000006c7a00000| Untracked 
|  21|0x00000006c7b00000, 0x00000006c7b00000, 0x00000006c7c00000|  0%| F|  |TAMS 0x00000006c7b00000, 0x00000006c7b00000| Untracked 
|  22|0x00000006c7c00000, 0x00000006c7c00000, 0x00000006c7d00000|  0%| F|  |TAMS 0x00000006c7c00000, 0x00000006c7c00000| Untracked 
|  23|0x00000006c7d00000, 0x00000006c7d00000, 0x00000006c7e00000|  0%| F|  |TAMS 0x00000006c7d00000, 0x00000006c7d00000| Untracked 
|  24|0x00000006c7e00000, 0x00000006c7e00000, 0x00000006c7f00000|  0%| F|  |TAMS 0x00000006c7e00000, 0x00000006c7e00000| Untracked 
|  25|0x00000006c7f00000, 0x00000006c7f00000, 0x00000006c8000000|  0%| F|  |TAMS 0x00000006c7f00000, 0x00000006c7f00000| Untracked 
|  26|0x00000006c8000000, 0x00000006c8000000, 0x00000006c8100000|  0%| F|  |TAMS 0x00000006c8000000, 0x00000006c8000000| Untracked 
|  27|0x00000006c8100000, 0x00000006c8100000, 0x00000006c8200000|  0%| F|  |TAMS 0x00000006c8100000, 0x00000006c8100000| Untracked 
|  28|0x00000006c8200000, 0x00000006c8200000, 0x00000006c8300000|  0%| F|  |TAMS 0x00000006c8200000, 0x00000006c8200000| Untracked 
|  29|0x00000006c8300000, 0x00000006c8300000, 0x00000006c8400000|  0%| F|  |TAMS 0x00000006c8300000, 0x00000006c8300000| Untracked 
|  30|0x00000006c8400000, 0x00000006c8400000, 0x00000006c8500000|  0%| F|  |TAMS 0x00000006c8400000, 0x00000006c8400000| Untracked 
|  31|0x00000006c8500000, 0x00000006c8500000, 0x00000006c8600000|  0%| F|  |TAMS 0x00000006c8500000, 0x00000006c8500000| Untracked 
|  32|0x00000006c8600000, 0x00000006c8600000, 0x00000006c8700000|  0%| F|  |TAMS 0x00000006c8600000, 0x00000006c8600000| Untracked 
|  33|0x00000006c8700000, 0x00000006c8700000, 0x00000006c8800000|  0%| F|  |TAMS 0x00000006c8700000, 0x00000006c8700000| Untracked 
|  34|0x00000006c8800000, 0x00000006c8800000, 0x00000006c8900000|  0%| F|  |TAMS 0x00000006c8800000, 0x00000006c8800000| Untracked 
|  35|0x00000006c8900000, 0x00000006c8900000, 0x00000006c8a00000|  0%| F|  |TAMS 0x00000006c8900000, 0x00000006c8900000| Untracked 
|  36|0x00000006c8a00000, 0x00000006c8a00000, 0x00000006c8b00000|  0%| F|  |TAMS 0x00000006c8a00000, 0x00000006c8a00000| Untracked 
|  37|0x00000006c8b00000, 0x00000006c8b00000, 0x00000006c8c00000|  0%| F|  |TAMS 0x00000006c8b00000, 0x00000006c8b00000| Untracked 
|  38|0x00000006c8c00000, 0x00000006c8c00000, 0x00000006c8d00000|  0%| F|  |TAMS 0x00000006c8c00000, 0x00000006c8c00000| Untracked 
|  39|0x00000006c8d00000, 0x00000006c8d00000, 0x00000006c8e00000|  0%| F|  |TAMS 0x00000006c8d00000, 0x00000006c8d00000| Untracked 
|  40|0x00000006c8e00000, 0x00000006c8e00000, 0x00000006c8f00000|  0%| F|  |TAMS 0x00000006c8e00000, 0x00000006c8e00000| Untracked 
|  41|0x00000006c8f00000, 0x00000006c8f00000, 0x00000006c9000000|  0%| F|  |TAMS 0x00000006c8f00000, 0x00000006c8f00000| Untracked 
|  42|0x00000006c9000000, 0x00000006c9000000, 0x00000006c9100000|  0%| F|  |TAMS 0x00000006c9000000, 0x00000006c9000000| Untracked 
|  43|0x00000006c9100000, 0x00000006c9100000, 0x00000006c9200000|  0%| F|  |TAMS 0x00000006c9100000, 0x00000006c9100000| Untracked 
|  44|0x00000006c9200000, 0x00000006c9200000, 0x00000006c9300000|  0%| F|  |TAMS 0x00000006c9200000, 0x00000006c9200000| Untracked 
|  45|0x00000006c9300000, 0x00000006c9300000, 0x00000006c9400000|  0%| F|  |TAMS 0x00000006c9300000, 0x00000006c9300000| Untracked 
|  46|0x00000006c9400000, 0x00000006c9400000, 0x00000006c9500000|  0%| F|  |TAMS 0x00000006c9400000, 0x00000006c9400000| Untracked 
|  47|0x00000006c9500000, 0x00000006c9500000, 0x00000006c9600000|  0%| F|  |TAMS 0x00000006c9500000, 0x00000006c9500000| Untracked 
|  48|0x00000006c9600000, 0x00000006c9600000, 0x00000006c9700000|  0%| F|  |TAMS 0x00000006c9600000, 0x00000006c9600000| Untracked 
|  49|0x00000006c9700000, 0x00000006c9700000, 0x00000006c9800000|  0%| F|  |TAMS 0x00000006c9700000, 0x00000006c9700000| Untracked 
|  50|0x00000006c9800000, 0x00000006c9800000, 0x00000006c9900000|  0%| F|  |TAMS 0x00000006c9800000, 0x00000006c9800000| Untracked 
|  51|0x00000006c9900000, 0x00000006c9900000, 0x00000006c9a00000|  0%| F|  |TAMS 0x00000006c9900000, 0x00000006c9900000| Untracked 
|  52|0x00000006c9a00000, 0x00000006c9a00000, 0x00000006c9b00000|  0%| F|  |TAMS 0x00000006c9a00000, 0x00000006c9a00000| Untracked 
|  53|0x00000006c9b00000, 0x00000006c9b00000, 0x00000006c9c00000|  0%| F|  |TAMS 0x00000006c9b00000, 0x00000006c9b00000| Untracked 
|  54|0x00000006c9c00000, 0x00000006c9c00000, 0x00000006c9d00000|  0%| F|  |TAMS 0x00000006c9c00000, 0x00000006c9c00000| Untracked 
|  55|0x00000006c9d00000, 0x00000006c9d00000, 0x00000006c9e00000|  0%| F|  |TAMS 0x00000006c9d00000, 0x00000006c9d00000| Untracked 
|  56|0x00000006c9e00000, 0x00000006c9e00000, 0x00000006c9f00000|  0%| F|  |TAMS 0x00000006c9e00000, 0x00000006c9e00000| Untracked 
|  57|0x00000006c9f00000, 0x00000006c9f00000, 0x00000006ca000000|  0%| F|  |TAMS 0x00000006c9f00000, 0x00000006c9f00000| Untracked 
|  58|0x00000006ca000000, 0x00000006ca000000, 0x00000006ca100000|  0%| F|  |TAMS 0x00000006ca000000, 0x00000006ca000000| Untracked 
|  59|0x00000006ca100000, 0x00000006ca100000, 0x00000006ca200000|  0%| F|  |TAMS 0x00000006ca100000, 0x00000006ca100000| Untracked 
|  60|0x00000006ca200000, 0x00000006ca200000, 0x00000006ca300000|  0%| F|  |TAMS 0x00000006ca200000, 0x00000006ca200000| Untracked 
|  61|0x00000006ca300000, 0x00000006ca300000, 0x00000006ca400000|  0%| F|  |TAMS 0x00000006ca300000, 0x00000006ca300000| Untracked 
|  62|0x00000006ca400000, 0x00000006ca400000, 0x00000006ca500000|  0%| F|  |TAMS 0x00000006ca400000, 0x00000006ca400000| Untracked 
|  63|0x00000006ca500000, 0x00000006ca500000, 0x00000006ca600000|  0%| F|  |TAMS 0x00000006ca500000, 0x00000006ca500000| Untracked 
|  64|0x00000006ca600000, 0x00000006ca600000, 0x00000006ca700000|  0%| F|  |TAMS 0x00000006ca600000, 0x00000006ca600000| Untracked 
|  65|0x00000006ca700000, 0x00000006ca700000, 0x00000006ca800000|  0%| F|  |TAMS 0x00000006ca700000, 0x00000006ca700000| Untracked 
|  66|0x00000006ca800000, 0x00000006ca800000, 0x00000006ca900000|  0%| F|  |TAMS 0x00000006ca800000, 0x00000006ca800000| Untracked 
|  67|0x00000006ca900000, 0x00000006ca900000, 0x00000006caa00000|  0%| F|  |TAMS 0x00000006ca900000, 0x00000006ca900000| Untracked 
|  68|0x00000006caa00000, 0x00000006caa00000, 0x00000006cab00000|  0%| F|  |TAMS 0x00000006caa00000, 0x00000006caa00000| Untracked 
|  69|0x00000006cab00000, 0x00000006cab00000, 0x00000006cac00000|  0%| F|  |TAMS 0x00000006cab00000, 0x00000006cab00000| Untracked 
|  70|0x00000006cac00000, 0x00000006cac00000, 0x00000006cad00000|  0%| F|  |TAMS 0x00000006cac00000, 0x00000006cac00000| Untracked 
|  71|0x00000006cad00000, 0x00000006cad00000, 0x00000006cae00000|  0%| F|  |TAMS 0x00000006cad00000, 0x00000006cad00000| Untracked 
|  72|0x00000006cae00000, 0x00000006cae00000, 0x00000006caf00000|  0%| F|  |TAMS 0x00000006cae00000, 0x00000006cae00000| Untracked 
|  73|0x00000006caf00000, 0x00000006caf00000, 0x00000006cb000000|  0%| F|  |TAMS 0x00000006caf00000, 0x00000006caf00000| Untracked 
|  74|0x00000006cb000000, 0x00000006cb000000, 0x00000006cb100000|  0%| F|  |TAMS 0x00000006cb000000, 0x00000006cb000000| Untracked 
|  75|0x00000006cb100000, 0x00000006cb100000, 0x00000006cb200000|  0%| F|  |TAMS 0x00000006cb100000, 0x00000006cb100000| Untracked 
|  76|0x00000006cb200000, 0x00000006cb200000, 0x00000006cb300000|  0%| F|  |TAMS 0x00000006cb200000, 0x00000006cb200000| Untracked 
|  77|0x00000006cb300000, 0x00000006cb300000, 0x00000006cb400000|  0%| F|  |TAMS 0x00000006cb300000, 0x00000006cb300000| Untracked 
|  78|0x00000006cb400000, 0x00000006cb400000, 0x00000006cb500000|  0%| F|  |TAMS 0x00000006cb400000, 0x00000006cb400000| Untracked 
|  79|0x00000006cb500000, 0x00000006cb500000, 0x00000006cb600000|  0%| F|  |TAMS 0x00000006cb500000, 0x00000006cb500000| Untracked 
|  80|0x00000006cb600000, 0x00000006cb600000, 0x00000006cb700000|  0%| F|  |TAMS 0x00000006cb600000, 0x00000006cb600000| Untracked 
|  81|0x00000006cb700000, 0x00000006cb700000, 0x00000006cb800000|  0%| F|  |TAMS 0x00000006cb700000, 0x00000006cb700000| Untracked 
|  82|0x00000006cb800000, 0x00000006cb800000, 0x00000006cb900000|  0%| F|  |TAMS 0x00000006cb800000, 0x00000006cb800000| Untracked 
|  83|0x00000006cb900000, 0x00000006cb900000, 0x00000006cba00000|  0%| F|  |TAMS 0x00000006cb900000, 0x00000006cb900000| Untracked 
|  84|0x00000006cba00000, 0x00000006cba00000, 0x00000006cbb00000|  0%| F|  |TAMS 0x00000006cba00000, 0x00000006cba00000| Untracked 
|  85|0x00000006cbb00000, 0x00000006cbb00000, 0x00000006cbc00000|  0%| F|  |TAMS 0x00000006cbb00000, 0x00000006cbb00000| Untracked 
|  86|0x00000006cbc00000, 0x00000006cbc00000, 0x00000006cbd00000|  0%| F|  |TAMS 0x00000006cbc00000, 0x00000006cbc00000| Untracked 
|  87|0x00000006cbd00000, 0x00000006cbd00000, 0x00000006cbe00000|  0%| F|  |TAMS 0x00000006cbd00000, 0x00000006cbd00000| Untracked 
|  88|0x00000006cbe00000, 0x00000006cbe00000, 0x00000006cbf00000|  0%| F|  |TAMS 0x00000006cbe00000, 0x00000006cbe00000| Untracked 
|  89|0x00000006cbf00000, 0x00000006cbf00000, 0x00000006cc000000|  0%| F|  |TAMS 0x00000006cbf00000, 0x00000006cbf00000| Untracked 
|  90|0x00000006cc000000, 0x00000006cc000000, 0x00000006cc100000|  0%| F|  |TAMS 0x00000006cc000000, 0x00000006cc000000| Untracked 
|  91|0x00000006cc100000, 0x00000006cc100000, 0x00000006cc200000|  0%| F|  |TAMS 0x00000006cc100000, 0x00000006cc100000| Untracked 
|  92|0x00000006cc200000, 0x00000006cc200000, 0x00000006cc300000|  0%| F|  |TAMS 0x00000006cc200000, 0x00000006cc200000| Untracked 
|  93|0x00000006cc300000, 0x00000006cc300000, 0x00000006cc400000|  0%| F|  |TAMS 0x00000006cc300000, 0x00000006cc300000| Untracked 
|  94|0x00000006cc400000, 0x00000006cc400000, 0x00000006cc500000|  0%| F|  |TAMS 0x00000006cc400000, 0x00000006cc400000| Untracked 
|  95|0x00000006cc500000, 0x00000006cc500000, 0x00000006cc600000|  0%| F|  |TAMS 0x00000006cc500000, 0x00000006cc500000| Untracked 
|  96|0x00000006cc600000, 0x00000006cc600000, 0x00000006cc700000|  0%| F|  |TAMS 0x00000006cc600000, 0x00000006cc600000| Untracked 
|  97|0x00000006cc700000, 0x00000006cc700000, 0x00000006cc800000|  0%| F|  |TAMS 0x00000006cc700000, 0x00000006cc700000| Untracked 
|  98|0x00000006cc800000, 0x00000006cc800000, 0x00000006cc900000|  0%| F|  |TAMS 0x00000006cc800000, 0x00000006cc800000| Untracked 
|  99|0x00000006cc900000, 0x00000006cc900000, 0x00000006cca00000|  0%| F|  |TAMS 0x00000006cc900000, 0x00000006cc900000| Untracked 
| 100|0x00000006cca00000, 0x00000006cca00000, 0x00000006ccb00000|  0%| F|  |TAMS 0x00000006cca00000, 0x00000006cca00000| Untracked 
| 101|0x00000006ccb00000, 0x00000006ccb00000, 0x00000006ccc00000|  0%| F|  |TAMS 0x00000006ccb00000, 0x00000006ccb00000| Untracked 
| 102|0x00000006ccc00000, 0x00000006ccc00000, 0x00000006ccd00000|  0%| F|  |TAMS 0x00000006ccc00000, 0x00000006ccc00000| Untracked 
| 103|0x00000006ccd00000, 0x00000006ccd00000, 0x00000006cce00000|  0%| F|  |TAMS 0x00000006ccd00000, 0x00000006ccd00000| Untracked 
| 104|0x00000006cce00000, 0x00000006cce00000, 0x00000006ccf00000|  0%| F|  |TAMS 0x00000006cce00000, 0x00000006cce00000| Untracked 
| 105|0x00000006ccf00000, 0x00000006ccf00000, 0x00000006cd000000|  0%| F|  |TAMS 0x00000006ccf00000, 0x00000006ccf00000| Untracked 
| 106|0x00000006cd000000, 0x00000006cd000000, 0x00000006cd100000|  0%| F|  |TAMS 0x00000006cd000000, 0x00000006cd000000| Untracked 
| 107|0x00000006cd100000, 0x00000006cd100000, 0x00000006cd200000|  0%| F|  |TAMS 0x00000006cd100000, 0x00000006cd100000| Untracked 
| 108|0x00000006cd200000, 0x00000006cd200000, 0x00000006cd300000|  0%| F|  |TAMS 0x00000006cd200000, 0x00000006cd200000| Untracked 
| 109|0x00000006cd300000, 0x00000006cd300000, 0x00000006cd400000|  0%| F|  |TAMS 0x00000006cd300000, 0x00000006cd300000| Untracked 
| 110|0x00000006cd400000, 0x00000006cd400000, 0x00000006cd500000|  0%| F|  |TAMS 0x00000006cd400000, 0x00000006cd400000| Untracked 
| 111|0x00000006cd500000, 0x00000006cd500000, 0x00000006cd600000|  0%| F|  |TAMS 0x00000006cd500000, 0x00000006cd500000| Untracked 
| 112|0x00000006cd600000, 0x00000006cd600000, 0x00000006cd700000|  0%| F|  |TAMS 0x00000006cd600000, 0x00000006cd600000| Untracked 
| 113|0x00000006cd700000, 0x00000006cd700000, 0x00000006cd800000|  0%| F|  |TAMS 0x00000006cd700000, 0x00000006cd700000| Untracked 
| 114|0x00000006cd800000, 0x00000006cd800000, 0x00000006cd900000|  0%| F|  |TAMS 0x00000006cd800000, 0x00000006cd800000| Untracked 
| 115|0x00000006cd900000, 0x00000006cd900000, 0x00000006cda00000|  0%| F|  |TAMS 0x00000006cd900000, 0x00000006cd900000| Untracked 
| 116|0x00000006cda00000, 0x00000006cda00000, 0x00000006cdb00000|  0%| F|  |TAMS 0x00000006cda00000, 0x00000006cda00000| Untracked 
| 117|0x00000006cdb00000, 0x00000006cdb00000, 0x00000006cdc00000|  0%| F|  |TAMS 0x00000006cdb00000, 0x00000006cdb00000| Untracked 
| 118|0x00000006cdc00000, 0x00000006cdc00000, 0x00000006cdd00000|  0%| F|  |TAMS 0x00000006cdc00000, 0x00000006cdc00000| Untracked 
| 119|0x00000006cdd00000, 0x00000006cdd00000, 0x00000006cde00000|  0%| F|  |TAMS 0x00000006cdd00000, 0x00000006cdd00000| Untracked 
| 120|0x00000006cde00000, 0x00000006cde00000, 0x00000006cdf00000|  0%| F|  |TAMS 0x00000006cde00000, 0x00000006cde00000| Untracked 
| 121|0x00000006cdf00000, 0x00000006cdf00000, 0x00000006ce000000|  0%| F|  |TAMS 0x00000006cdf00000, 0x00000006cdf00000| Untracked 
| 122|0x00000006ce000000, 0x00000006ce000000, 0x00000006ce100000|  0%| F|  |TAMS 0x00000006ce000000, 0x00000006ce000000| Untracked 
| 123|0x00000006ce100000, 0x00000006ce100000, 0x00000006ce200000|  0%| F|  |TAMS 0x00000006ce100000, 0x00000006ce100000| Untracked 
| 124|0x00000006ce200000, 0x00000006ce200000, 0x00000006ce300000|  0%| F|  |TAMS 0x00000006ce200000, 0x00000006ce200000| Untracked 
| 125|0x00000006ce300000, 0x00000006ce300000, 0x00000006ce400000|  0%| F|  |TAMS 0x00000006ce300000, 0x00000006ce300000| Untracked 
| 126|0x00000006ce400000, 0x00000006ce400000, 0x00000006ce500000|  0%| F|  |TAMS 0x00000006ce400000, 0x00000006ce400000| Untracked 
| 127|0x00000006ce500000, 0x00000006ce500000, 0x00000006ce600000|  0%| F|  |TAMS 0x00000006ce500000, 0x00000006ce500000| Untracked 
| 128|0x00000006ce600000, 0x00000006ce600000, 0x00000006ce700000|  0%| F|  |TAMS 0x00000006ce600000, 0x00000006ce600000| Untracked 
| 129|0x00000006ce700000, 0x00000006ce700000, 0x00000006ce800000|  0%| F|  |TAMS 0x00000006ce700000, 0x00000006ce700000| Untracked 
| 130|0x00000006ce800000, 0x00000006ce800000, 0x00000006ce900000|  0%| F|  |TAMS 0x00000006ce800000, 0x00000006ce800000| Untracked 
| 131|0x00000006ce900000, 0x00000006ce900000, 0x00000006cea00000|  0%| F|  |TAMS 0x00000006ce900000, 0x00000006ce900000| Untracked 
| 132|0x00000006cea00000, 0x00000006cea00000, 0x00000006ceb00000|  0%| F|  |TAMS 0x00000006cea00000, 0x00000006cea00000| Untracked 
| 133|0x00000006ceb00000, 0x00000006ceb00000, 0x00000006cec00000|  0%| F|  |TAMS 0x00000006ceb00000, 0x00000006ceb00000| Untracked 
| 134|0x00000006cec00000, 0x00000006cec00000, 0x00000006ced00000|  0%| F|  |TAMS 0x00000006cec00000, 0x00000006cec00000| Untracked 
| 135|0x00000006ced00000, 0x00000006ced00000, 0x00000006cee00000|  0%| F|  |TAMS 0x00000006ced00000, 0x00000006ced00000| Untracked 
| 136|0x00000006cee00000, 0x00000006cee00000, 0x00000006cef00000|  0%| F|  |TAMS 0x00000006cee00000, 0x00000006cee00000| Untracked 
| 137|0x00000006cef00000, 0x00000006cefab2c0, 0x00000006cf000000| 66%| S|CS|TAMS 0x00000006cef00000, 0x00000006cef00000| Complete 
| 138|0x00000006cf000000, 0x00000006cf100000, 0x00000006cf100000|100%| S|CS|TAMS 0x00000006cf000000, 0x00000006cf000000| Complete 
| 139|0x00000006cf100000, 0x00000006cf200000, 0x00000006cf200000|100%| S|CS|TAMS 0x00000006cf100000, 0x00000006cf100000| Complete 
| 140|0x00000006cf200000, 0x00000006cf300000, 0x00000006cf300000|100%| S|CS|TAMS 0x00000006cf200000, 0x00000006cf200000| Complete 
| 141|0x00000006cf300000, 0x00000006cf400000, 0x00000006cf400000|100%| S|CS|TAMS 0x00000006cf300000, 0x00000006cf300000| Complete 
| 142|0x00000006cf400000, 0x00000006cf400000, 0x00000006cf500000|  0%| F|  |TAMS 0x00000006cf400000, 0x00000006cf400000| Untracked 
| 143|0x00000006cf500000, 0x00000006cf500000, 0x00000006cf600000|  0%| F|  |TAMS 0x00000006cf500000, 0x00000006cf500000| Untracked 
| 144|0x00000006cf600000, 0x00000006cf600000, 0x00000006cf700000|  0%| F|  |TAMS 0x00000006cf600000, 0x00000006cf600000| Untracked 
| 145|0x00000006cf700000, 0x00000006cf700000, 0x00000006cf800000|  0%| F|  |TAMS 0x00000006cf700000, 0x00000006cf700000| Untracked 
| 146|0x00000006cf800000, 0x00000006cf800000, 0x00000006cf900000|  0%| F|  |TAMS 0x00000006cf800000, 0x00000006cf800000| Untracked 
| 147|0x00000006cf900000, 0x00000006cf900000, 0x00000006cfa00000|  0%| F|  |TAMS 0x00000006cf900000, 0x00000006cf900000| Untracked 
| 148|0x00000006cfa00000, 0x00000006cfa00000, 0x00000006cfb00000|  0%| F|  |TAMS 0x00000006cfa00000, 0x00000006cfa00000| Untracked 
| 149|0x00000006cfb00000, 0x00000006cfb00000, 0x00000006cfc00000|  0%| F|  |TAMS 0x00000006cfb00000, 0x00000006cfb00000| Untracked 
| 150|0x00000006cfc00000, 0x00000006cfc00000, 0x00000006cfd00000|  0%| F|  |TAMS 0x00000006cfc00000, 0x00000006cfc00000| Untracked 
| 151|0x00000006cfd00000, 0x00000006cfd00000, 0x00000006cfe00000|  0%| F|  |TAMS 0x00000006cfd00000, 0x00000006cfd00000| Untracked 
| 152|0x00000006cfe00000, 0x00000006cfe00000, 0x00000006cff00000|  0%| F|  |TAMS 0x00000006cfe00000, 0x00000006cfe00000| Untracked 
| 153|0x00000006cff00000, 0x00000006cff00000, 0x00000006d0000000|  0%| F|  |TAMS 0x00000006cff00000, 0x00000006cff00000| Untracked 
| 154|0x00000006d0000000, 0x00000006d0000000, 0x00000006d0100000|  0%| F|  |TAMS 0x00000006d0000000, 0x00000006d0000000| Untracked 
| 155|0x00000006d0100000, 0x00000006d0100000, 0x00000006d0200000|  0%| F|  |TAMS 0x00000006d0100000, 0x00000006d0100000| Untracked 
| 156|0x00000006d0200000, 0x00000006d0200000, 0x00000006d0300000|  0%| F|  |TAMS 0x00000006d0200000, 0x00000006d0200000| Untracked 
| 157|0x00000006d0300000, 0x00000006d0300000, 0x00000006d0400000|  0%| F|  |TAMS 0x00000006d0300000, 0x00000006d0300000| Untracked 
| 158|0x00000006d0400000, 0x00000006d0400000, 0x00000006d0500000|  0%| F|  |TAMS 0x00000006d0400000, 0x00000006d0400000| Untracked 
| 159|0x00000006d0500000, 0x00000006d0500000, 0x00000006d0600000|  0%| F|  |TAMS 0x00000006d0500000, 0x00000006d0500000| Untracked 
| 160|0x00000006d0600000, 0x00000006d0600000, 0x00000006d0700000|  0%| F|  |TAMS 0x00000006d0600000, 0x00000006d0600000| Untracked 
| 161|0x00000006d0700000, 0x00000006d0700000, 0x00000006d0800000|  0%| F|  |TAMS 0x00000006d0700000, 0x00000006d0700000| Untracked 
| 162|0x00000006d0800000, 0x00000006d0800000, 0x00000006d0900000|  0%| F|  |TAMS 0x00000006d0800000, 0x00000006d0800000| Untracked 
| 163|0x00000006d0900000, 0x00000006d0900000, 0x00000006d0a00000|  0%| F|  |TAMS 0x00000006d0900000, 0x00000006d0900000| Untracked 
| 164|0x00000006d0a00000, 0x00000006d0a00000, 0x00000006d0b00000|  0%| F|  |TAMS 0x00000006d0a00000, 0x00000006d0a00000| Untracked 
| 165|0x00000006d0b00000, 0x00000006d0b00000, 0x00000006d0c00000|  0%| F|  |TAMS 0x00000006d0b00000, 0x00000006d0b00000| Untracked 
| 166|0x00000006d0c00000, 0x00000006d0c00000, 0x00000006d0d00000|  0%| F|  |TAMS 0x00000006d0c00000, 0x00000006d0c00000| Untracked 
| 167|0x00000006d0d00000, 0x00000006d0d00000, 0x00000006d0e00000|  0%| F|  |TAMS 0x00000006d0d00000, 0x00000006d0d00000| Untracked 
| 168|0x00000006d0e00000, 0x00000006d0e00000, 0x00000006d0f00000|  0%| F|  |TAMS 0x00000006d0e00000, 0x00000006d0e00000| Untracked 
| 169|0x00000006d0f00000, 0x00000006d0f00000, 0x00000006d1000000|  0%| F|  |TAMS 0x00000006d0f00000, 0x00000006d0f00000| Untracked 
| 170|0x00000006d1000000, 0x00000006d1000000, 0x00000006d1100000|  0%| F|  |TAMS 0x00000006d1000000, 0x00000006d1000000| Untracked 
| 171|0x00000006d1100000, 0x00000006d1100000, 0x00000006d1200000|  0%| F|  |TAMS 0x00000006d1100000, 0x00000006d1100000| Untracked 
| 172|0x00000006d1200000, 0x00000006d1200000, 0x00000006d1300000|  0%| F|  |TAMS 0x00000006d1200000, 0x00000006d1200000| Untracked 
| 173|0x00000006d1300000, 0x00000006d1300000, 0x00000006d1400000|  0%| F|  |TAMS 0x00000006d1300000, 0x00000006d1300000| Untracked 
| 174|0x00000006d1400000, 0x00000006d1400000, 0x00000006d1500000|  0%| F|  |TAMS 0x00000006d1400000, 0x00000006d1400000| Untracked 
| 175|0x00000006d1500000, 0x00000006d1500000, 0x00000006d1600000|  0%| F|  |TAMS 0x00000006d1500000, 0x00000006d1500000| Untracked 
| 176|0x00000006d1600000, 0x00000006d1600000, 0x00000006d1700000|  0%| F|  |TAMS 0x00000006d1600000, 0x00000006d1600000| Untracked 
| 177|0x00000006d1700000, 0x00000006d1700000, 0x00000006d1800000|  0%| F|  |TAMS 0x00000006d1700000, 0x00000006d1700000| Untracked 
| 178|0x00000006d1800000, 0x00000006d1800000, 0x00000006d1900000|  0%| F|  |TAMS 0x00000006d1800000, 0x00000006d1800000| Untracked 
| 179|0x00000006d1900000, 0x00000006d1900000, 0x00000006d1a00000|  0%| F|  |TAMS 0x00000006d1900000, 0x00000006d1900000| Untracked 
| 180|0x00000006d1a00000, 0x00000006d1a00000, 0x00000006d1b00000|  0%| F|  |TAMS 0x00000006d1a00000, 0x00000006d1a00000| Untracked 
| 181|0x00000006d1b00000, 0x00000006d1b00000, 0x00000006d1c00000|  0%| F|  |TAMS 0x00000006d1b00000, 0x00000006d1b00000| Untracked 
| 182|0x00000006d1c00000, 0x00000006d1c00000, 0x00000006d1d00000|  0%| F|  |TAMS 0x00000006d1c00000, 0x00000006d1c00000| Untracked 
| 183|0x00000006d1d00000, 0x00000006d1d00000, 0x00000006d1e00000|  0%| F|  |TAMS 0x00000006d1d00000, 0x00000006d1d00000| Untracked 
| 184|0x00000006d1e00000, 0x00000006d1e00000, 0x00000006d1f00000|  0%| F|  |TAMS 0x00000006d1e00000, 0x00000006d1e00000| Untracked 
| 185|0x00000006d1f00000, 0x00000006d1f00000, 0x00000006d2000000|  0%| F|  |TAMS 0x00000006d1f00000, 0x00000006d1f00000| Untracked 
| 186|0x00000006d2000000, 0x00000006d2000000, 0x00000006d2100000|  0%| F|  |TAMS 0x00000006d2000000, 0x00000006d2000000| Untracked 
| 187|0x00000006d2100000, 0x00000006d2100000, 0x00000006d2200000|  0%| F|  |TAMS 0x00000006d2100000, 0x00000006d2100000| Untracked 
| 188|0x00000006d2200000, 0x00000006d2200000, 0x00000006d2300000|  0%| F|  |TAMS 0x00000006d2200000, 0x00000006d2200000| Untracked 
| 189|0x00000006d2300000, 0x00000006d2300000, 0x00000006d2400000|  0%| F|  |TAMS 0x00000006d2300000, 0x00000006d2300000| Untracked 
| 190|0x00000006d2400000, 0x00000006d2400000, 0x00000006d2500000|  0%| F|  |TAMS 0x00000006d2400000, 0x00000006d2400000| Untracked 
| 191|0x00000006d2500000, 0x00000006d2500000, 0x00000006d2600000|  0%| F|  |TAMS 0x00000006d2500000, 0x00000006d2500000| Untracked 
| 192|0x00000006d2600000, 0x00000006d2600000, 0x00000006d2700000|  0%| F|  |TAMS 0x00000006d2600000, 0x00000006d2600000| Untracked 
| 193|0x00000006d2700000, 0x00000006d2700000, 0x00000006d2800000|  0%| F|  |TAMS 0x00000006d2700000, 0x00000006d2700000| Untracked 
| 194|0x00000006d2800000, 0x00000006d2800000, 0x00000006d2900000|  0%| F|  |TAMS 0x00000006d2800000, 0x00000006d2800000| Untracked 
| 195|0x00000006d2900000, 0x00000006d2a00000, 0x00000006d2a00000|100%| E|  |TAMS 0x00000006d2900000, 0x00000006d2900000| Complete 
| 196|0x00000006d2a00000, 0x00000006d2b00000, 0x00000006d2b00000|100%| E|CS|TAMS 0x00000006d2a00000, 0x00000006d2a00000| Complete 
| 197|0x00000006d2b00000, 0x00000006d2c00000, 0x00000006d2c00000|100%| E|CS|TAMS 0x00000006d2b00000, 0x00000006d2b00000| Complete 
| 198|0x00000006d2c00000, 0x00000006d2d00000, 0x00000006d2d00000|100%| E|CS|TAMS 0x00000006d2c00000, 0x00000006d2c00000| Complete 
| 199|0x00000006d2d00000, 0x00000006d2e00000, 0x00000006d2e00000|100%| E|CS|TAMS 0x00000006d2d00000, 0x00000006d2d00000| Complete 
| 200|0x00000006d2e00000, 0x00000006d2f00000, 0x00000006d2f00000|100%| E|CS|TAMS 0x00000006d2e00000, 0x00000006d2e00000| Complete 
| 201|0x00000006d2f00000, 0x00000006d3000000, 0x00000006d3000000|100%| E|CS|TAMS 0x00000006d2f00000, 0x00000006d2f00000| Complete 
| 202|0x00000006d3000000, 0x00000006d3100000, 0x00000006d3100000|100%| E|CS|TAMS 0x00000006d3000000, 0x00000006d3000000| Complete 
| 203|0x00000006d3100000, 0x00000006d3200000, 0x00000006d3200000|100%| E|CS|TAMS 0x00000006d3100000, 0x00000006d3100000| Complete 
| 204|0x00000006d3200000, 0x00000006d3300000, 0x00000006d3300000|100%| E|CS|TAMS 0x00000006d3200000, 0x00000006d3200000| Complete 
| 205|0x00000006d3300000, 0x00000006d3400000, 0x00000006d3400000|100%| E|CS|TAMS 0x00000006d3300000, 0x00000006d3300000| Complete 
| 206|0x00000006d3400000, 0x00000006d3500000, 0x00000006d3500000|100%| E|CS|TAMS 0x00000006d3400000, 0x00000006d3400000| Complete 
| 207|0x00000006d3500000, 0x00000006d3600000, 0x00000006d3600000|100%| E|CS|TAMS 0x00000006d3500000, 0x00000006d3500000| Complete 
| 208|0x00000006d3600000, 0x00000006d3700000, 0x00000006d3700000|100%| E|CS|TAMS 0x00000006d3600000, 0x00000006d3600000| Complete 
| 209|0x00000006d3700000, 0x00000006d3800000, 0x00000006d3800000|100%| E|CS|TAMS 0x00000006d3700000, 0x00000006d3700000| Complete 
| 210|0x00000006d3800000, 0x00000006d3900000, 0x00000006d3900000|100%| E|CS|TAMS 0x00000006d3800000, 0x00000006d3800000| Complete 
| 211|0x00000006d3900000, 0x00000006d3a00000, 0x00000006d3a00000|100%| E|CS|TAMS 0x00000006d3900000, 0x00000006d3900000| Complete 
| 212|0x00000006d3a00000, 0x00000006d3b00000, 0x00000006d3b00000|100%| E|CS|TAMS 0x00000006d3a00000, 0x00000006d3a00000| Complete 
| 213|0x00000006d3b00000, 0x00000006d3c00000, 0x00000006d3c00000|100%| E|CS|TAMS 0x00000006d3b00000, 0x00000006d3b00000| Complete 
| 214|0x00000006d3c00000, 0x00000006d3d00000, 0x00000006d3d00000|100%| E|CS|TAMS 0x00000006d3c00000, 0x00000006d3c00000| Complete 
| 215|0x00000006d3d00000, 0x00000006d3e00000, 0x00000006d3e00000|100%| E|CS|TAMS 0x00000006d3d00000, 0x00000006d3d00000| Complete 
| 216|0x00000006d3e00000, 0x00000006d3f00000, 0x00000006d3f00000|100%| E|CS|TAMS 0x00000006d3e00000, 0x00000006d3e00000| Complete 
| 217|0x00000006d3f00000, 0x00000006d4000000, 0x00000006d4000000|100%| E|CS|TAMS 0x00000006d3f00000, 0x00000006d3f00000| Complete 
| 218|0x00000006d4000000, 0x00000006d4100000, 0x00000006d4100000|100%| E|CS|TAMS 0x00000006d4000000, 0x00000006d4000000| Complete 
| 219|0x00000006d4100000, 0x00000006d4200000, 0x00000006d4200000|100%| E|CS|TAMS 0x00000006d4100000, 0x00000006d4100000| Complete 
| 220|0x00000006d4200000, 0x00000006d4300000, 0x00000006d4300000|100%| E|CS|TAMS 0x00000006d4200000, 0x00000006d4200000| Complete 
| 221|0x00000006d4300000, 0x00000006d4400000, 0x00000006d4400000|100%| E|CS|TAMS 0x00000006d4300000, 0x00000006d4300000| Complete 
| 222|0x00000006d4400000, 0x00000006d4500000, 0x00000006d4500000|100%| E|CS|TAMS 0x00000006d4400000, 0x00000006d4400000| Complete 
| 223|0x00000006d4500000, 0x00000006d4600000, 0x00000006d4600000|100%| E|CS|TAMS 0x00000006d4500000, 0x00000006d4500000| Complete 
| 224|0x00000006d4600000, 0x00000006d4700000, 0x00000006d4700000|100%| E|CS|TAMS 0x00000006d4600000, 0x00000006d4600000| Complete 
| 225|0x00000006d4700000, 0x00000006d4800000, 0x00000006d4800000|100%| E|CS|TAMS 0x00000006d4700000, 0x00000006d4700000| Complete 
| 226|0x00000006d4800000, 0x00000006d4900000, 0x00000006d4900000|100%| E|CS|TAMS 0x00000006d4800000, 0x00000006d4800000| Complete 
| 227|0x00000006d4900000, 0x00000006d4a00000, 0x00000006d4a00000|100%| E|CS|TAMS 0x00000006d4900000, 0x00000006d4900000| Complete 
| 228|0x00000006d4a00000, 0x00000006d4b00000, 0x00000006d4b00000|100%| E|CS|TAMS 0x00000006d4a00000, 0x00000006d4a00000| Complete 
| 229|0x00000006d4b00000, 0x00000006d4c00000, 0x00000006d4c00000|100%| E|CS|TAMS 0x00000006d4b00000, 0x00000006d4b00000| Complete 
| 230|0x00000006d4c00000, 0x00000006d4d00000, 0x00000006d4d00000|100%| E|CS|TAMS 0x00000006d4c00000, 0x00000006d4c00000| Complete 
| 231|0x00000006d4d00000, 0x00000006d4e00000, 0x00000006d4e00000|100%| E|CS|TAMS 0x00000006d4d00000, 0x00000006d4d00000| Complete 
| 232|0x00000006d4e00000, 0x00000006d4f00000, 0x00000006d4f00000|100%| E|CS|TAMS 0x00000006d4e00000, 0x00000006d4e00000| Complete 
| 233|0x00000006d4f00000, 0x00000006d5000000, 0x00000006d5000000|100%| E|CS|TAMS 0x00000006d4f00000, 0x00000006d4f00000| Complete 
| 234|0x00000006d5000000, 0x00000006d5100000, 0x00000006d5100000|100%| E|CS|TAMS 0x00000006d5000000, 0x00000006d5000000| Complete 
| 235|0x00000006d5100000, 0x00000006d5200000, 0x00000006d5200000|100%| E|CS|TAMS 0x00000006d5100000, 0x00000006d5100000| Complete 
| 236|0x00000006d5200000, 0x00000006d5300000, 0x00000006d5300000|100%| E|CS|TAMS 0x00000006d5200000, 0x00000006d5200000| Complete 
| 237|0x00000006d5300000, 0x00000006d5400000, 0x00000006d5400000|100%| E|CS|TAMS 0x00000006d5300000, 0x00000006d5300000| Complete 
| 238|0x00000006d5400000, 0x00000006d5500000, 0x00000006d5500000|100%| E|CS|TAMS 0x00000006d5400000, 0x00000006d5400000| Complete 
| 239|0x00000006d5500000, 0x00000006d5600000, 0x00000006d5600000|100%| E|CS|TAMS 0x00000006d5500000, 0x00000006d5500000| Complete 
| 240|0x00000006d5600000, 0x00000006d5700000, 0x00000006d5700000|100%| E|CS|TAMS 0x00000006d5600000, 0x00000006d5600000| Complete 
| 241|0x00000006d5700000, 0x00000006d5800000, 0x00000006d5800000|100%| E|CS|TAMS 0x00000006d5700000, 0x00000006d5700000| Complete 
| 242|0x00000006d5800000, 0x00000006d5900000, 0x00000006d5900000|100%| E|CS|TAMS 0x00000006d5800000, 0x00000006d5800000| Complete 
| 243|0x00000006d5900000, 0x00000006d5a00000, 0x00000006d5a00000|100%| E|CS|TAMS 0x00000006d5900000, 0x00000006d5900000| Complete 
| 244|0x00000006d5a00000, 0x00000006d5b00000, 0x00000006d5b00000|100%| E|CS|TAMS 0x00000006d5a00000, 0x00000006d5a00000| Complete 
| 245|0x00000006d5b00000, 0x00000006d5c00000, 0x00000006d5c00000|100%| E|CS|TAMS 0x00000006d5b00000, 0x00000006d5b00000| Complete 
| 246|0x00000006d5c00000, 0x00000006d5d00000, 0x00000006d5d00000|100%| E|CS|TAMS 0x00000006d5c00000, 0x00000006d5c00000| Complete 
| 247|0x00000006d5d00000, 0x00000006d5e00000, 0x00000006d5e00000|100%| E|CS|TAMS 0x00000006d5d00000, 0x00000006d5d00000| Complete 
| 248|0x00000006d5e00000, 0x00000006d5f00000, 0x00000006d5f00000|100%| E|CS|TAMS 0x00000006d5e00000, 0x00000006d5e00000| Complete 
| 249|0x00000006d5f00000, 0x00000006d6000000, 0x00000006d6000000|100%| E|CS|TAMS 0x00000006d5f00000, 0x00000006d5f00000| Complete 

Card table byte_map: [0x00000212d70a0000,0x00000212d7870000] _byte_map_base: 0x00000212d3a6d000

Marking Bits (Prev, Next): (CMBitMap*) 0x00000212c3a05048, (CMBitMap*) 0x00000212c3a05080
 Prev Bits: [0x00000212d8040000, 0x00000212dbea8000)
 Next Bits: [0x00000212dbeb0000, 0x00000212dfd18000)

Polling page: 0x00000212c1b30000

Metaspace:

Usage:
  Non-class:     33.63 MB capacity,    32.85 MB ( 98%) used,   656.95 KB (  2%) free+waste,   142.44 KB ( <1%) overhead. 
      Class:      4.66 MB capacity,     4.18 MB ( 90%) used,   416.67 KB (  9%) free+waste,    68.06 KB (  1%) overhead. 
       Both:     38.28 MB capacity,    37.03 MB ( 97%) used,     1.05 MB (  3%) free+waste,   210.50 KB ( <1%) overhead. 

Virtual space:
  Non-class space:       34.00 MB reserved,      33.83 MB (>99%) committed 
      Class space:        1.00 GB reserved,       4.75 MB ( <1%) committed 
             Both:        1.03 GB reserved,      38.58 MB (  4%) committed 

Chunk freelists:
   Non-Class:  15.00 KB
       Class:  30.00 KB
        Both:  45.00 KB

MaxMetaspaceSize: 17179869184.00 GB
CompressedClassSpaceSize: 1.00 GB

CodeHeap 'non-profiled nmethods': size=120000Kb used=1562Kb max_used=1562Kb free=118437Kb
 bounds [0x00000212cf070000, 0x00000212cf2e0000, 0x00000212d65a0000]
CodeHeap 'profiled nmethods': size=120000Kb used=6462Kb max_used=6462Kb free=113537Kb
 bounds [0x00000212c7b40000, 0x00000212c8190000, 0x00000212cf070000]
CodeHeap 'non-nmethods': size=5760Kb used=1294Kb max_used=1318Kb free=4465Kb
 bounds [0x00000212c75a0000, 0x00000212c7810000, 0x00000212c7b40000]
 total_blobs=3583 nmethods=3015 adapters=487
 compilation: enabled
              stopped_count=0, restarted_count=0
 full_count=0

Compilation events (20 events):
Event: 3.470 Thread 0x00000212e31ab000 3004       1       io.netty.handler.codec.http.HttpObjectDecoder::access$000 (5 bytes)
Event: 3.470 Thread 0x00000212e31ab000 nmethod 3004 0x00000212cf1f5010 code [0x00000212cf1f51c0, 0x00000212cf1f5258]
Event: 3.470 Thread 0x00000212e31ab000 3009       3       reactor.core.publisher.Mono::onAssembly (56 bytes)
Event: 3.470 Thread 0x00000212e31ab000 nmethod 3009 0x00000212c8189910 code [0x00000212c8189b40, 0x00000212c818a2d8]
Event: 3.470 Thread 0x00000212e31ab000 3010       3       io.netty.handler.codec.HeadersUtils$StringEntryIterator::hasNext (10 bytes)
Event: 3.471 Thread 0x00000212e31ab000 nmethod 3010 0x00000212c818a510 code [0x00000212c818a6c0, 0x00000212c818a888]
Event: 3.471 Thread 0x00000212e31ab000 3012       3       java.util.AbstractList::subListRangeCheck (110 bytes)
Event: 3.472 Thread 0x00000212e31ab000 nmethod 3012 0x00000212c818a990 code [0x00000212c818adc0, 0x00000212c818c768]
Event: 3.472 Thread 0x00000212e31ab000 3013       3       java.util.ArrayList$SubList::<init> (35 bytes)
Event: 3.472 Thread 0x00000212e31ab000 nmethod 3013 0x00000212c818d090 code [0x00000212c818d260, 0x00000212c818d538]
Event: 3.472 Thread 0x00000212e31ab000 3011       3       io.netty.handler.codec.HeadersUtils$StringEntryIterator::next (5 bytes)
Event: 3.472 Thread 0x00000212e31ab000 nmethod 3011 0x00000212c818d690 code [0x00000212c818d880, 0x00000212c818dd28]
Event: 3.472 Thread 0x00000212e31ab000 3008       1       io.netty.handler.codec.CodecOutputList::size (5 bytes)
Event: 3.472 Thread 0x00000212e31ab000 nmethod 3008 0x00000212cf1f5310 code [0x00000212cf1f54c0, 0x00000212cf1f5578]
Event: 3.474 Thread 0x00000212e319b800 nmethod 3006 0x00000212cf1f5610 code [0x00000212cf1f57c0, 0x00000212cf1f5bd8]
Event: 3.474 Thread 0x00000212e6d1c000 nmethod 3005 0x00000212cf1f5d90 code [0x00000212cf1f5f60, 0x00000212cf1f66e8]
Event: 3.637 Thread 0x00000212e31ab000 3014       3       java.util.regex.Matcher::end (67 bytes)
Event: 3.637 Thread 0x00000212e31ab000 nmethod 3014 0x00000212c818de90 code [0x00000212c818e120, 0x00000212c818eba8]
Event: 3789.809 Thread 0x00000212e31ab000 3015       3       java.util.regex.Pattern$BmpCharPropertyGreedy::match (89 bytes)
Event: 3789.809 Thread 0x00000212e31ab000 nmethod 3015 0x00000212c818f010 code [0x00000212c818f220, 0x00000212c818f848]

GC Heap History (12 events):
Event: 0.899 GC heap before
{Heap before GC invocations=0 (full 0):
 garbage-first heap   total 256000K, used 23552K [0x00000006c6600000, 0x00000007c0000000)
  region size 1024K, 24 young (24576K), 0 survivors (0K)
 Metaspace       used 12670K, capacity 12997K, committed 13184K, reserved 1060864K
  class space    used 1244K, capacity 1376K, committed 1408K, reserved 1048576K
}
Event: 0.903 GC heap after
{Heap after GC invocations=1 (full 0):
 garbage-first heap   total 256000K, used 4609K [0x00000006c6600000, 0x00000007c0000000)
  region size 1024K, 3 young (3072K), 3 survivors (3072K)
 Metaspace       used 12670K, capacity 12997K, committed 13184K, reserved 1060864K
  class space    used 1244K, capacity 1376K, committed 1408K, reserved 1048576K
}
Event: 1.602 GC heap before
{Heap before GC invocations=1 (full 0):
 garbage-first heap   total 256000K, used 43521K [0x00000006c6600000, 0x00000007c0000000)
  region size 1024K, 41 young (41984K), 3 survivors (3072K)
 Metaspace       used 20494K, capacity 21189K, committed 21296K, reserved 1069056K
  class space    used 2126K, capacity 2395K, committed 2432K, reserved 1048576K
}
Event: 1.607 GC heap after
{Heap after GC invocations=2 (full 0):
 garbage-first heap   total 256000K, used 7238K [0x00000006c6600000, 0x00000007c0000000)
  region size 1024K, 6 young (6144K), 6 survivors (6144K)
 Metaspace       used 20494K, capacity 21189K, committed 21296K, reserved 1069056K
  class space    used 2126K, capacity 2395K, committed 2432K, reserved 1048576K
}
Event: 2.298 GC heap before
{Heap before GC invocations=3 (full 0):
 garbage-first heap   total 256000K, used 54342K [0x00000006c6600000, 0x00000007c0000000)
  region size 1024K, 52 young (53248K), 6 survivors (6144K)
 Metaspace       used 31436K, capacity 32527K, committed 32816K, reserved 1079296K
  class space    used 3498K, capacity 3904K, committed 3968K, reserved 1048576K
}
Event: 2.303 GC heap after
{Heap after GC invocations=4 (full 0):
 garbage-first heap   total 256000K, used 9528K [0x00000006c6600000, 0x00000007c0000000)
  region size 1024K, 5 young (5120K), 5 survivors (5120K)
 Metaspace       used 31436K, capacity 32527K, committed 32816K, reserved 1079296K
  class space    used 3498K, capacity 3904K, committed 3968K, reserved 1048576K
}
Event: 2.627 GC heap before
{Heap before GC invocations=4 (full 0):
 garbage-first heap   total 256000K, used 21816K [0x00000006c6600000, 0x00000007c0000000)
  region size 1024K, 18 young (18432K), 5 survivors (5120K)
 Metaspace       used 34655K, capacity 35814K, committed 35920K, reserved 1081344K
  class space    used 3890K, capacity 4323K, committed 4352K, reserved 1048576K
}
Event: 2.632 GC heap after
{Heap after GC invocations=5 (full 0):
 garbage-first heap   total 256000K, used 10665K [0x00000006c6600000, 0x00000007c0000000)
  region size 1024K, 6 young (6144K), 6 survivors (6144K)
 Metaspace       used 34655K, capacity 35814K, committed 35920K, reserved 1081344K
  class space    used 3890K, capacity 4323K, committed 4352K, reserved 1048576K
}
Event: 2.893 GC heap before
{Heap before GC invocations=6 (full 0):
 garbage-first heap   total 256000K, used 78249K [0x00000006c6600000, 0x00000007c0000000)
  region size 1024K, 73 young (74752K), 6 survivors (6144K)
 Metaspace       used 35938K, capacity 37086K, committed 37456K, reserved 1083392K
  class space    used 4055K, capacity 4489K, committed 4608K, reserved 1048576K
}
Event: 2.898 GC heap after
{Heap after GC invocations=7 (full 0):
 garbage-first heap   total 256000K, used 11156K [0x00000006c6600000, 0x00000007c0000000)
  region size 1024K, 5 young (5120K), 5 survivors (5120K)
 Metaspace       used 35938K, capacity 37086K, committed 37456K, reserved 1083392K
  class space    used 4055K, capacity 4489K, committed 4608K, reserved 1048576K
}
Event: 3.276 GC heap before
{Heap before GC invocations=7 (full 0):
 garbage-first heap   total 256000K, used 116628K [0x00000006c6600000, 0x00000007c0000000)
  region size 1024K, 108 young (110592K), 5 survivors (5120K)
 Metaspace       used 37596K, capacity 38836K, committed 38864K, reserved 1083392K
  class space    used 4273K, capacity 4733K, committed 4736K, reserved 1048576K
}
Event: 3.279 GC heap after
{Heap after GC invocations=8 (full 0):
 garbage-first heap   total 256000K, used 11663K [0x00000006c6600000, 0x00000007c0000000)
  region size 1024K, 5 young (5120K), 5 survivors (5120K)
 Metaspace       used 37596K, capacity 38836K, committed 38864K, reserved 1083392K
  class space    used 4273K, capacity 4733K, committed 4736K, reserved 1048576K
}

Deoptimization events (20 events):
Event: 3.344 Thread 0x00000212c39a5000 DEOPT PACKING pc=0x00000212cf1e7ad8 sp=0x0000001904dfa900
Event: 3.344 Thread 0x00000212c39a5000 DEOPT UNPACKING pc=0x00000212c75a822f sp=0x0000001904dfa7f8 mode 2
Event: 3.346 Thread 0x00000212c39a5000 DEOPT PACKING pc=0x00000212c7ded624 sp=0x0000001904df8460
Event: 3.346 Thread 0x00000212c39a5000 DEOPT UNPACKING pc=0x00000212c75dd1de sp=0x0000001904df78f8 mode 1
Event: 3.347 Thread 0x00000212c39a5000 DEOPT PACKING pc=0x00000212c7decbd4 sp=0x0000001904df8530
Event: 3.347 Thread 0x00000212c39a5000 DEOPT UNPACKING pc=0x00000212c75dd1de sp=0x0000001904df79e8 mode 1
Event: 3.347 Thread 0x00000212c39a5000 DEOPT PACKING pc=0x00000212c8044594 sp=0x0000001904df8fb0
Event: 3.347 Thread 0x00000212c39a5000 DEOPT UNPACKING pc=0x00000212c75dd1de sp=0x0000001904df8480 mode 1
Event: 3.357 Thread 0x00000212c39a5000 DEOPT PACKING pc=0x00000212c817893b sp=0x0000001904dfa850
Event: 3.357 Thread 0x00000212c39a5000 DEOPT UNPACKING pc=0x00000212c75dd1de sp=0x0000001904df9dc0 mode 0
Event: 3.409 Thread 0x00000212c39a5000 Uncommon trap: trap_request=0xffffff4d fr.pc=0x00000212cf1e9750 relative=0x0000000000000b30
Event: 3.409 Thread 0x00000212c39a5000 Uncommon trap: reason=unstable_if action=reinterpret pc=0x00000212cf1e9750 method=java.util.concurrent.locks.AbstractQueuedSynchronizer.tryAcquireSharedNanos(IJ)Z @ 19 c2
Event: 3.409 Thread 0x00000212c39a5000 DEOPT PACKING pc=0x00000212cf1e9750 sp=0x0000001904dfa830
Event: 3.409 Thread 0x00000212c39a5000 DEOPT UNPACKING pc=0x00000212c75a822f sp=0x0000001904dfa840 mode 2
Event: 3.411 Thread 0x00000212c39a5000 DEOPT PACKING pc=0x00000212c7ded624 sp=0x0000001904df8460
Event: 3.411 Thread 0x00000212c39a5000 DEOPT UNPACKING pc=0x00000212c75dd1de sp=0x0000001904df78f8 mode 1
Event: 3.411 Thread 0x00000212c39a5000 DEOPT PACKING pc=0x00000212c7decbd4 sp=0x0000001904df8530
Event: 3.411 Thread 0x00000212c39a5000 DEOPT UNPACKING pc=0x00000212c75dd1de sp=0x0000001904df79e8 mode 1
Event: 3.411 Thread 0x00000212c39a5000 DEOPT PACKING pc=0x00000212c8044594 sp=0x0000001904df8fb0
Event: 3.411 Thread 0x00000212c39a5000 DEOPT UNPACKING pc=0x00000212c75dd1de sp=0x0000001904df8480 mode 1

Classes redefined (2 events):
Event: 3789.380 Thread 0x00000212e288f000 redefined class name=com.azure.data.appconfiguration.ConfigurationAsyncClientTest, count=1
Event: 3828.937 Thread 0x00000212e288f000 redefined class name=com.azure.data.appconfiguration.ConfigurationAsyncClientTest, count=2

Internal exceptions (20 events):
Event: 2.222 Thread 0x00000212c39a5000 Exception <a 'java/lang/ExceptionInInitializerError'{0x00000006d373f330}> (0x00000006d373f330) thrown at [./src/hotspot/share/oops/instanceKlass.cpp, line 1034]
Event: 2.224 Thread 0x00000212c39a5000 Exception <a 'sun/nio/fs/WindowsException'{0x00000006d3762958}> (0x00000006d3762958) thrown at [./src/hotspot/share/prims/jni.cpp, line 615]
Event: 2.224 Thread 0x00000212c39a5000 Exception <a 'sun/nio/fs/WindowsException'{0x00000006d3764420}> (0x00000006d3764420) thrown at [./src/hotspot/share/prims/jni.cpp, line 615]
Event: 2.238 Thread 0x00000212c39a5000 Exception <a 'java/lang/UnsatisfiedLinkError'{0x00000006d37c1170}: 'int io.netty.channel.epoll.Native.offsetofEpollData()'> (0x00000006d37c1170) thrown at [./src/hotspot/share/prims/nativeLookup.cpp, line 527]
Event: 2.239 Thread 0x00000212c39a5000 Exception <a 'java/lang/ExceptionInInitializerError'{0x00000006d37c3cb0}> (0x00000006d37c3cb0) thrown at [./src/hotspot/share/oops/instanceKlass.cpp, line 1034]
Event: 2.316 Thread 0x00000212c39a5000 Exception <a 'java/lang/NoSuchMethodError'{0x00000006d5e7a8b0}: 'java.lang.Object java.lang.invoke.DirectMethodHandle$Holder.invokeStatic(java.lang.Object, java.lang.Object, java.lang.Object, long)'> (0x00000006d5e7a8b0) thrown at [./src/hotspot/share/interpreter/linkResolver.cpp, line 773]
Event: 2.316 Thread 0x00000212c39a5000 Exception <a 'java/lang/NoSuchMethodError'{0x00000006d5e7edc0}: 'java.lang.Object java.lang.invoke.DirectMethodHandle$Holder.invokeSpecial(java.lang.Object, java.lang.Object, java.lang.Object, java.lang.Object, long)'> (0x00000006d5e7edc0) thrown at [./src/hotspot/share/interpreter/linkResolver.cpp, line 773]
Event: 2.316 Thread 0x00000212c39a5000 Exception <a 'java/lang/NoSuchMethodError'{0x00000006d5e834f0}: 'java.lang.Object java.lang.invoke.Invokers$Holder.linkToTargetMethod(java.lang.Object, java.lang.Object, long, java.lang.Object)'> (0x00000006d5e834f0) thrown at [./src/hotspot/share/interpreter/linkResolver.cpp, line 773]
Event: 2.341 Thread 0x00000212c39a5000 Exception <a 'java/lang/reflect/InvocationTargetException'{0x00000006d5c5f678}> (0x00000006d5c5f678) thrown at [./src/hotspot/share/runtime/reflection.cpp, line 1247]
Event: 2.343 Thread 0x00000212c39a5000 Exception <a 'sun/nio/fs/WindowsException'{0x00000006d5c68ff0}> (0x00000006d5c68ff0) thrown at [./src/hotspot/share/prims/jni.cpp, line 615]
Event: 2.343 Thread 0x00000212c39a5000 Exception <a 'sun/nio/fs/WindowsException'{0x00000006d5c6a7f8}> (0x00000006d5c6a7f8) thrown at [./src/hotspot/share/prims/jni.cpp, line 615]
Event: 2.457 Thread 0x00000212c39a5000 Implicit null exception at 0x00000212cf14a6f2 to 0x00000212cf14a7a8
Event: 2.476 Thread 0x00000212c39a5000 Exception <a 'java/lang/NoSuchMethodError'{0x00000006d55ce930}: 'java.lang.Object java.lang.invoke.DirectMethodHandle$Holder.invokeStatic(java.lang.Object, java.lang.Object, long, java.lang.Object)'> (0x00000006d55ce930) thrown at [./src/hotspot/share/interpreter/linkResolver.cpp, line 773]
Event: 2.476 Thread 0x00000212c39a5000 Exception <a 'java/lang/NoSuchMethodError'{0x00000006d55d2948}: 'java.lang.Object java.lang.invoke.Invokers$Holder.linkToTargetMethod(java.lang.Object, long, java.lang.Object, java.lang.Object)'> (0x00000006d55d2948) thrown at [./src/hotspot/share/interpreter/linkResolver.cpp, line 773]
Event: 2.961 Thread 0x00000212e6946000 Exception <a 'java/lang/NoSuchMethodError'{0x00000006d4d8d298}: 'void java.lang.invoke.DirectMethodHandle$Holder.invokeStaticInit(java.lang.Object)'> (0x00000006d4d8d298) thrown at [./src/hotspot/share/interpreter/linkResolver.cpp, line 773]
Event: 3.105 Thread 0x00000212e6946000 Exception <a 'java/lang/NoSuchMethodError'{0x00000006d2028b70}: 'int java.lang.invoke.DirectMethodHandle$Holder.invokeStatic(java.lang.Object, java.lang.Object, java.lang.Object, java.lang.Object, java.lang.Object)'> (0x00000006d2028b70) thrown at [./src/hotspot/share/interpreter/linkResolver.cpp, line 773]
Event: 3.107 Thread 0x00000212e6946000 Exception <a 'java/lang/NoSuchMethodError'{0x00000006d2046a48}: 'java.lang.Object java.lang.invoke.Invokers$Holder.linkToTargetMethod(java.lang.Object, java.lang.Object, java.lang.Object, int, java.lang.Object, java.lang.Object, java.lang.Object)'> (0x00000006d2046a48) thrown at [./src/hotspot/share/interpreter/linkResolver.cpp, line 773]
Event: 3.107 Thread 0x00000212e6946000 Exception <a 'java/lang/NoSuchMethodError'{0x00000006d1e00318}: 'java.lang.Object java.lang.invoke.DirectMethodHandle$Holder.invokeSpecial(java.lang.Object, java.lang.Object, java.lang.Object, java.lang.Object, int, java.lang.Object, java.lang.Object)'> (0x00000006d1e00318) thrown at [./src/hotspot/share/interpreter/linkResolver.cpp, line 773]
Event: 3.267 Thread 0x00000212c39a5000 Exception <a 'sun/nio/fs/WindowsException'{0x00000006cf4183f8}> (0x00000006cf4183f8) thrown at [./src/hotspot/share/prims/jni.cpp, line 615]
Event: 3.270 Thread 0x00000212c39a5000 Exception <a 'sun/nio/fs/WindowsException'{0x00000006cf4319d0}> (0x00000006cf4319d0) thrown at [./src/hotspot/share/prims/jni.cpp, line 615]

Events (20 events):
Event: 3825.108 Executing VM operation: ChangeBreakpoints done
Event: 3828.899 Executing VM operation: ChangeBreakpoints
Event: 3828.900 Executing VM operation: ChangeBreakpoints done
Event: 3828.916 Executing VM operation: RedefineClasses
Event: 3828.940 Executing VM operation: RedefineClasses done
Event: 3828.941 Executing VM operation: GetFrameCount
Event: 3828.941 Executing VM operation: GetFrameCount done
Event: 3828.941 Executing VM operation: GetFrameCount
Event: 3828.941 Executing VM operation: GetFrameCount done
Event: 3828.941 Executing VM operation: GetStackTrace
Event: 3828.941 Executing VM operation: GetStackTrace done
Event: 3829.377 Executing VM operation: ChangeBreakpoints
Event: 3829.378 Executing VM operation: ChangeBreakpoints done
Event: 3829.409 Executing VM operation: ChangeBreakpoints
Event: 3829.410 Executing VM operation: ChangeBreakpoints done
Event: 3829.459 Executing VM operation: ChangeBreakpoints
Event: 3829.461 Executing VM operation: ChangeBreakpoints done
Event: 3829.577 Executing VM operation: GetFrameLocation
Event: 3829.577 Executing VM operation: GetFrameLocation done
Event: 3829.577 Executing VM operation: GetOrSetLocal


Dynamic libraries:
0x00007ff6c8e40000 - 0x00007ff6c8e4a000 	C:\Program Files\JetBrains\IntelliJ IDEA Community Edition 2019.3.3\jbr\bin\java.exe
0x00007ff92ec70000 - 0x00007ff92ee66000 	C:\WINDOWS\SYSTEM32\ntdll.dll
0x00007ff92e410000 - 0x00007ff92e4cd000 	C:\WINDOWS\System32\KERNEL32.DLL
0x00007ff92c8d0000 - 0x00007ff92cb99000 	C:\WINDOWS\System32\KERNELBASE.dll
0x00007ff92c7d0000 - 0x00007ff92c8d0000 	C:\WINDOWS\System32\ucrtbase.dll
0x00007ff9247e0000 - 0x00007ff9247f9000 	C:\Program Files\JetBrains\IntelliJ IDEA Community Edition 2019.3.3\jbr\bin\jli.dll
0x00007ff9247c0000 - 0x00007ff9247d7000 	C:\Program Files\JetBrains\IntelliJ IDEA Community Edition 2019.3.3\jbr\bin\VCRUNTIME140.dll
0x00007ff92d340000 - 0x00007ff92d4e0000 	C:\WINDOWS\System32\USER32.dll
0x00007ff90b9d0000 - 0x00007ff90bc6b000 	C:\WINDOWS\WinSxS\amd64_microsoft.windows.common-controls_6595b64144ccf1df_6.0.19041.746_none_ca02b4b61b8320a4\COMCTL32.dll
0x00007ff92e2d0000 - 0x00007ff92e36e000 	C:\WINDOWS\System32\msvcrt.dll
0x00007ff92cca0000 - 0x00007ff92ccc2000 	C:\WINDOWS\System32\win32u.dll
0x00007ff92eb10000 - 0x00007ff92eb3a000 	C:\WINDOWS\System32\GDI32.dll
0x00007ff92c490000 - 0x00007ff92c59b000 	C:\WINDOWS\System32\gdi32full.dll
0x00007ff92cba0000 - 0x00007ff92cc3d000 	C:\WINDOWS\System32\msvcp_win.dll
0x00007ff92ea80000 - 0x00007ff92eab0000 	C:\WINDOWS\System32\IMM32.DLL
0x00007ff9193d0000 - 0x00007ff91946d000 	C:\Program Files\JetBrains\IntelliJ IDEA Community Edition 2019.3.3\jbr\bin\msvcp140.dll
0x00007ff8d4de0000 - 0x00007ff8d58ae000 	C:\Program Files\JetBrains\IntelliJ IDEA Community Edition 2019.3.3\jbr\bin\server\jvm.dll
0x00007ff92cdf0000 - 0x00007ff92ce9c000 	C:\WINDOWS\System32\ADVAPI32.dll
0x00007ff92e370000 - 0x00007ff92e40c000 	C:\WINDOWS\System32\sechost.dll
0x00007ff92ceb0000 - 0x00007ff92cfdb000 	C:\WINDOWS\System32\RPCRT4.dll
0x00007ff92db70000 - 0x00007ff92db78000 	C:\WINDOWS\System32\PSAPI.DLL
0x00007ff91fac0000 - 0x00007ff91faca000 	C:\WINDOWS\SYSTEM32\VERSION.dll
0x00007ff91a990000 - 0x00007ff91a9b7000 	C:\WINDOWS\SYSTEM32\WINMM.dll
0x00007ff924720000 - 0x00007ff924729000 	C:\WINDOWS\SYSTEM32\WSOCK32.dll
0x00007ff92eb40000 - 0x00007ff92ebab000 	C:\WINDOWS\System32\WS2_32.dll
0x00007ff92ac90000 - 0x00007ff92aca2000 	C:\WINDOWS\SYSTEM32\kernel.appcore.dll
0x00007ff9246d0000 - 0x00007ff9246e1000 	C:\Program Files\JetBrains\IntelliJ IDEA Community Edition 2019.3.3\jbr\bin\verify.dll
0x00007ff92aa30000 - 0x00007ff92ac14000 	C:\WINDOWS\SYSTEM32\DBGHELP.DLL
0x00007ff90a580000 - 0x00007ff90a5ac000 	C:\WINDOWS\SYSTEM32\dbgcore.DLL
0x00007ff92c5a0000 - 0x00007ff92c620000 	C:\WINDOWS\System32\bcryptPrimitives.dll
0x00007ff91c180000 - 0x00007ff91c1a9000 	C:\Program Files\JetBrains\IntelliJ IDEA Community Edition 2019.3.3\jbr\bin\java.dll
0x00007ff9246b0000 - 0x00007ff9246bb000 	C:\Program Files\JetBrains\IntelliJ IDEA Community Edition 2019.3.3\jbr\bin\jimage.dll
0x00007ff91aef0000 - 0x00007ff91af29000 	C:\Program Files\JetBrains\IntelliJ IDEA Community Edition 2019.3.3\jbr\bin\jdwp.dll
0x00007ff924730000 - 0x00007ff92473f000 	C:\Program Files\JetBrains\IntelliJ IDEA Community Edition 2019.3.3\jbr\bin\instrument.dll
0x00007ff91c070000 - 0x00007ff91c088000 	C:\Program Files\JetBrains\IntelliJ IDEA Community Edition 2019.3.3\jbr\bin\zip.dll
0x00007ff92db80000 - 0x00007ff92e2c3000 	C:\WINDOWS\System32\SHELL32.dll
0x00007ff92a1e0000 - 0x00007ff92a96f000 	C:\WINDOWS\SYSTEM32\windows.storage.dll
0x00007ff92cfe0000 - 0x00007ff92d336000 	C:\WINDOWS\System32\combase.dll
0x00007ff92bda0000 - 0x00007ff92bdcc000 	C:\WINDOWS\SYSTEM32\Wldp.dll
0x00007ff92d9b0000 - 0x00007ff92da5e000 	C:\WINDOWS\System32\SHCORE.dll
0x00007ff92da60000 - 0x00007ff92dab5000 	C:\WINDOWS\System32\shlwapi.dll
0x00007ff92c2e0000 - 0x00007ff92c306000 	C:\WINDOWS\SYSTEM32\profapi.dll
0x00007ff91c020000 - 0x00007ff91c03a000 	C:\Program Files\JetBrains\IntelliJ IDEA Community Edition 2019.3.3\jbr\bin\net.dll
0x00007ff923740000 - 0x00007ff923840000 	C:\WINDOWS\SYSTEM32\WINHTTP.dll
0x00007ff92bb20000 - 0x00007ff92bb8a000 	C:\WINDOWS\system32\mswsock.dll
0x00007ff91c000000 - 0x00007ff91c014000 	C:\Program Files\JetBrains\IntelliJ IDEA Community Edition 2019.3.3\jbr\bin\nio.dll
0x00007ff91c1b0000 - 0x00007ff91c1bb000 	C:\Program Files\JetBrains\IntelliJ IDEA Community Edition 2019.3.3\jbr\bin\dt_socket.dll
0x00007ff91bff0000 - 0x00007ff91bffa000 	C:\Program Files\JetBrains\IntelliJ IDEA Community Edition 2019.3.3\jbr\bin\management.dll
0x00007ff91b0c0000 - 0x00007ff91b0cc000 	C:\Program Files\JetBrains\IntelliJ IDEA Community Edition 2019.3.3\jbr\bin\management_ext.dll
0x00007ff92b810000 - 0x00007ff92b84b000 	C:\WINDOWS\SYSTEM32\IPHLPAPI.DLL
0x00007ff92e530000 - 0x00007ff92e538000 	C:\WINDOWS\System32\NSI.dll
0x00007ff91fa40000 - 0x00007ff91fa57000 	C:\WINDOWS\SYSTEM32\dhcpcsvc6.DLL
0x00007ff91fe70000 - 0x00007ff91fe8d000 	C:\WINDOWS\SYSTEM32\dhcpcsvc.DLL
0x00007ff92b850000 - 0x00007ff92b91b000 	C:\WINDOWS\SYSTEM32\DNSAPI.dll
0x00007ff91ae90000 - 0x00007ff91aeb8000 	C:\Program Files\JetBrains\IntelliJ IDEA Community Edition 2019.3.3\jbr\bin\sunec.dll
0x00007ff92bcf0000 - 0x00007ff92bd08000 	C:\WINDOWS\SYSTEM32\CRYPTSP.dll
0x00007ff92b4b0000 - 0x00007ff92b4e4000 	C:\WINDOWS\system32\rsaenh.dll
0x00007ff92c460000 - 0x00007ff92c487000 	C:\WINDOWS\System32\bcrypt.dll
0x00007ff92c2a0000 - 0x00007ff92c2ce000 	C:\WINDOWS\SYSTEM32\USERENV.dll
0x00007ff92bd10000 - 0x00007ff92bd1c000 	C:\WINDOWS\SYSTEM32\CRYPTBASE.dll
0x00007ff8d60e0000 - 0x00007ff8d633a000 	C:\Users\Shawn Fang\AppData\Local\Temp\netty_tcnative_windows_x86_647228209100464422516.dll
0x00007ff924200000 - 0x00007ff924217000 	C:\WINDOWS\system32\napinsp.dll
0x00007ff923d40000 - 0x00007ff923d5b000 	C:\WINDOWS\system32\pnrpnsp.dll
0x00007ff9235c0000 - 0x00007ff9235d5000 	C:\WINDOWS\system32\wshbth.dll
0x00007ff924690000 - 0x00007ff9246ad000 	C:\WINDOWS\system32\NLAapi.dll
0x00007ff90a000000 - 0x00007ff90a012000 	C:\WINDOWS\System32\winrnr.dll
0x00007ff91f7a0000 - 0x00007ff91f7aa000 	C:\Windows\System32\rasadhlp.dll
0x00007ff91ee10000 - 0x00007ff91ee8f000 	C:\WINDOWS\System32\fwpuclnt.dll

dbghelp: loaded successfully - version: 4.0.5 - missing functions: none
symbol engine: initialized successfully - sym options: 0x614 - pdb path: .;C:\Program Files\JetBrains\IntelliJ IDEA Community Edition 2019.3.3\jbr\bin;C:\WINDOWS\SYSTEM32;C:\WINDOWS\WinSxS\amd64_microsoft.windows.common-controls_6595b64144ccf1df_6.0.19041.746_none_ca02b4b61b8320a4;C:\Program Files\JetBrains\IntelliJ IDEA Community Edition 2019.3.3\jbr\bin\server;C:\Users\Shawn Fang\AppData\Local\Temp

VM Arguments:
jvm_args: -agentlib:jdwp=transport=dt_socket,address=127.0.0.1:63782,suspend=y,server=n -ea -Djunit.jupiter.extensions.autodetection.enabled=true -Djunit.jupiter.execution.parallel.enabled=false -Djunit.jupiter.execution.parallel.mode.default=concurrent -Djacoco-agent.destfile=C:\work\azure-sdk-for-java\sdk\appconfiguration\azure-data-appconfiguration\target/jacoco.exec --add-exports=com.azure.core/com.azure.core.implementation.http=ALL-UNNAMED --add-opens=com.azure.data.appconfiguration/com.azure.data.appconfiguration=ALL-UNNAMED -Didea.test.cyclic.buffer.size=1048576 -javaagent:C:\Users\SHAWNF~1\AppData\Local\Temp\captureAgent333jars\debugger-agent.jar --patch-module=com.azure.data.appconfiguration=C:/work/azure-sdk-for-java/sdk/appconfiguration/azure-data-appconfiguration/target/test-classes --add-reads=com.azure.data.appconfiguration=ALL-UNNAMED --add-opens=com.azure.data.appconfiguration/com.azure.data.appconfiguration=ALL-UNNAMED --add-modules=com.azure.data.appconfiguration -Dfile.encoding=UTF-8 --module-path=C:\Users\Shawn Fang\.m2\repository\com\fasterxml\jackson\core\jackson-annotations\2.11.3\jackson-annotations-2.11.3.jar;C:\Users\Shawn Fang\.m2\repository\com\azure\azure-core\1.12.0\azure-core-1.12.0.jar;C:\Users\Shawn Fang\.m2\repository\com\fasterxml\jackson\dataformat\jackson-dataformat-xml\2.11.3\jackson-dataformat-xml-2.11.3.jar;C:\work\azure-sdk-for-java\sdk\appconfiguration\azure-data-appconfiguration\target\classes;C:\Users\Shawn Fang\.m2\repository\com\fasterxml\jackson\module\jackson-module-jaxb-annotations\2.11.3\jackson-module-jaxb-annotations-2.11.3.jar;C:\Users\Shawn Fang\.m2\repository\jakarta\activation\jakarta.activation-api\1.2.1\jakarta.activation-api-1.2.1.jar;C:\Users\Shawn Fang\.m2\repository\org\reactivestreams\reactive-streams\1.0.3\reactive-streams-1.0.3.jar;C:\Users\Shawn Fang\.m2\repository\com\fasterxml\jackson\datatype\jackson-datatype-jsr310\2.11.3\jackson-datatype-jsr310-2.11.3.jar;C:\Users\Shawn Fang\.m2\repository\org\slf4j\slf4j-api\1.7.30\slf4j-api-1.7.30.jar;C:\Users\Shawn Fang\.m2\repository\jakarta\xml\bind\jakarta.xml.bind-api\2.3.2\jakarta.xml.bind-api-2.3.2.jar;C:\Users\Shawn Fang\.m2\repository\com\fasterxml\jackson\core\jackson-databind\2.11.3\jackson-databind-2.11.3.jar;C:\Users\Shawn Fang\.m2\repository\io\projectreactor\reactor-core\3.3.12.RELEASE\reactor-core-3.3.12.RELEASE.jar;C:\Users\Shawn Fang\.m2\repository\com\fasterxml\jackson\core\jackson-core\2.11.3\jackson-core-2.11.3.jar;C:\Users\Shawn Fang\.m2\repository\org\codehaus\woodstox\stax2-api\4.2.1\stax2-api-4.2.1.jar 
java_command: com.intellij.rt.junit.JUnitStarter -ideVersion5 -junit5 com.azure.data.appconfiguration.ConfigurationAsyncClientTest,listRevisions(com.azure.core.http.HttpClient,com.azure.data.appconfiguration.ConfigurationServiceVersion)
java_class_path (initial): C:\Program Files\JetBrains\IntelliJ IDEA Community Edition 2019.3.3\lib\idea_rt.jar;C:\Users\Shawn Fang\.m2\repository\org\junit\platform\junit-platform-launcher\1.6.3\junit-platform-launcher-1.6.3.jar;C:\Program Files\JetBrains\IntelliJ IDEA Community Edition 2019.3.3\plugins\junit\lib\junit5-rt.jar;C:\Program Files\JetBrains\IntelliJ IDEA Community Edition 2019.3.3\plugins\junit\lib\junit-rt.jar;C:\work\azure-sdk-for-java\sdk\appconfiguration\azure-data-appconfiguration\target\test-classes;C:\Users\Shawn Fang\.m2\repository\com\fasterxml\woodstox\woodstox-core\6.2.1\woodstox-core-6.2.1.jar;C:\Users\Shawn Fang\.m2\repository\io\netty\netty-tcnative-boringssl-static\2.0.35.Final\netty-tcnative-boringssl-static-2.0.35.Final.jar;C:\Users\Shawn Fang\.m2\repository\com\azure\azure-core-http-netty\1.7.1\azure-core-http-netty-1.7.1.jar;C:\Users\Shawn Fang\.m2\repository\io\netty\netty-handler\4.1.54.Final\netty-handler-4.1.54.Final.jar;C:\Users\Shawn Fang\.m2\repository\io\netty\netty-common\4.1.54.Final\netty-common-4.1.54.Final.jar;C:\Users\Shawn Fang\.m2\repository\io\netty\netty-resolver\4.1.54.Final\netty-resolver-4.1.54.Final.jar;C:\Users\Shawn Fang\.m2\repository\io\netty\netty-transport\4.1.54.Final\netty-transport-4.1.54.Final.jar;C:\Users\Shawn Fang\.m2\repository\io\netty\netty-codec\4.1.54.Final\netty-codec-4.1.54.Final.jar;C:\Users\Shawn Fang\.m2\repository\io\netty\netty-handler-proxy\4.1.54.Final\netty-handler-proxy-4.1.54.Final.jar;C:\Users\Shawn Fang\.m2\repository\io\netty\netty-codec-socks\4.1.54.Final\netty-codec-socks-4.1.54.Final.jar;C:\Users\Shawn Fang\.m2\repository\io\netty\netty-buffer\4.1.54.Final\netty-buffer-4.1.54.Final.jar;C:\Users\Shawn Fang\.m2\repository\io\netty\netty-codec-http\4.1.54.Final\netty-codec-http-4.1.54.Final.jar;C:\Users\Shawn Fang\.m2\repository\io\netty\netty-codec-http2\4.1.54.Final\netty-codec-http2-4.1.54.Final.jar;C:\Users\Shawn Fang\.m2\repository\io\netty\netty-transport-native-unix-commo
Launcher Type: SUN_STANDARD

[Global flags]
     intx CICompilerCount                          = 4                                         {product} {ergonomic}
     uint ConcGCThreads                            = 2                                         {product} {ergonomic}
     uint G1ConcRefinementThreads                  = 8                                         {product} {ergonomic}
   size_t G1HeapRegionSize                         = 1048576                                   {product} {ergonomic}
    uintx GCDrainStackTargetSize                   = 64                                        {product} {ergonomic}
   size_t InitialHeapSize                          = 262144000                                 {product} {ergonomic}
   size_t MarkStackSize                            = 4194304                                   {product} {ergonomic}
   size_t MaxHeapSize                              = 4188012544                                {product} {ergonomic}
   size_t MaxNewSize                               = 2512388096                                {product} {ergonomic}
   size_t MinHeapDeltaBytes                        = 1048576                                   {product} {ergonomic}
    uintx NonNMethodCodeHeapSize                   = 5836300                                {pd product} {ergonomic}
    uintx NonProfiledCodeHeapSize                  = 122910970                              {pd product} {ergonomic}
    uintx ProfiledCodeHeapSize                     = 122910970                              {pd product} {ergonomic}
    uintx ReservedCodeCacheSize                    = 251658240                              {pd product} {ergonomic}
     bool SegmentedCodeCache                       = true                                      {product} {ergonomic}
     bool UseCompressedClassPointers               = true                                 {lp64_product} {ergonomic}
     bool UseCompressedOops                        = true                                 {lp64_product} {ergonomic}
     bool UseG1GC                                  = true                                      {product} {ergonomic}
     bool UseLargePagesIndividualAllocation        = false                                  {pd product} {ergonomic}

Logging:
Log output configuration:
 #0: stdout all=warning uptime,level,tags
 #1: stderr all=off uptime,level,tags

Environment Variables:
JAVA_HOME=C:\Program Files\AdoptOpenJDK\jdk-11.0.6.10-hotspot
PATH=C:\Program Files\ImageMagick-7.0.10-Q16-HDRI;C:\Python38\Scripts\;C:\Python38\;C:\Program Files\AdoptOpenJDK\jdk-11.0.6.10-hotspot\bin;C:\WINDOWS\system32;C:\WINDOWS;C:\WINDOWS\System32\Wbem;C:\WINDOWS\System32\WindowsPowerShell\v1.0\;C:\WINDOWS\System32\OpenSSH\;C:\Program Files\Git\cmd;C:\Program Files\nodejs\;C:\ProgramData\chocolatey\bin;C:\Program Files\PuTTY\;C:\Users\Shawn Fang\AppData\Local\Microsoft\WindowsApps;C:\Users\Shawn Fang\AppData\Local\Programs\Microsoft VS Code\bin;C:\Users\Shawn Fang\maven\apache-maven-3.6.3-bin\apache-maven-3.6.3\bin;C:\Users\Shawn Fang\AppData\Roaming\npm;
USERNAME=Shawn Fang
OS=Windows_NT
PROCESSOR_IDENTIFIER=Intel64 Family 6 Model 126 Stepping 5, GenuineIntel



---------------  S Y S T E M  ---------------

OS: Windows 10 , 64 bit Build 19041 (10.0.19041.662)
OS uptime: 1 days 2:49 hours

CPU:total 8 (initial active 8) (4 cores per cpu, 2 threads per core) family 6 model 126 stepping 5, cmov, cx8, fxsr, mmx, sse, sse2, sse3, ssse3, sse4.1, sse4.2, popcnt, avx, avx2, aes, clmul, erms, 3dnowpref, lzcnt, ht, tsc, tscinvbit, bmi1, bmi2, adx, evex, sha, fma

Memory: 4k page, system-wide physical 15970M (7011M free)
TotalPageFile size 20066M (AvailPageFile size 7115M)
current process WorkingSet (physical memory assigned to process): 217M, peak: 284M
current process commit charge ("private bytes"): 426M, peak: 449M

vm_info: OpenJDK 64-Bit Server VM (11.0.9.1+11-b1145.77) for windows-amd64 JRE (11.0.9.1+11-b1145.77), built on Jan 16 2021 05:14:13 by "" with MS VC++ 14.0 (VS2015)

END.
