#
# A fatal error has been detected by the Java Runtime Environment:
#
#  EXCEPTION_ACCESS_VIOLATION (0xc0000005) at pc=0x00007ffa2f5dbc8a, pid=23912, tid=12732
#
# JRE version: OpenJDK Runtime Environment Temurin-17.0.1+12 (17.0.1+12) (build 17.0.1+12)
# Java VM: OpenJDK 64-Bit Server VM Temurin-17.0.1+12 (17.0.1+12, mixed mode, tiered, compressed oops, compressed class ptrs, g1 gc, windows-amd64)
# Problematic frame:
# V  [jvm.dll+0x79bc8a]
#
# No core dump will be written. Minidumps are not enabled by default on client versions of Windows
#
# If you would like to submit a bug report, please visit:
#   https://github.com/adoptium/adoptium-support/issues
#

---------------  S U M M A R Y ------------

Command Line: -XX:+ShowCodeDetailsInExceptionMessages -agentlib:jdwp=transport=dt_socket,suspend=y,address=localhost:49498 -javaagent:C:\Users\seherzig\.eclipse\org.eclipse.platform_4.21.0_1709980481_win32_win32_x86_64\configuration\org.eclipse.osgi\221\0\.cp\lib\javaagent-shaded.jar -Dfile.encoding=UTF-8 --module-path=C:\git\azure-sdk-for-java\sdk\digitaltwins\azure-digitaltwins-core\target\classes;C:\Users\seherzig\.m2\repository\com\azure\azure-core\1.29.1\azure-core-1.29.1.jar;C:\Users\seherzig\.m2\repository\com\fasterxml\jackson\core\jackson-core\2.13.2\jackson-core-2.13.2.jar;C:\Users\seherzig\.m2\repository\com\fasterxml\jackson\core\jackson-databind\2.13.2.2\jackson-databind-2.13.2.2.jar;C:\Users\seherzig\.m2\repository\com\fasterxml\jackson\datatype\jackson-datatype-jsr310\2.13.2\jackson-datatype-jsr310-2.13.2.jar;C:\Users\seherzig\.m2\repository\com\fasterxml\jackson\dataformat\jackson-dataformat-xml\2.13.2\jackson-dataformat-xml-2.13.2.jar;C:\Users\seherzig\.m2\repository\org\codehaus\woodstox\stax2-api\4.2.1\stax2-api-4.2.1.jar;C:\Users\seherzig\.m2\repository\org\slf4j\slf4j-api\1.7.36\slf4j-api-1.7.36.jar;C:\Users\seherzig\.m2\repository\io\projectreactor\reactor-core\3.4.17\reactor-core-3.4.17.jar;C:\Users\seherzig\.m2\repository\org\reactivestreams\reactive-streams\1.0.3\reactive-streams-1.0.3.jar;C:\Users\seherzig\.m2\repository\com\azure\azure-core-http-netty\1.12.2\azure-core-http-netty-1.12.2.jar;C:\Users\seherzig\.m2\repository\io\netty\netty-handler\4.1.76.Final\netty-handler-4.1.76.Final.jar;C:\Users\seherzig\.m2\repository\io\netty\netty-common\4.1.76.Final\netty-common-4.1.76.Final.jar;C:\Users\seherzig\.m2\repository\io\netty\netty-resolver\4.1.76.Final\netty-resolver-4.1.76.Final.jar;C:\Users\seherzig\.m2\repository\io\netty\netty-transport\4.1.76.Final\netty-transport-4.1.76.Final.jar;C:\Users\seherzig\.m2\repository\io\netty\netty-codec\4.1.76.Final\netty-codec-4.1.76.Final.jar;C:\Users\seherzig\.m2\repository\io\netty\netty-handler-proxy\4.1.76.Final\netty-handler-proxy-4.1.76.Final.jar;C:\Users\seherzig\.m2\repository\io\netty\netty-buffer\4.1.76.Final\netty-buffer-4.1.76.Final.jar;C:\Users\seherzig\.m2\repository\io\netty\netty-codec-http\4.1.76.Final\netty-codec-http-4.1.76.Final.jar;C:\Users\seherzig\.m2\repository\io\projectreacto-Djdk.module.main=com.azure.digitaltwins.core com.azure.digitaltwins.core/com.azure.digitaltwins.core.Tests

Host: Intel(R) Xeon(R) W-2135 CPU @ 3.70GHz, 12 cores, 31G,  Windows 10 , 64 bit Build 19041 (10.0.19041.1741)
Time: Wed Jun 29 05:56:55 2022 Pacific Daylight Time elapsed time: 96.396208 seconds (0d 0h 1m 36s)

---------------  T H R E A D  ---------------

Current thread (0x000002186d25b390):  JavaThread "JDWP Transport Listener: dt_socket" daemon [_thread_in_vm, id=12732, stack(0x000000e1cad00000,0x000000e1cae00000)]

Stack: [0x000000e1cad00000,0x000000e1cae00000],  sp=0x000000e1cadff930,  free space=1022k
Native frames: (J=compiled Java code, j=interpreted, Vv=VM code, C=native code)
V  [jvm.dll+0x79bc8a]
V  [jvm.dll+0x507e6c]
V  [jvm.dll+0x4cf4d4]
C  [jdwp.dll+0x22dff]


siginfo: EXCEPTION_ACCESS_VIOLATION (0xc0000005), reading address 0x0000000000ae0014


Register to memory mapping:

RIP=0x00007ffa2f5dbc8a jvm.dll
RAX=0x00000000000000ad is an unknown value
RBX=0x000002186c9b6cc9 points into unknown readable memory: 6f 76 69 64 65 72 3b
RCX=0x0000000000ae0010 is an unknown value
RDX=0x000002186dd3b7d0 points into unknown readable memory: 0x757a612f6d6f634c | 4c 63 6f 6d 2f 61 7a 75
RSP=0x000000e1cadff930 is pointing into the stack for thread: 0x000002186d25b390
RBP=0x000002186dc6eff0 points into unknown readable memory: 0x0043005000000002 | 02 00 00 00 50 00 43 00
RSI=0x0 is NULL
RDI=0xffffffffffffffff is an unknown value
R8 =0x000000000000020e is an unknown value
R9 =0x0000000000000040 is an unknown value
R10=0x0000000000000200 is an unknown value
R11=0x000000e1cadff950 is pointing into the stack for thread: 0x000002186d25b390
R12=0x000000e1cadffa88 is pointing into the stack for thread: 0x000002186d25b390
R13=0x0 is NULL
R14=0x0000000800158660 is a pointer to class: 
com.azure.digitaltwins.core.BasicDigitalTwinSerializer {0x0000000800158668}
 - instance size:     2
 - klass size:        107
 - access:            public synchronized 
 - state:             fully_initialized
 - name:              'com/azure/digitaltwins/core/BasicDigitalTwinSerializer'
 - super:             'com/fasterxml/jackson/databind/ser/std/StdSerializer'
 - sub:               
 - arrays:            NULL
 - methods:           Array<T>(0x000002187086b610)
 - method ordering:   Array<T>(0x000002187086bac8)
 - default_methods:   Array<T>(0x0000000000000000)
 - local interfaces:  Array<T>(0x000002186c000058)
 - trans. interfaces: Array<T>(0x000002186d843838)
 - constants:         constant pool [184] {0x000002187086c8a8} for 'com/azure/digitaltwins/core/BasicDigitalTwinSerializer' cache=0x000002187086cf38
 - class loader data:  loader data: 0x000002186cca1bb0 for instance a 'jdk/internal/loader/ClassLoaders$AppClassLoader'{0x00000006214093b8}
 - source file:       'BasicDigitalTwinSerializer.java'
 - source debug extension:       SMAP
BasicDigitalTwinSerializer.java
Java
*S jdt
*F
1 BasicDigitalTwinSerializer.java
2 file:/C:/git/azure-sdk-for-java/sdk/digitaltwins/azure-digitaltwins-core/target/classes/
*L
*E

 - class annotations:       Array<T>(0x0000000000000000)
 - class type annotations:  Array<T>(0x0000000000000000)
 - field annotations:       Array<T>(0x0000000000000000)
 - field type annotations:  Array<T>(0x0000000000000000)
 - previous version:  constant pool [184] {0x000002186da26ad0} for 'com/azure/digitaltwins/core/BasicDigitalTwinSerializer' (extra) cache=0x000002187082b3d8
 - generic signature: '
[error occurred during error reporting (printing register info), id 0xc0000005, EXCEPTION_ACCESS_VIOLATION (0xc0000005) at pc=0x00007ffa2f5dc896]

Registers:
RAX=0x00000000000000ad, RBX=0x000002186c9b6cc9, RCX=0x0000000000ae0010, RDX=0x000002186dd3b7d0
RSP=0x000000e1cadff930, RBP=0x000002186dc6eff0, RSI=0x0000000000000000, RDI=0xffffffffffffffff
R8 =0x000000000000020e, R9 =0x0000000000000040, R10=0x0000000000000200, R11=0x000000e1cadff950
R12=0x000000e1cadffa88, R13=0x0000000000000000, R14=0x0000000800158660, R15=0x000000e1cadffad8
RIP=0x00007ffa2f5dbc8a, EFLAGS=0x0000000000010206

Top of Stack: (sp=0x000000e1cadff930)
0x000000e1cadff930:   0000000000000036 0000000800158660
0x000000e1cadff940:   000002186d25b390 0000000000000000
0x000000e1cadff950:   ffffffffffffffff 00007ffa2f347e6c
0x000000e1cadff960:   000002186c9b6cc9 000002186c9b6c90
0x000000e1cadff970:   000002186dc6eff0 000002186de7f600
0x000000e1cadff980:   000002186c9b6c40 00000000000003d8
0x000000e1cadff990:   000002186c9b6c50 000002186c9b7028
0x000000e1cadff9a0:   0000000000000002 000000e1cadffa88
0x000000e1cadff9b0:   0000000000000000 0000000000000000
0x000000e1cadff9c0:   000000062157bc90 00007ffa2f30f4d4
0x000000e1cadff9d0:   000002186d25b390 000000e1cadffad8
0x000000e1cadff9e0:   0000021843639510 000000e1cadffad8
0x000000e1cadff9f0:   000002186d25b390 0000000000000000
0x000000e1cadffa00:   0000021800000000 0000000000000000
0x000000e1cadffa10:   000000000000000d 00007ffac30e2dff
0x000000e1cadffa20:   000000e1cadffad0 00007ffac30f1aa0 

Instructions: (pc=0x00007ffa2f5dbc8a)
0x00007ffa2f5dbb8a:   48 83 c4 20 5f e9 3c a2 90 ff cc cc cc cc cc cc
0x00007ffa2f5dbb9a:   cc cc cc cc cc cc 48 89 5c 24 08 57 48 83 ec 20
0x00007ffa2f5dbbaa:   83 fa 02 8d 42 06 b9 08 00 00 00 49 8b d8 0f 4e
0x00007ffa2f5dbbba:   c1 48 63 c8 48 83 c1 07 83 e1 f8 48 63 f9 49 8b
0x00007ffa2f5dbbca:   48 18 48 8b c7 48 f7 d0 48 3b c1 73 16 4c 8d 05
0x00007ffa2f5dbbda:   5a 55 17 00 48 8b d7 48 8b cb e8 47 05 91 ff 48
0x00007ffa2f5dbbea:   8b 4b 18 48 8d 04 39 48 3b 43 20 76 18 45 33 c0
0x00007ffa2f5dbbfa:   48 8b d7 48 8b cb 48 8b 5c 24 30 48 83 c4 20 5f
0x00007ffa2f5dbc0a:   e9 a1 01 91 ff 48 89 43 18 48 8b c1 48 8b 5c 24
0x00007ffa2f5dbc1a:   30 48 83 c4 20 5f c3 cc cc cc cc cc cc cc cc cc
0x00007ffa2f5dbc2a:   cc cc cc cc cc cc 4c 8b d2 4c 8b d9 45 85 c0 7e
0x00007ffa2f5dbc3a:   3c 44 0f b7 49 04 41 8d 40 ff 41 3b c1 44 0f 4c
0x00007ffa2f5dbc4a:   c8 4d 63 c1 45 85 c9 7e 1f 48 8b c2 4c 2b da 49
0x00007ffa2f5dbc5a:   8b d0 0f 1f 40 00 41 0f b6 4c 03 06 88 08 48 8d
0x00007ffa2f5dbc6a:   40 01 48 83 ea 01 75 ee 43 c6 04 10 00 49 8b c2
0x00007ffa2f5dbc7a:   c3 cc cc cc cc cc 48 89 5c 24 08 57 48 83 ec 20
0x00007ffa2f5dbc8a:   0f b7 59 04 48 8b f9 33 d2 48 8d 4b 01 e8 24 e8
0x00007ffa2f5dbc9a:   f2 ff 0f b7 57 04 4c 8b c0 3b da 0f 42 d3 44 8b
0x00007ffa2f5dbcaa:   ca 85 d2 74 39 48 2b f8 0f 1f 40 00 66 66 0f 1f
0x00007ffa2f5dbcba:   84 00 00 00 00 00 0f b6 4c 07 06 88 08 48 ff c0
0x00007ffa2f5dbcca:   48 8b c8 49 2b c8 49 3b c9 7c eb 42 c6 04 02 00
0x00007ffa2f5dbcda:   49 8b c0 48 8b 5c 24 30 48 83 c4 20 5f c3 48 8b
0x00007ffa2f5dbcea:   5c 24 30 c6 04 02 00 48 83 c4 20 5f c3 cc cc cc
0x00007ffa2f5dbcfa:   cc cc cc cc cc cc 4c 8b d1 45 85 c0 7e 6c 44 0f
0x00007ffa2f5dbd0a:   b7 49 04 41 8d 40 ff 41 3b c1 44 0f 4c c8 4d 63
0x00007ffa2f5dbd1a:   d9 45 85 c9 7e 22 48 8b ca 4c 2b d2 4d 8b c3 0f
0x00007ffa2f5dbd2a:   1f 80 00 00 00 00 41 0f b6 44 0a 06 88 01 48 8d
0x00007ffa2f5dbd3a:   49 01 49 83 e8 01 75 ee 41 c6 04 13 00 48 c7 c0
0x00007ffa2f5dbd4a:   ff ff ff ff 66 90 48 ff c0 80 3c 02 00 75 f7 48
0x00007ffa2f5dbd5a:   63 c8 85 c0 48 8b c2 7e 14 80 38 2f 75 03 c6 00
0x00007ffa2f5dbd6a:   2e 48 ff c0 48 83 e9 01 75 ef 48 8b c2 c3 cc cc
0x00007ffa2f5dbd7a:   cc cc cc cc cc cc 48 83 ec 28 e8 f7 fe ff ff 4c 


Stack slot to memory mapping:
stack at sp + 0 slots: 0x0000000000000036 is an unknown value
stack at sp + 1 slots: 0x0000000800158660 is a pointer to class: 
com.azure.digitaltwins.core.BasicDigitalTwinSerializer {0x0000000800158668}
 - instance size:     2
 - klass size:        107
 - access:            public synchronized 
 - state:             fully_initialized
 - name:              'com/azure/digitaltwins/core/BasicDigitalTwinSerializer'
 - super:             'com/fasterxml/jackson/databind/ser/std/StdSerializer'
 - sub:               
 - arrays:            NULL
 - methods:           Array<T>(0x000002187086b610)
 - method ordering:   Array<T>(0x000002187086bac8)
 - default_methods:   Array<T>(0x0000000000000000)
 - local interfaces:  Array<T>(0x000002186c000058)
 - trans. interfaces: Array<T>(0x000002186d843838)
 - constants:         constant pool [184] {0x000002187086c8a8} for 'com/azure/digitaltwins/core/BasicDigitalTwinSerializer' cache=0x000002187086cf38
 - class loader data:  loader data: 0x000002186cca1bb0 for instance a 'jdk/internal/loader/ClassLoaders$AppClassLoader'{0x00000006214093b8}
 - source file:       'BasicDigitalTwinSerializer.java'
 - source debug extension:       SMAP
BasicDigitalTwinSerializer.java
Java
*S jdt
*F
1 BasicDigitalTwinSerializer.java
2 file:/C:/git/azure-sdk-for-java/sdk/digitaltwins/azure-digitaltwins-core/target/classes/
*L
*E

 - class annotations:       Array<T>(0x0000000000000000)
 - class type annotations:  Array<T>(0x0000000000000000)
 - field annotations:       Array<T>(0x0000000000000000)
 - field type annotations:  Array<T>(0x0000000000000000)
 - previous version:  constant pool [184] {0x000002186da26ad0} for 'com/azure/digitaltwins/core/BasicDigitalTwinSerializer' (extra) cache=0x000002187082b3d8
 - generic signature: '
[error occurred during error reporting (inspecting top of stack), id 0xc0000005, EXCEPTION_ACCESS_VIOLATION (0xc0000005) at pc=0x00007ffa2f5dc896]


---------------  P R O C E S S  ---------------

Threads class SMR info:
_java_thread_list=0x000002186f233810, length=15, elements={
0x000002184364cbd0, 0x000002186c828ec0, 0x000002186c829fb0, 0x000002186c846480,
0x000002186c849d60, 0x000002186c84a620, 0x000002186c87d510, 0x000002186c87e1f0,
0x000002186c87ebe0, 0x000002186c8ab8e0, 0x000002186c9e4440, 0x000002186d25b390,
0x000002186cfb2260, 0x000002186dc74420, 0x000002186d236370
}

Java Threads: ( => current thread )
  0x000002184364cbd0 JavaThread "main" [_thread_blocked, id=4048, stack(0x000000e1c9a00000,0x000000e1c9b00000)]
  0x000002186c828ec0 JavaThread "Reference Handler" daemon [_thread_blocked, id=7068, stack(0x000000e1ca100000,0x000000e1ca200000)]
  0x000002186c829fb0 JavaThread "Finalizer" daemon [_thread_blocked, id=32220, stack(0x000000e1ca200000,0x000000e1ca300000)]
  0x000002186c846480 JavaThread "Signal Dispatcher" daemon [_thread_blocked, id=24252, stack(0x000000e1ca300000,0x000000e1ca400000)]
  0x000002186c849d60 JavaThread "Attach Listener" daemon [_thread_blocked, id=26532, stack(0x000000e1ca400000,0x000000e1ca500000)]
  0x000002186c84a620 JavaThread "Service Thread" daemon [_thread_blocked, id=10800, stack(0x000000e1ca500000,0x000000e1ca600000)]
  0x000002186c87d510 JavaThread "Monitor Deflation Thread" daemon [_thread_blocked, id=24840, stack(0x000000e1ca600000,0x000000e1ca700000)]
  0x000002186c87e1f0 JavaThread "C2 CompilerThread0" daemon [_thread_blocked, id=2132, stack(0x000000e1ca700000,0x000000e1ca800000)]
  0x000002186c87ebe0 JavaThread "C1 CompilerThread0" daemon [_thread_blocked, id=12660, stack(0x000000e1ca800000,0x000000e1ca900000)]
  0x000002186c8ab8e0 JavaThread "Sweeper thread" daemon [_thread_blocked, id=8940, stack(0x000000e1ca900000,0x000000e1caa00000)]
  0x000002186c9e4440 JavaThread "Common-Cleaner" daemon [_thread_blocked, id=28964, stack(0x000000e1caa00000,0x000000e1cab00000)]
=>0x000002186d25b390 JavaThread "JDWP Transport Listener: dt_socket" daemon [_thread_in_vm, id=12732, stack(0x000000e1cad00000,0x000000e1cae00000)]
  0x000002186cfb2260 JavaThread "JDWP Event Helper Thread" daemon [_thread_blocked, id=25196, stack(0x000000e1cae00000,0x000000e1caf00000)]
  0x000002186dc74420 JavaThread "JDWP Command Reader" daemon [_thread_in_native, id=10056, stack(0x000000e1caf00000,0x000000e1cb000000)]
  0x000002186d236370 JavaThread "Notification Thread" daemon [_thread_blocked, id=28080, stack(0x000000e1cac00000,0x000000e1cad00000)]

Other Threads:
  0x000002186c8240b0 VMThread "VM Thread" [stack: 0x000000e1ca000000,0x000000e1ca100000] [id=31908]
  0x00000218436dc190 WatcherThread [stack: 0x000000e1cb000000,0x000000e1cb100000] [id=10996]
  0x00000218436c0790 GCTaskThread "GC Thread#0" [stack: 0x000000e1c9b00000,0x000000e1c9c00000] [id=34268]
  0x000002186d219250 GCTaskThread "GC Thread#1" [stack: 0x000000e1cb100000,0x000000e1cb200000] [id=21820]
  0x000002186d219500 GCTaskThread "GC Thread#2" [stack: 0x000000e1cb200000,0x000000e1cb300000] [id=30120]
  0x000002186cba6690 GCTaskThread "GC Thread#3" [stack: 0x000000e1cb300000,0x000000e1cb400000] [id=32912]
  0x000002186cfb6190 GCTaskThread "GC Thread#4" [stack: 0x000000e1cb400000,0x000000e1cb500000] [id=17800]
  0x000002186cba6940 GCTaskThread "GC Thread#5" [stack: 0x000000e1cb500000,0x000000e1cb600000] [id=23208]
  0x000002186cba6bf0 GCTaskThread "GC Thread#6" [stack: 0x000000e1cb600000,0x000000e1cb700000] [id=26680]
  0x000002186d3f83c0 GCTaskThread "GC Thread#7" [stack: 0x000000e1cb700000,0x000000e1cb800000] [id=5572]
  0x000002186d3f8670 GCTaskThread "GC Thread#8" [stack: 0x000000e1cb800000,0x000000e1cb900000] [id=26716]
  0x000002186d3f8920 GCTaskThread "GC Thread#9" [stack: 0x000000e1cb900000,0x000000e1cba00000] [id=25016]
  0x00000218436d1c40 ConcurrentGCThread "G1 Main Marker" [stack: 0x000000e1c9c00000,0x000000e1c9d00000] [id=32332]
  0x00000218436d2650 ConcurrentGCThread "G1 Conc#0" [stack: 0x000000e1c9d00000,0x000000e1c9e00000] [id=25116]
  0x000002184371d0c0 ConcurrentGCThread "G1 Refine#0" [stack: 0x000000e1c9e00000,0x000000e1c9f00000] [id=28236]
  0x000002184371dae0 ConcurrentGCThread "G1 Service" [stack: 0x000000e1c9f00000,0x000000e1ca000000] [id=26620]

Threads with active compile tasks:

VM state: not at safepoint (normal execution)

VM Mutex/Monitor currently owned by a thread: None

Heap address: 0x0000000604400000, size: 8124 MB, Compressed Oops mode: Zero based, Oop shift amount: 3

CDS archive(s) not mapped
Compressed class space mapped at: 0x0000000800000000-0x0000000840000000, reserved size: 1073741824
Narrow klass base: 0x0000000800000000, Narrow klass shift: 0, Narrow klass range: 0x40000000

GC Precious Log:
 CPUs: 12 total, 12 available
 Memory: 32495M
 Large Page Support: Disabled
 NUMA Support: Disabled
 Compressed Oops: Enabled (Zero based)
 Heap Region Size: 4M
 Heap Min Capacity: 8M
 Heap Initial Capacity: 508M
 Heap Max Capacity: 8124M
 Pre-touch: Disabled
 Parallel Workers: 10
 Concurrent Workers: 3
 Concurrent Refinement Workers: 10
 Periodic GC: Disabled

Heap:
 garbage-first heap   total 520192K, used 15790K [0x0000000604400000, 0x0000000800000000)
  region size 4096K, 5 young (20480K), 1 survivors (4096K)
 Metaspace       used 17765K, committed 17856K, reserved 1073152K
  class space    used 1667K, committed 1728K, reserved 1048576K

Heap Regions: E=young(eden), S=young(survivor), O=old, HS=humongous(starts), HC=humongous(continues), CS=collection set, F=free, OA=open archive, CA=closed archive, TAMS=top-at-mark-start (previous, next)
|   0|0x0000000604400000, 0x0000000604400000, 0x0000000604800000|  0%| F|  |TAMS 0x0000000604400000, 0x0000000604400000| Untracked 
|   1|0x0000000604800000, 0x0000000604800000, 0x0000000604c00000|  0%| F|  |TAMS 0x0000000604800000, 0x0000000604800000| Untracked 
|   2|0x0000000604c00000, 0x0000000604c00000, 0x0000000605000000|  0%| F|  |TAMS 0x0000000604c00000, 0x0000000604c00000| Untracked 
|   3|0x0000000605000000, 0x0000000605000000, 0x0000000605400000|  0%| F|  |TAMS 0x0000000605000000, 0x0000000605000000| Untracked 
|   4|0x0000000605400000, 0x0000000605400000, 0x0000000605800000|  0%| F|  |TAMS 0x0000000605400000, 0x0000000605400000| Untracked 
|   5|0x0000000605800000, 0x0000000605800000, 0x0000000605c00000|  0%| F|  |TAMS 0x0000000605800000, 0x0000000605800000| Untracked 
|   6|0x0000000605c00000, 0x0000000605c00000, 0x0000000606000000|  0%| F|  |TAMS 0x0000000605c00000, 0x0000000605c00000| Untracked 
|   7|0x0000000606000000, 0x0000000606000000, 0x0000000606400000|  0%| F|  |TAMS 0x0000000606000000, 0x0000000606000000| Untracked 
|   8|0x0000000606400000, 0x0000000606400000, 0x0000000606800000|  0%| F|  |TAMS 0x0000000606400000, 0x0000000606400000| Untracked 
|   9|0x0000000606800000, 0x0000000606800000, 0x0000000606c00000|  0%| F|  |TAMS 0x0000000606800000, 0x0000000606800000| Untracked 
|  10|0x0000000606c00000, 0x0000000606c00000, 0x0000000607000000|  0%| F|  |TAMS 0x0000000606c00000, 0x0000000606c00000| Untracked 
|  11|0x0000000607000000, 0x0000000607000000, 0x0000000607400000|  0%| F|  |TAMS 0x0000000607000000, 0x0000000607000000| Untracked 
|  12|0x0000000607400000, 0x0000000607400000, 0x0000000607800000|  0%| F|  |TAMS 0x0000000607400000, 0x0000000607400000| Untracked 
|  13|0x0000000607800000, 0x0000000607800000, 0x0000000607c00000|  0%| F|  |TAMS 0x0000000607800000, 0x0000000607800000| Untracked 
|  14|0x0000000607c00000, 0x0000000607c00000, 0x0000000608000000|  0%| F|  |TAMS 0x0000000607c00000, 0x0000000607c00000| Untracked 
|  15|0x0000000608000000, 0x0000000608000000, 0x0000000608400000|  0%| F|  |TAMS 0x0000000608000000, 0x0000000608000000| Untracked 
|  16|0x0000000608400000, 0x0000000608400000, 0x0000000608800000|  0%| F|  |TAMS 0x0000000608400000, 0x0000000608400000| Untracked 
|  17|0x0000000608800000, 0x0000000608800000, 0x0000000608c00000|  0%| F|  |TAMS 0x0000000608800000, 0x0000000608800000| Untracked 
|  18|0x0000000608c00000, 0x0000000608c00000, 0x0000000609000000|  0%| F|  |TAMS 0x0000000608c00000, 0x0000000608c00000| Untracked 
|  19|0x0000000609000000, 0x0000000609000000, 0x0000000609400000|  0%| F|  |TAMS 0x0000000609000000, 0x0000000609000000| Untracked 
|  20|0x0000000609400000, 0x0000000609400000, 0x0000000609800000|  0%| F|  |TAMS 0x0000000609400000, 0x0000000609400000| Untracked 
|  21|0x0000000609800000, 0x0000000609800000, 0x0000000609c00000|  0%| F|  |TAMS 0x0000000609800000, 0x0000000609800000| Untracked 
|  22|0x0000000609c00000, 0x0000000609c00000, 0x000000060a000000|  0%| F|  |TAMS 0x0000000609c00000, 0x0000000609c00000| Untracked 
|  23|0x000000060a000000, 0x000000060a000000, 0x000000060a400000|  0%| F|  |TAMS 0x000000060a000000, 0x000000060a000000| Untracked 
|  24|0x000000060a400000, 0x000000060a400000, 0x000000060a800000|  0%| F|  |TAMS 0x000000060a400000, 0x000000060a400000| Untracked 
|  25|0x000000060a800000, 0x000000060a800000, 0x000000060ac00000|  0%| F|  |TAMS 0x000000060a800000, 0x000000060a800000| Untracked 
|  26|0x000000060ac00000, 0x000000060ac00000, 0x000000060b000000|  0%| F|  |TAMS 0x000000060ac00000, 0x000000060ac00000| Untracked 
|  27|0x000000060b000000, 0x000000060b000000, 0x000000060b400000|  0%| F|  |TAMS 0x000000060b000000, 0x000000060b000000| Untracked 
|  28|0x000000060b400000, 0x000000060b400000, 0x000000060b800000|  0%| F|  |TAMS 0x000000060b400000, 0x000000060b400000| Untracked 
|  29|0x000000060b800000, 0x000000060b800000, 0x000000060bc00000|  0%| F|  |TAMS 0x000000060b800000, 0x000000060b800000| Untracked 
|  30|0x000000060bc00000, 0x000000060bc00000, 0x000000060c000000|  0%| F|  |TAMS 0x000000060bc00000, 0x000000060bc00000| Untracked 
|  31|0x000000060c000000, 0x000000060c000000, 0x000000060c400000|  0%| F|  |TAMS 0x000000060c000000, 0x000000060c000000| Untracked 
|  32|0x000000060c400000, 0x000000060c400000, 0x000000060c800000|  0%| F|  |TAMS 0x000000060c400000, 0x000000060c400000| Untracked 
|  33|0x000000060c800000, 0x000000060c800000, 0x000000060cc00000|  0%| F|  |TAMS 0x000000060c800000, 0x000000060c800000| Untracked 
|  34|0x000000060cc00000, 0x000000060cc00000, 0x000000060d000000|  0%| F|  |TAMS 0x000000060cc00000, 0x000000060cc00000| Untracked 
|  35|0x000000060d000000, 0x000000060d000000, 0x000000060d400000|  0%| F|  |TAMS 0x000000060d000000, 0x000000060d000000| Untracked 
|  36|0x000000060d400000, 0x000000060d400000, 0x000000060d800000|  0%| F|  |TAMS 0x000000060d400000, 0x000000060d400000| Untracked 
|  37|0x000000060d800000, 0x000000060d800000, 0x000000060dc00000|  0%| F|  |TAMS 0x000000060d800000, 0x000000060d800000| Untracked 
|  38|0x000000060dc00000, 0x000000060dc00000, 0x000000060e000000|  0%| F|  |TAMS 0x000000060dc00000, 0x000000060dc00000| Untracked 
|  39|0x000000060e000000, 0x000000060e000000, 0x000000060e400000|  0%| F|  |TAMS 0x000000060e000000, 0x000000060e000000| Untracked 
|  40|0x000000060e400000, 0x000000060e400000, 0x000000060e800000|  0%| F|  |TAMS 0x000000060e400000, 0x000000060e400000| Untracked 
|  41|0x000000060e800000, 0x000000060e800000, 0x000000060ec00000|  0%| F|  |TAMS 0x000000060e800000, 0x000000060e800000| Untracked 
|  42|0x000000060ec00000, 0x000000060ec00000, 0x000000060f000000|  0%| F|  |TAMS 0x000000060ec00000, 0x000000060ec00000| Untracked 
|  43|0x000000060f000000, 0x000000060f000000, 0x000000060f400000|  0%| F|  |TAMS 0x000000060f000000, 0x000000060f000000| Untracked 
|  44|0x000000060f400000, 0x000000060f400000, 0x000000060f800000|  0%| F|  |TAMS 0x000000060f400000, 0x000000060f400000| Untracked 
|  45|0x000000060f800000, 0x000000060f800000, 0x000000060fc00000|  0%| F|  |TAMS 0x000000060f800000, 0x000000060f800000| Untracked 
|  46|0x000000060fc00000, 0x000000060fc00000, 0x0000000610000000|  0%| F|  |TAMS 0x000000060fc00000, 0x000000060fc00000| Untracked 
|  47|0x0000000610000000, 0x0000000610000000, 0x0000000610400000|  0%| F|  |TAMS 0x0000000610000000, 0x0000000610000000| Untracked 
|  48|0x0000000610400000, 0x0000000610400000, 0x0000000610800000|  0%| F|  |TAMS 0x0000000610400000, 0x0000000610400000| Untracked 
|  49|0x0000000610800000, 0x0000000610800000, 0x0000000610c00000|  0%| F|  |TAMS 0x0000000610800000, 0x0000000610800000| Untracked 
|  50|0x0000000610c00000, 0x0000000610c00000, 0x0000000611000000|  0%| F|  |TAMS 0x0000000610c00000, 0x0000000610c00000| Untracked 
|  51|0x0000000611000000, 0x0000000611000000, 0x0000000611400000|  0%| F|  |TAMS 0x0000000611000000, 0x0000000611000000| Untracked 
|  52|0x0000000611400000, 0x0000000611400000, 0x0000000611800000|  0%| F|  |TAMS 0x0000000611400000, 0x0000000611400000| Untracked 
|  53|0x0000000611800000, 0x0000000611800000, 0x0000000611c00000|  0%| F|  |TAMS 0x0000000611800000, 0x0000000611800000| Untracked 
|  54|0x0000000611c00000, 0x0000000611c00000, 0x0000000612000000|  0%| F|  |TAMS 0x0000000611c00000, 0x0000000611c00000| Untracked 
|  55|0x0000000612000000, 0x0000000612000000, 0x0000000612400000|  0%| F|  |TAMS 0x0000000612000000, 0x0000000612000000| Untracked 
|  56|0x0000000612400000, 0x0000000612400000, 0x0000000612800000|  0%| F|  |TAMS 0x0000000612400000, 0x0000000612400000| Untracked 
|  57|0x0000000612800000, 0x0000000612800000, 0x0000000612c00000|  0%| F|  |TAMS 0x0000000612800000, 0x0000000612800000| Untracked 
|  58|0x0000000612c00000, 0x0000000612c00000, 0x0000000613000000|  0%| F|  |TAMS 0x0000000612c00000, 0x0000000612c00000| Untracked 
|  59|0x0000000613000000, 0x0000000613000000, 0x0000000613400000|  0%| F|  |TAMS 0x0000000613000000, 0x0000000613000000| Untracked 
|  60|0x0000000613400000, 0x0000000613400000, 0x0000000613800000|  0%| F|  |TAMS 0x0000000613400000, 0x0000000613400000| Untracked 
|  61|0x0000000613800000, 0x0000000613800000, 0x0000000613c00000|  0%| F|  |TAMS 0x0000000613800000, 0x0000000613800000| Untracked 
|  62|0x0000000613c00000, 0x0000000613c00000, 0x0000000614000000|  0%| F|  |TAMS 0x0000000613c00000, 0x0000000613c00000| Untracked 
|  63|0x0000000614000000, 0x0000000614000000, 0x0000000614400000|  0%| F|  |TAMS 0x0000000614000000, 0x0000000614000000| Untracked 
|  64|0x0000000614400000, 0x0000000614400000, 0x0000000614800000|  0%| F|  |TAMS 0x0000000614400000, 0x0000000614400000| Untracked 
|  65|0x0000000614800000, 0x0000000614800000, 0x0000000614c00000|  0%| F|  |TAMS 0x0000000614800000, 0x0000000614800000| Untracked 
|  66|0x0000000614c00000, 0x0000000614c00000, 0x0000000615000000|  0%| F|  |TAMS 0x0000000614c00000, 0x0000000614c00000| Untracked 
|  67|0x0000000615000000, 0x0000000615000000, 0x0000000615400000|  0%| F|  |TAMS 0x0000000615000000, 0x0000000615000000| Untracked 
|  68|0x0000000615400000, 0x0000000615400000, 0x0000000615800000|  0%| F|  |TAMS 0x0000000615400000, 0x0000000615400000| Untracked 
|  69|0x0000000615800000, 0x0000000615800000, 0x0000000615c00000|  0%| F|  |TAMS 0x0000000615800000, 0x0000000615800000| Untracked 
|  70|0x0000000615c00000, 0x0000000615c00000, 0x0000000616000000|  0%| F|  |TAMS 0x0000000615c00000, 0x0000000615c00000| Untracked 
|  71|0x0000000616000000, 0x0000000616000000, 0x0000000616400000|  0%| F|  |TAMS 0x0000000616000000, 0x0000000616000000| Untracked 
|  72|0x0000000616400000, 0x0000000616400000, 0x0000000616800000|  0%| F|  |TAMS 0x0000000616400000, 0x0000000616400000| Untracked 
|  73|0x0000000616800000, 0x0000000616800000, 0x0000000616c00000|  0%| F|  |TAMS 0x0000000616800000, 0x0000000616800000| Untracked 
|  74|0x0000000616c00000, 0x0000000616c00000, 0x0000000617000000|  0%| F|  |TAMS 0x0000000616c00000, 0x0000000616c00000| Untracked 
|  75|0x0000000617000000, 0x0000000617000000, 0x0000000617400000|  0%| F|  |TAMS 0x0000000617000000, 0x0000000617000000| Untracked 
|  76|0x0000000617400000, 0x0000000617400000, 0x0000000617800000|  0%| F|  |TAMS 0x0000000617400000, 0x0000000617400000| Untracked 
|  77|0x0000000617800000, 0x0000000617800000, 0x0000000617c00000|  0%| F|  |TAMS 0x0000000617800000, 0x0000000617800000| Untracked 
|  78|0x0000000617c00000, 0x0000000617c00000, 0x0000000618000000|  0%| F|  |TAMS 0x0000000617c00000, 0x0000000617c00000| Untracked 
|  79|0x0000000618000000, 0x0000000618000000, 0x0000000618400000|  0%| F|  |TAMS 0x0000000618000000, 0x0000000618000000| Untracked 
|  80|0x0000000618400000, 0x0000000618400000, 0x0000000618800000|  0%| F|  |TAMS 0x0000000618400000, 0x0000000618400000| Untracked 
|  81|0x0000000618800000, 0x0000000618800000, 0x0000000618c00000|  0%| F|  |TAMS 0x0000000618800000, 0x0000000618800000| Untracked 
|  82|0x0000000618c00000, 0x0000000618c00000, 0x0000000619000000|  0%| F|  |TAMS 0x0000000618c00000, 0x0000000618c00000| Untracked 
|  83|0x0000000619000000, 0x0000000619000000, 0x0000000619400000|  0%| F|  |TAMS 0x0000000619000000, 0x0000000619000000| Untracked 
|  84|0x0000000619400000, 0x0000000619400000, 0x0000000619800000|  0%| F|  |TAMS 0x0000000619400000, 0x0000000619400000| Untracked 
|  85|0x0000000619800000, 0x0000000619800000, 0x0000000619c00000|  0%| F|  |TAMS 0x0000000619800000, 0x0000000619800000| Untracked 
|  86|0x0000000619c00000, 0x0000000619c00000, 0x000000061a000000|  0%| F|  |TAMS 0x0000000619c00000, 0x0000000619c00000| Untracked 
|  87|0x000000061a000000, 0x000000061a000000, 0x000000061a400000|  0%| F|  |TAMS 0x000000061a000000, 0x000000061a000000| Untracked 
|  88|0x000000061a400000, 0x000000061a400000, 0x000000061a800000|  0%| F|  |TAMS 0x000000061a400000, 0x000000061a400000| Untracked 
|  89|0x000000061a800000, 0x000000061a800000, 0x000000061ac00000|  0%| F|  |TAMS 0x000000061a800000, 0x000000061a800000| Untracked 
|  90|0x000000061ac00000, 0x000000061ac00000, 0x000000061b000000|  0%| F|  |TAMS 0x000000061ac00000, 0x000000061ac00000| Untracked 
|  91|0x000000061b000000, 0x000000061b000000, 0x000000061b400000|  0%| F|  |TAMS 0x000000061b000000, 0x000000061b000000| Untracked 
|  92|0x000000061b400000, 0x000000061b400000, 0x000000061b800000|  0%| F|  |TAMS 0x000000061b400000, 0x000000061b400000| Untracked 
|  93|0x000000061b800000, 0x000000061b800000, 0x000000061bc00000|  0%| F|  |TAMS 0x000000061b800000, 0x000000061b800000| Untracked 
|  94|0x000000061bc00000, 0x000000061bc00000, 0x000000061c000000|  0%| F|  |TAMS 0x000000061bc00000, 0x000000061bc00000| Untracked 
|  95|0x000000061c000000, 0x000000061c000000, 0x000000061c400000|  0%| F|  |TAMS 0x000000061c000000, 0x000000061c000000| Untracked 
|  96|0x000000061c400000, 0x000000061c400000, 0x000000061c800000|  0%| F|  |TAMS 0x000000061c400000, 0x000000061c400000| Untracked 
|  97|0x000000061c800000, 0x000000061c800000, 0x000000061cc00000|  0%| F|  |TAMS 0x000000061c800000, 0x000000061c800000| Untracked 
|  98|0x000000061cc00000, 0x000000061cc00000, 0x000000061d000000|  0%| F|  |TAMS 0x000000061cc00000, 0x000000061cc00000| Untracked 
|  99|0x000000061d000000, 0x000000061d000000, 0x000000061d400000|  0%| F|  |TAMS 0x000000061d000000, 0x000000061d000000| Untracked 
| 100|0x000000061d400000, 0x000000061d400000, 0x000000061d800000|  0%| F|  |TAMS 0x000000061d400000, 0x000000061d400000| Untracked 
| 101|0x000000061d800000, 0x000000061d800000, 0x000000061dc00000|  0%| F|  |TAMS 0x000000061d800000, 0x000000061d800000| Untracked 
| 102|0x000000061dc00000, 0x000000061dc00000, 0x000000061e000000|  0%| F|  |TAMS 0x000000061dc00000, 0x000000061dc00000| Untracked 
| 103|0x000000061e000000, 0x000000061e000000, 0x000000061e400000|  0%| F|  |TAMS 0x000000061e000000, 0x000000061e000000| Untracked 
| 104|0x000000061e400000, 0x000000061e400000, 0x000000061e800000|  0%| F|  |TAMS 0x000000061e400000, 0x000000061e400000| Untracked 
| 105|0x000000061e800000, 0x000000061e800000, 0x000000061ec00000|  0%| F|  |TAMS 0x000000061e800000, 0x000000061e800000| Untracked 
| 106|0x000000061ec00000, 0x000000061ec00000, 0x000000061f000000|  0%| F|  |TAMS 0x000000061ec00000, 0x000000061ec00000| Untracked 
| 107|0x000000061f000000, 0x000000061f000000, 0x000000061f400000|  0%| F|  |TAMS 0x000000061f000000, 0x000000061f000000| Untracked 
| 108|0x000000061f400000, 0x000000061f400000, 0x000000061f800000|  0%| F|  |TAMS 0x000000061f400000, 0x000000061f400000| Untracked 
| 109|0x000000061f800000, 0x000000061f800000, 0x000000061fc00000|  0%| F|  |TAMS 0x000000061f800000, 0x000000061f800000| Untracked 
| 110|0x000000061fc00000, 0x000000061fc00000, 0x0000000620000000|  0%| F|  |TAMS 0x000000061fc00000, 0x000000061fc00000| Untracked 
| 111|0x0000000620000000, 0x0000000620000000, 0x0000000620400000|  0%| F|  |TAMS 0x0000000620000000, 0x0000000620000000| Untracked 
| 112|0x0000000620400000, 0x0000000620400000, 0x0000000620800000|  0%| F|  |TAMS 0x0000000620400000, 0x0000000620400000| Untracked 
| 113|0x0000000620800000, 0x0000000620800000, 0x0000000620c00000|  0%| F|  |TAMS 0x0000000620800000, 0x0000000620800000| Untracked 
| 114|0x0000000620c00000, 0x0000000620c00000, 0x0000000621000000|  0%| F|  |TAMS 0x0000000620c00000, 0x0000000620c00000| Untracked 
| 115|0x0000000621000000, 0x0000000621000000, 0x0000000621400000|  0%| F|  |TAMS 0x0000000621000000, 0x0000000621000000| Untracked 
| 116|0x0000000621400000, 0x000000062176ba58, 0x0000000621800000| 85%| S|CS|TAMS 0x0000000621400000, 0x0000000621400000| Complete 
| 117|0x0000000621800000, 0x0000000621800000, 0x0000000621c00000|  0%| F|  |TAMS 0x0000000621800000, 0x0000000621800000| Untracked 
| 118|0x0000000621c00000, 0x0000000621c00000, 0x0000000622000000|  0%| F|  |TAMS 0x0000000621c00000, 0x0000000621c00000| Untracked 
| 119|0x0000000622000000, 0x0000000622000000, 0x0000000622400000|  0%| F|  |TAMS 0x0000000622000000, 0x0000000622000000| Untracked 
| 120|0x0000000622400000, 0x0000000622400000, 0x0000000622800000|  0%| F|  |TAMS 0x0000000622400000, 0x0000000622400000| Untracked 
| 121|0x0000000622800000, 0x0000000622800000, 0x0000000622c00000|  0%| F|  |TAMS 0x0000000622800000, 0x0000000622800000| Untracked 
| 122|0x0000000622c00000, 0x0000000622c00000, 0x0000000623000000|  0%| F|  |TAMS 0x0000000622c00000, 0x0000000622c00000| Untracked 
| 123|0x0000000623000000, 0x0000000623400000, 0x0000000623400000|100%| E|  |TAMS 0x0000000623000000, 0x0000000623000000| Complete 
| 124|0x0000000623400000, 0x0000000623800000, 0x0000000623800000|100%| E|CS|TAMS 0x0000000623400000, 0x0000000623400000| Complete 
| 125|0x0000000623800000, 0x0000000623c00000, 0x0000000623c00000|100%| E|CS|TAMS 0x0000000623800000, 0x0000000623800000| Complete 
| 126|0x0000000623c00000, 0x0000000624000000, 0x0000000624000000|100%| E|CS|TAMS 0x0000000623c00000, 0x0000000623c00000| Complete 

Card table byte_map: [0x0000021857220000,0x0000021858200000] _byte_map_base: 0x00000218541fe000

Marking Bits (Prev, Next): (CMBitMap*) 0x00000218436c0da0, (CMBitMap*) 0x00000218436c0de0
 Prev Bits: [0x00000218591e0000, 0x00000218610d0000)
 Next Bits: [0x00000218610d0000, 0x0000021868fc0000)

Polling page: 0x0000021841390000

Metaspace:

Usage:
  Non-class:     15.72 MB used.
      Class:      1.63 MB used.
       Both:     17.35 MB used.

Virtual space:
  Non-class space:       24.00 MB reserved,      15.75 MB ( 66%) committed,  3 nodes.
      Class space:        1.00 GB reserved,       1.69 MB ( <1%) committed,  1 nodes.
             Both:        1.02 GB reserved,      17.44 MB (  2%) committed. 

Chunk freelists:
   Non-Class:  3.56 MB
       Class:  2.33 MB
        Both:  5.89 MB

MaxMetaspaceSize: unlimited
CompressedClassSpaceSize: 1.00 GB
Initial GC threshold: 21.00 MB
Current GC threshold: 21.00 MB
CDS: off
MetaspaceReclaimPolicy: balanced
 - commit_granule_bytes: 65536.
 - commit_granule_words: 8192.
 - virtual_space_node_default_size: 1048576.
 - enlarge_chunks_in_place: 1.
 - new_chunks_are_fully_committed: 0.
 - uncommit_free_chunks: 1.
 - use_allocation_guard: 0.
 - handle_deallocations: 1.


Internal statistics:

num_allocs_failed_limit: 0.
num_arena_births: 40.
num_arena_deaths: 0.
num_vsnodes_births: 4.
num_vsnodes_deaths: 0.
num_space_committed: 279.
num_space_uncommitted: 0.
num_chunks_returned_to_freelist: 0.
num_chunks_taken_from_freelist: 251.
num_chunk_merges: 0.
num_chunk_splits: 191.
num_chunks_enlarged: 168.
num_purges: 0.
num_inconsistent_stats: 0.

CodeHeap 'non-profiled nmethods': size=120000Kb used=665Kb max_used=665Kb free=119334Kb
 bounds [0x000002184e7c0000, 0x000002184ea30000, 0x0000021855cf0000]
CodeHeap 'profiled nmethods': size=120000Kb used=2747Kb max_used=2747Kb free=117252Kb
 bounds [0x0000021847290000, 0x0000021847540000, 0x000002184e7c0000]
CodeHeap 'non-nmethods': size=5760Kb used=1246Kb max_used=1320Kb free=4513Kb
 bounds [0x0000021846cf0000, 0x0000021846f60000, 0x0000021847290000]
 total_blobs=1855 nmethods=1379 adapters=389
 compilation: enabled
              stopped_count=0, restarted_count=0
 full_count=0

Compilation events (20 events):
Event: 0.981 Thread 0x000002186c87e1f0 1358       4       org.eclipse.jdt.launching.internal.org.objectweb.asm.ClassVisitor::visitMethod (24 bytes)
Event: 0.984 Thread 0x000002186c87e1f0 nmethod 1358 0x000002184e842410 code [0x000002184e8425a0, 0x000002184e842ae8]
Event: 0.984 Thread 0x000002186c87e1f0 1359       4       org.eclipse.jdt.launching.internal.org.objectweb.asm.ClassWriter::visitMethod (57 bytes)
Event: 0.988 Thread 0x000002186c87e1f0 nmethod 1359 0x000002184e842d10 code [0x000002184e842ea0, 0x000002184e843328]
Event: 0.988 Thread 0x000002186c87e1f0 1370       4       org.eclipse.jdt.launching.internal.org.objectweb.asm.MethodWriter::computeMethodInfoSize (571 bytes)
Event: 0.994 Thread 0x000002186cc69030 nmethod 1136 0x000002184e843490 code [0x000002184e8438e0, 0x000002184e84f410]
Event: 0.994 Thread 0x000002186cc69030 1183       4       jdk.internal.misc.Unsafe::allocateUninitializedArray (55 bytes)
Event: 0.995 Thread 0x000002186cc69030 nmethod 1183 0x000002184e853810 code [0x000002184e8539a0, 0x000002184e853b98]
Event: 0.996 Thread 0x000002186f140910 nmethod 1342% 0x000002184e853d10 code [0x000002184e854060, 0x000002184e8579a0]
Event: 1.024 Thread 0x000002186c87e1f0 nmethod 1370 0x000002184e85a090 code [0x000002184e85a440, 0x000002184e85c750]
Event: 12.301 Thread 0x000002186c87e1f0 1378       4       org.eclipse.jdt.launching.internal.org.objectweb.asm.ClassReader::<init> (371 bytes)
Event: 12.305 Thread 0x000002186c87ebe0 1381       3       jdk.internal.math.FDBigInteger::mult (64 bytes)
Event: 12.306 Thread 0x000002186c87ebe0 nmethod 1381 0x000002184753dc10 code [0x000002184753ddc0, 0x000002184753e058]
Event: 12.306 Thread 0x000002186c87ebe0 1382       3       jdk.internal.math.FDBigInteger::<init> (30 bytes)
Event: 12.306 Thread 0x000002186c87ebe0 nmethod 1382 0x000002184753e290 code [0x000002184753e440, 0x000002184753e668]
Event: 12.306 Thread 0x000002186c87ebe0 1383       3       jdk.internal.math.FDBigInteger::trimLeadingZeros (57 bytes)
Event: 12.307 Thread 0x000002186c87ebe0 nmethod 1383 0x000002184753e790 code [0x000002184753e940, 0x000002184753ec18]
Event: 12.314 Thread 0x000002186c87e1f0 nmethod 1378 0x000002184e85dd10 code [0x000002184e85dec0, 0x000002184e85ec08]
Event: 12.314 Thread 0x000002186c87e1f0 1380       4       org.eclipse.jdt.launching.internal.org.objectweb.asm.SymbolTable::<init> (536 bytes)
Event: 12.452 Thread 0x000002186c87e1f0 nmethod 1380 0x000002184e85f110 code [0x000002184e85f480, 0x000002184e863a60]

GC Heap History (4 events):
Event: 0.615 GC heap before
{Heap before GC invocations=0 (full 0):
 garbage-first heap   total 520192K, used 20480K [0x0000000604400000, 0x0000000800000000)
  region size 4096K, 6 young (24576K), 0 survivors (0K)
 Metaspace       used 11055K, committed 11136K, reserved 1064960K
  class space    used 964K, committed 1024K, reserved 1048576K
}
Event: 0.618 GC heap after
{Heap after GC invocations=1 (full 0):
 garbage-first heap   total 520192K, used 2329K [0x0000000604400000, 0x0000000800000000)
  region size 4096K, 1 young (4096K), 1 survivors (4096K)
 Metaspace       used 11055K, committed 11136K, reserved 1064960K
  class space    used 964K, committed 1024K, reserved 1048576K
}
Event: 0.835 GC heap before
{Heap before GC invocations=1 (full 0):
 garbage-first heap   total 520192K, used 39193K [0x0000000604400000, 0x0000000800000000)
  region size 4096K, 10 young (40960K), 1 survivors (4096K)
 Metaspace       used 15634K, committed 15808K, reserved 1064960K
  class space    used 1445K, committed 1536K, reserved 1048576K
}
Event: 0.838 GC heap after
{Heap after GC invocations=2 (full 0):
 garbage-first heap   total 520192K, used 3502K [0x0000000604400000, 0x0000000800000000)
  region size 4096K, 1 young (4096K), 1 survivors (4096K)
 Metaspace       used 15634K, committed 15808K, reserved 1064960K
  class space    used 1445K, committed 1536K, reserved 1048576K
}

Deoptimization events (20 events):
Event: 12.300 Thread 0x000002184364cbd0 Uncommon trap: trap_request=0xffffffde fr.pc=0x000002184e853ad8 relative=0x0000000000000138
Event: 12.300 Thread 0x000002184364cbd0 Uncommon trap: reason=class_check action=maybe_recompile pc=0x000002184e853ad8 method=jdk.internal.misc.Unsafe.allocateUninitializedArray(Ljava/lang/Class;I)Ljava/lang/Object; @ 51 c2
Event: 12.300 Thread 0x000002184364cbd0 DEOPT PACKING pc=0x000002184e853ad8 sp=0x000000e1c9afd100
Event: 12.300 Thread 0x000002184364cbd0 DEOPT UNPACKING pc=0x0000021846d423a3 sp=0x000000e1c9afd088 mode 2
Event: 12.300 Thread 0x000002184364cbd0 Uncommon trap: trap_request=0xffffffde fr.pc=0x000002184e853ad8 relative=0x0000000000000138
Event: 12.300 Thread 0x000002184364cbd0 Uncommon trap: reason=class_check action=maybe_recompile pc=0x000002184e853ad8 method=jdk.internal.misc.Unsafe.allocateUninitializedArray(Ljava/lang/Class;I)Ljava/lang/Object; @ 51 c2
Event: 12.300 Thread 0x000002184364cbd0 DEOPT PACKING pc=0x000002184e853ad8 sp=0x000000e1c9afd1b0
Event: 12.300 Thread 0x000002184364cbd0 DEOPT UNPACKING pc=0x0000021846d423a3 sp=0x000000e1c9afd138 mode 2
Event: 12.301 Thread 0x000002184364cbd0 Uncommon trap: trap_request=0xffffffde fr.pc=0x000002184e853ad8 relative=0x0000000000000138
Event: 12.301 Thread 0x000002184364cbd0 Uncommon trap: reason=class_check action=maybe_recompile pc=0x000002184e853ad8 method=jdk.internal.misc.Unsafe.allocateUninitializedArray(Ljava/lang/Class;I)Ljava/lang/Object; @ 51 c2
Event: 12.301 Thread 0x000002184364cbd0 DEOPT PACKING pc=0x000002184e853ad8 sp=0x000000e1c9afc9b0
Event: 12.301 Thread 0x000002184364cbd0 DEOPT UNPACKING pc=0x0000021846d423a3 sp=0x000000e1c9afc938 mode 2
Event: 12.301 Thread 0x000002184364cbd0 Uncommon trap: trap_request=0xffffffde fr.pc=0x000002184e853ad8 relative=0x0000000000000138
Event: 12.301 Thread 0x000002184364cbd0 Uncommon trap: reason=class_check action=maybe_recompile pc=0x000002184e853ad8 method=jdk.internal.misc.Unsafe.allocateUninitializedArray(Ljava/lang/Class;I)Ljava/lang/Object; @ 51 c2
Event: 12.301 Thread 0x000002184364cbd0 DEOPT PACKING pc=0x000002184e853ad8 sp=0x000000e1c9afca60
Event: 12.301 Thread 0x000002184364cbd0 DEOPT UNPACKING pc=0x0000021846d423a3 sp=0x000000e1c9afc9e8 mode 2
Event: 12.301 Thread 0x000002184364cbd0 DEOPT PACKING pc=0x0000021847484c13 sp=0x000000e1c9afaf40
Event: 12.301 Thread 0x000002184364cbd0 DEOPT UNPACKING pc=0x0000021846d42b43 sp=0x000000e1c9afa430 mode 0
Event: 12.303 Thread 0x000002184364cbd0 DEOPT PACKING pc=0x0000021847488419 sp=0x000000e1c9af75d0
Event: 12.303 Thread 0x000002184364cbd0 DEOPT UNPACKING pc=0x0000021846d42b43 sp=0x000000e1c9af6b80 mode 0

Classes unloaded (0 events):
No events

Classes redefined (1 events):
Event: 96.316 Thread 0x000002186c8240b0 redefined class name=com.azure.digitaltwins.core.BasicDigitalTwinSerializer, count=1

Internal exceptions (16 events):
Event: 0.148 Thread 0x000002184364cbd0 Exception <a 'java/lang/NoSuchMethodError'{0x0000000623d38ce0}: 'void java.lang.invoke.DirectMethodHandle$Holder.invokeVirtual(java.lang.Object, java.lang.Object)'> (0x0000000623d38ce0) 
thrown [e:\jenkins\tmp\workspace\build\src\src\hotspot\share\interpreter\linkResolver.cpp, line 766]
Event: 0.278 Thread 0x000002184364cbd0 Exception <a 'java/lang/NoSuchMethodError'{0x00000006239607e8}: 'java.lang.Object java.lang.invoke.DirectMethodHandle$Holder.invokeVirtual(java.lang.Object, java.lang.Object, java.lang.Object)'> (0x00000006239607e8) 
thrown [e:\jenkins\tmp\workspace\build\src\src\hotspot\share\interpreter\linkResolver.cpp, line 766]
Event: 0.285 Thread 0x000002184364cbd0 Exception <a 'java/lang/NoSuchMethodError'{0x0000000623a50c98}: 'void java.lang.invoke.DirectMethodHandle$Holder.invokeSpecial(java.lang.Object, java.lang.Object, java.lang.Object)'> (0x0000000623a50c98) 
thrown [e:\jenkins\tmp\workspace\build\src\src\hotspot\share\interpreter\linkResolver.cpp, line 766]
Event: 0.342 Thread 0x000002184364cbd0 Exception <a 'java/lang/NoSuchMethodError'{0x00000006237f3f88}: 'void java.lang.invoke.DirectMethodHandle$Holder.invokeSpecial(java.lang.Object, java.lang.Object, java.lang.Object, java.lang.Object, java.lang.Object)'> (0x00000006237f3f88) 
thrown [e:\jenkins\tmp\workspace\build\src\src\hotspot\share\interpreter\linkResolver.cpp, line 766]
Event: 0.346 Thread 0x000002184364cbd0 Exception <a 'java/lang/NoSuchMethodError'{0x000000062300a3b0}: 'java.lang.Object java.lang.invoke.DirectMethodHandle$Holder.invokeInterface(java.lang.Object, java.lang.Object)'> (0x000000062300a3b0) 
thrown [e:\jenkins\tmp\workspace\build\src\src\hotspot\share\interpreter\linkResolver.cpp, line 766]
Event: 0.346 Thread 0x000002184364cbd0 Exception <a 'java/lang/IncompatibleClassChangeError'{0x000000062300d930}: Found class java.lang.Object, but interface was expected> (0x000000062300d930) 
thrown [e:\jenkins\tmp\workspace\build\src\src\hotspot\share\interpreter\linkResolver.cpp, line 833]
Event: 0.347 Thread 0x000002184364cbd0 Exception <a 'java/lang/NoSuchMethodError'{0x00000006230106f8}: 'void java.lang.invoke.DirectMethodHandle$Holder.invokeStatic(java.lang.Object, java.lang.Object, java.lang.Object, java.lang.Object)'> (0x00000006230106f8) 
thrown [e:\jenkins\tmp\workspace\build\src\src\hotspot\share\interpreter\linkResolver.cpp, line 766]
Event: 0.812 Thread 0x000002184364cbd0 Exception <a 'java/lang/NoSuchMethodError'{0x0000000621f5dbf8}: 'java.lang.Object java.lang.invoke.DirectMethodHandle$Holder.newInvokeSpecial(java.lang.Object, java.lang.Object, java.lang.Object, java.lang.Object, java.lang.Object)'> (0x0000000621f5dbf8) 
thrown [e:\jenkins\tmp\workspace\build\src\src\hotspot\share\interpreter\linkResolver.cpp, line 766]
Event: 0.848 Thread 0x000002184364cbd0 Implicit null exception at 0x000002184e7eef64 to 0x000002184e7f0c54
Event: 0.848 Thread 0x000002184364cbd0 Implicit null exception at 0x000002184e7fba0f to 0x000002184e7fba8d
Event: 0.851 Thread 0x000002184364cbd0 Exception <a 'java/lang/NoSuchMethodError'{0x0000000623ce45f0}: 'java.lang.Object java.lang.invoke.DirectMethodHandle$Holder.invokeStaticInit(java.lang.Object, java.lang.Object, java.lang.Object)'> (0x0000000623ce45f0) 
thrown [e:\jenkins\tmp\workspace\build\src\src\hotspot\share\interpreter\linkResolver.cpp, line 766]
Event: 0.860 Thread 0x000002184364cbd0 Exception <a 'java/lang/NoSuchMethodError'{0x0000000623dc79b8}: 'long java.lang.invoke.DirectMethodHandle$Holder.invokeSpecial(java.lang.Object, java.lang.Object)'> (0x0000000623dc79b8) 
thrown [e:\jenkins\tmp\workspace\build\src\src\hotspot\share\interpreter\linkResolver.cpp, line 766]
Event: 0.861 Thread 0x000002184364cbd0 Exception <a 'java/lang/NoSuchMethodError'{0x0000000623dd2ca0}: 'long java.lang.invoke.DirectMethodHandle$Holder.invokeStatic(java.lang.Object, java.lang.Object)'> (0x0000000623dd2ca0) 
thrown [e:\jenkins\tmp\workspace\build\src\src\hotspot\share\interpreter\linkResolver.cpp, line 766]
Event: 0.862 Thread 0x000002184364cbd0 Exception <a 'java/lang/NoSuchMethodError'{0x0000000623dd5ff8}: 'long java.lang.invoke.DirectMethodHandle$Holder.invokeStaticInit(java.lang.Object, java.lang.Object)'> (0x0000000623dd5ff8) 
thrown [e:\jenkins\tmp\workspace\build\src\src\hotspot\share\interpreter\linkResolver.cpp, line 766]
Event: 0.863 Thread 0x000002184364cbd0 Exception <a 'java/lang/NoSuchMethodError'{0x0000000623de39e8}: 'long java.lang.invoke.DirectMethodHandle$Holder.invokeInterface(java.lang.Object, java.lang.Object)'> (0x0000000623de39e8) 
thrown [e:\jenkins\tmp\workspace\build\src\src\hotspot\share\interpreter\linkResolver.cpp, line 766]
Event: 0.863 Thread 0x000002184364cbd0 Exception <a 'java/lang/IncompatibleClassChangeError'{0x0000000623de6cd0}: Found class java.lang.Object, but interface was expected> (0x0000000623de6cd0) 
thrown [e:\jenkins\tmp\workspace\build\src\src\hotspot\share\interpreter\linkResolver.cpp, line 833]

VM Operations (20 events):
Event: 82.643 Executing VM operation: get/set locals
Event: 82.643 Executing VM operation: get/set locals done
Event: 82.644 Executing VM operation: get/set locals
Event: 82.644 Executing VM operation: get/set locals done
Event: 83.373 Executing VM operation: get/set locals
Event: 83.373 Executing VM operation: get/set locals done
Event: 96.309 Executing VM operation: ChangeSingleStep
Event: 96.309 Executing VM operation: ChangeSingleStep done
Event: 96.309 Executing VM operation: ChangeSingleStep
Event: 96.309 Executing VM operation: ChangeSingleStep done
Event: 96.314 Executing VM operation: RedefineClasses
Event: 96.319 Executing VM operation: RedefineClasses done
Event: 96.325 Executing VM operation: ChangeBreakpoints
Event: 96.325 Executing VM operation: ChangeBreakpoints done
Event: 96.327 Executing VM operation: ChangeSingleStep
Event: 96.327 Executing VM operation: ChangeSingleStep done
Event: 96.327 Executing VM operation: get/set locals
Event: 96.327 Executing VM operation: get/set locals done
Event: 96.328 Executing VM operation: ChangeSingleStep
Event: 96.328 Executing VM operation: ChangeSingleStep done

Events (20 events):
Event: 0.916 loading class java/time/temporal/TemporalQueries$5
Event: 0.916 loading class java/time/temporal/TemporalQueries$5 done
Event: 0.916 loading class java/time/temporal/TemporalQueries$6
Event: 0.916 loading class java/time/temporal/TemporalQueries$6 done
Event: 0.916 loading class java/time/temporal/TemporalQueries$7
Event: 0.916 loading class java/time/temporal/TemporalQueries$7 done
Event: 0.916 loading class java/time/ZoneRegion
Event: 0.916 loading class java/time/ZoneRegion done
Event: 0.916 loading class java/time/zone/ZoneRules
Event: 0.917 loading class java/time/zone/ZoneRules done
Event: 0.917 loading class java/time/zone/ZoneOffsetTransitionRule
Event: 0.917 loading class java/time/zone/ZoneOffsetTransitionRule done
Event: 0.917 loading class java/time/zone/ZoneOffsetTransition
Event: 0.917 loading class java/time/zone/ZoneOffsetTransition done
Event: 0.935 loading class java/math/BigDecimal$StringBuilderHelper
Event: 0.935 loading class java/math/BigDecimal$StringBuilderHelper done
Event: 6.010 Thread 0x000002186f140910 Thread exited: 0x000002186f140910
Event: 6.010 Thread 0x000002186cc69030 Thread exited: 0x000002186cc69030
Event: 12.305 loading class jdk/internal/math/FDBigInteger
Event: 12.305 loading class jdk/internal/math/FDBigInteger done


Dynamic libraries:
0x00007ff699f60000 - 0x00007ff699f6e000 	C:\Program Files\eclipse\plugins\org.eclipse.justj.openjdk.hotspot.jre.full.win32.x86_64_17.0.1.v20211116-1657\jre\bin\javaw.exe
0x00007ffaf2270000 - 0x00007ffaf2467000 	C:\WINDOWS\SYSTEM32\ntdll.dll
0x00007ffaf14c0000 - 0x00007ffaf157d000 	C:\WINDOWS\System32\KERNEL32.DLL
0x00007ffaefc20000 - 0x00007ffaefeed000 	C:\WINDOWS\System32\KERNELBASE.dll
0x00007ffaeff60000 - 0x00007ffaf0060000 	C:\WINDOWS\System32\ucrtbase.dll
0x00007ffab6c50000 - 0x00007ffab6c69000 	C:\Program Files\eclipse\plugins\org.eclipse.justj.openjdk.hotspot.jre.full.win32.x86_64_17.0.1.v20211116-1657\jre\bin\VCRUNTIME140.dll
0x00007ffab69c0000 - 0x00007ffab69d8000 	C:\Program Files\eclipse\plugins\org.eclipse.justj.openjdk.hotspot.jre.full.win32.x86_64_17.0.1.v20211116-1657\jre\bin\jli.dll
0x00007ffaf16b0000 - 0x00007ffaf1850000 	C:\WINDOWS\System32\USER32.dll
0x00007ffadee80000 - 0x00007ffadf11a000 	C:\WINDOWS\WinSxS\amd64_microsoft.windows.common-controls_6595b64144ccf1df_6.0.19041.1110_none_60b5254171f9507e\COMCTL32.dll
0x00007ffaf02a0000 - 0x00007ffaf02c2000 	C:\WINDOWS\System32\win32u.dll
0x00007ffaf0ec0000 - 0x00007ffaf0f5e000 	C:\WINDOWS\System32\msvcrt.dll
0x00007ffaf18d0000 - 0x00007ffaf18fa000 	C:\WINDOWS\System32\GDI32.dll
0x00007ffaefb10000 - 0x00007ffaefc1b000 	C:\WINDOWS\System32\gdi32full.dll
0x00007ffaef990000 - 0x00007ffaefa2d000 	C:\WINDOWS\System32\msvcp_win.dll
0x00007ffaf1b40000 - 0x00007ffaf1b70000 	C:\WINDOWS\System32\IMM32.DLL
0x00007ffac06e0000 - 0x00007ffac06ec000 	C:\Program Files\eclipse\plugins\org.eclipse.justj.openjdk.hotspot.jre.full.win32.x86_64_17.0.1.v20211116-1657\jre\bin\vcruntime140_1.dll
0x00007ffa4ff60000 - 0x00007ffa4fff1000 	C:\Program Files\eclipse\plugins\org.eclipse.justj.openjdk.hotspot.jre.full.win32.x86_64_17.0.1.v20211116-1657\jre\bin\msvcp140.dll
0x00007ffa2ee40000 - 0x00007ffa2fa86000 	C:\Program Files\eclipse\plugins\org.eclipse.justj.openjdk.hotspot.jre.full.win32.x86_64_17.0.1.v20211116-1657\jre\bin\server\jvm.dll
0x00007ffaf1fe0000 - 0x00007ffaf208e000 	C:\WINDOWS\System32\ADVAPI32.dll
0x00007ffaf0d40000 - 0x00007ffaf0ddc000 	C:\WINDOWS\System32\sechost.dll
0x00007ffaf0c10000 - 0x00007ffaf0d35000 	C:\WINDOWS\System32\RPCRT4.dll
0x00007ffae0bf0000 - 0x00007ffae0c17000 	C:\WINDOWS\SYSTEM32\WINMM.dll
0x00007ffada500000 - 0x00007ffada509000 	C:\WINDOWS\SYSTEM32\WSOCK32.dll
0x00007ffae8d80000 - 0x00007ffae8d8a000 	C:\WINDOWS\SYSTEM32\VERSION.dll
0x00007ffaf14b0000 - 0x00007ffaf14b8000 	C:\WINDOWS\System32\PSAPI.DLL
0x00007ffaf1860000 - 0x00007ffaf18cb000 	C:\WINDOWS\System32\WS2_32.dll
0x00007ffaed930000 - 0x00007ffaed942000 	C:\WINDOWS\SYSTEM32\kernel.appcore.dll
0x00007ffadc460000 - 0x00007ffadc46a000 	C:\Program Files\eclipse\plugins\org.eclipse.justj.openjdk.hotspot.jre.full.win32.x86_64_17.0.1.v20211116-1657\jre\bin\jimage.dll
0x00007ffada8b0000 - 0x00007ffadaa94000 	C:\WINDOWS\SYSTEM32\DBGHELP.DLL
0x00007ffadaef0000 - 0x00007ffadaf1c000 	C:\WINDOWS\SYSTEM32\dbgcore.DLL
0x00007ffaefa30000 - 0x00007ffaefab2000 	C:\WINDOWS\System32\bcryptPrimitives.dll
0x00007ffac30c0000 - 0x00007ffac30fb000 	C:\Program Files\eclipse\plugins\org.eclipse.justj.openjdk.hotspot.jre.full.win32.x86_64_17.0.1.v20211116-1657\jre\bin\jdwp.dll
0x00007ffae9b50000 - 0x00007ffae9b5e000 	C:\Program Files\eclipse\plugins\org.eclipse.justj.openjdk.hotspot.jre.full.win32.x86_64_17.0.1.v20211116-1657\jre\bin\instrument.dll
0x00007ffac3090000 - 0x00007ffac30b5000 	C:\Program Files\eclipse\plugins\org.eclipse.justj.openjdk.hotspot.jre.full.win32.x86_64_17.0.1.v20211116-1657\jre\bin\java.dll
0x00007ffac4970000 - 0x00007ffac4988000 	C:\Program Files\eclipse\plugins\org.eclipse.justj.openjdk.hotspot.jre.full.win32.x86_64_17.0.1.v20211116-1657\jre\bin\zip.dll
0x00007ffaf04c0000 - 0x00007ffaf0c04000 	C:\WINDOWS\System32\SHELL32.dll
0x00007ffaee030000 - 0x00007ffaee7c4000 	C:\WINDOWS\SYSTEM32\windows.storage.dll
0x00007ffaf0f60000 - 0x00007ffaf12b4000 	C:\WINDOWS\System32\combase.dll
0x00007ffaef300000 - 0x00007ffaef32c000 	C:\WINDOWS\SYSTEM32\Wldp.dll
0x00007ffaf0410000 - 0x00007ffaf04bd000 	C:\WINDOWS\System32\SHCORE.dll
0x00007ffaf2090000 - 0x00007ffaf20e5000 	C:\WINDOWS\System32\shlwapi.dll
0x00007ffaef8d0000 - 0x00007ffaef8ef000 	C:\WINDOWS\SYSTEM32\profapi.dll
0x00007ffabf340000 - 0x00007ffabf359000 	C:\Program Files\eclipse\plugins\org.eclipse.justj.openjdk.hotspot.jre.full.win32.x86_64_17.0.1.v20211116-1657\jre\bin\net.dll
0x00007ffaee9a0000 - 0x00007ffaeeaaa000 	C:\WINDOWS\SYSTEM32\WINHTTP.dll
0x00007ffaef0f0000 - 0x00007ffaef15a000 	C:\WINDOWS\system32\mswsock.dll
0x00007ffabd2c0000 - 0x00007ffabd2d5000 	C:\Program Files\eclipse\plugins\org.eclipse.justj.openjdk.hotspot.jre.full.win32.x86_64_17.0.1.v20211116-1657\jre\bin\nio.dll
0x00007ffadfd90000 - 0x00007ffadfd9c000 	C:\Program Files\eclipse\plugins\org.eclipse.justj.openjdk.hotspot.jre.full.win32.x86_64_17.0.1.v20211116-1657\jre\bin\dt_socket.dll
0x00007ffaeedb0000 - 0x00007ffaeedeb000 	C:\WINDOWS\SYSTEM32\IPHLPAPI.DLL
0x00007ffaeedf0000 - 0x00007ffaeeebb000 	C:\WINDOWS\SYSTEM32\DNSAPI.dll
0x00007ffaf1b30000 - 0x00007ffaf1b38000 	C:\WINDOWS\System32\NSI.dll
0x00007ffae8c70000 - 0x00007ffae8c7a000 	C:\Windows\System32\rasadhlp.dll
0x00007ffaea630000 - 0x00007ffaea6b0000 	C:\WINDOWS\System32\fwpuclnt.dll
0x00007ffaf0110000 - 0x00007ffaf0137000 	C:\WINDOWS\System32\bcrypt.dll
0x00007ffada460000 - 0x00007ffada470000 	C:\Program Files\eclipse\plugins\org.eclipse.justj.openjdk.hotspot.jre.full.win32.x86_64_17.0.1.v20211116-1657\jre\bin\verify.dll

dbghelp: loaded successfully - version: 4.0.5 - missing functions: none
symbol engine: initialized successfully - sym options: 0x614 - pdb path: .;C:\Program Files\eclipse\plugins\org.eclipse.justj.openjdk.hotspot.jre.full.win32.x86_64_17.0.1.v20211116-1657\jre\bin;C:\WINDOWS\SYSTEM32;C:\WINDOWS\WinSxS\amd64_microsoft.windows.common-controls_6595b64144ccf1df_6.0.19041.1110_none_60b5254171f9507e;C:\Program Files\eclipse\plugins\org.eclipse.justj.openjdk.hotspot.jre.full.win32.x86_64_17.0.1.v20211116-1657\jre\bin\server

VM Arguments:
jvm_args: -XX:+ShowCodeDetailsInExceptionMessages -agentlib:jdwp=transport=dt_socket,suspend=y,address=localhost:49498 -javaagent:C:\Users\seherzig\.eclipse\org.eclipse.platform_4.21.0_1709980481_win32_win32_x86_64\configuration\org.eclipse.osgi\221\0\.cp\lib\javaagent-shaded.jar -Dfile.encoding=UTF-8 --module-path=C:\git\azure-sdk-for-java\sdk\digitaltwins\azure-digitaltwins-core\target\classes;C:\Users\seherzig\.m2\repository\com\azure\azure-core\1.29.1\azure-core-1.29.1.jar;C:\Users\seherzig\.m2\repository\com\fasterxml\jackson\core\jackson-core\2.13.2\jackson-core-2.13.2.jar;C:\Users\seherzig\.m2\repository\com\fasterxml\jackson\core\jackson-databind\2.13.2.2\jackson-databind-2.13.2.2.jar;C:\Users\seherzig\.m2\repository\com\fasterxml\jackson\datatype\jackson-datatype-jsr310\2.13.2\jackson-datatype-jsr310-2.13.2.jar;C:\Users\seherzig\.m2\repository\com\fasterxml\jackson\dataformat\jackson-dataformat-xml\2.13.2\jackson-dataformat-xml-2.13.2.jar;C:\Users\seherzig\.m2\repository\org\codehaus\woodstox\stax2-api\4.2.1\stax2-api-4.2.1.jar;C:\Users\seherzig\.m2\repository\org\slf4j\slf4j-api\1.7.36\slf4j-api-1.7.36.jar;C:\Users\seherzig\.m2\repository\io\projectreactor\reactor-core\3.4.17\reactor-core-3.4.17.jar;C:\Users\seherzig\.m2\repository\org\reactivestreams\reactive-streams\1.0.3\reactive-streams-1.0.3.jar;C:\Users\seherzig\.m2\repository\com\azure\azure-core-http-netty\1.12.2\azure-core-http-netty-1.12.2.jar;C:\Users\seherzig\.m2\repository\io\netty\netty-handler\4.1.76.Final\netty-handler-4.1.76.Final.jar;C:\Users\seherzig\.m2\repository\io\netty\netty-common\4.1.76.Final\netty-common-4.1.76.Final.jar;C:\Users\seherzig\.m2\repository\io\netty\netty-resolver\4.1.76.Final\netty-resolver-4.1.76.Final.jar;C:\Users\seherzig\.m2\repository\io\netty\netty-transport\4.1.76.Final\netty-transport-4.1.76.Final.jar;C:\Users\seherzig\.m2\repository\io\netty\netty-codec\4.1.76.Final\netty-codec-4.1.76.Final.jar;C:\Users\seherzig\.m2\repository\io\netty\netty-handler-proxy\4.1.76.Final\netty-handler-proxy-4.1.76.Final.jar;C:\Users\seherzig\.m2\repository\io\netty\netty-buffer\4.1.76.Final\netty-buffer-4.1.76.Final.jar;C:\Users\seherzig\.m2\repository\io\netty\netty-codec-http\4.1.76.Final\netty-codec-http-4.1.76.Final.jar;C:\Users\seherzig\.m2\repository\io\projectreacto-Djdk.module.main=com.azure.digitaltwins.core 
java_command: com.azure.digitaltwins.core/com.azure.digitaltwins.core.Tests
java_class_path (initial): C:\Users\seherzig\.m2\repository\com\fasterxml\woodstox\woodstox-core\6.2.7\woodstox-core-6.2.7.jar;C:\Users\seherzig\.m2\repository\io\netty\netty-codec-socks\4.1.76.Final\netty-codec-socks-4.1.76.Final.jar;C:\Users\seherzig\.m2\repository\io\netty\netty-codec-http2\4.1.76.Final\netty-codec-http2-4.1.76.Final.jar;C:\Users\seherzig\.m2\repository\io\netty\netty-transport-native-unix-common\4.1.76.Final\netty-transport-native-unix-common-4.1.76.Final.jar;C:\Users\seherzig\.m2\repository\io\netty\netty-transport-native-epoll\4.1.76.Final\netty-transport-native-epoll-4.1.76.Final-linux-x86_64.jar;C:\Users\seherzig\.m2\repository\io\netty\netty-transport-classes-epoll\4.1.76.Final\netty-transport-classes-epoll-4.1.76.Final.jar;C:\Users\seherzig\.m2\repository\io\netty\netty-transport-native-kqueue\4.1.76.Final\netty-transport-native-kqueue-4.1.76.Final-osx-x86_64.jar;C:\Users\seherzig\.m2\repository\io\netty\netty-transport-classes-kqueue\4.1.76.Final\netty-transport-classes-kqueue-4.1.76.Final.jar;C:\Users\seherzig\.m2\repository\io\netty\netty-tcnative-boringssl-static\2.0.51.Final\netty-tcnative-boringssl-static-2.0.51.Final.jar;C:\Users\seherzig\.m2\repository\io\netty\netty-tcnative-classes\2.0.51.Final\netty-tcnative-classes-2.0.51.Final.jar;C:\Users\seherzig\.m2\repository\io\netty\netty-tcnative-boringssl-static\2.0.51.Final\netty-tcnative-boringssl-static-2.0.51.Final-linux-x86_64.jar;C:\Users\seherzig\.m2\repository\io\netty\netty-tcnative-boringssl-static\2.0.51.Final\netty-tcnative-boringssl-static-2.0.51.Final-linux-aarch_64.jar;C:\Users\seherzig\.m2\repository\io\netty\netty-tcnative-boringssl-static\2.0.51.Final\netty-tcnative-boringssl-static-2.0.51.Final-osx-x86_64.jar;C:\Users\seherzig\.m2\repository\io\netty\netty-tcnative-boringssl-static\2.0.51.Final\netty-tcnative-boringssl-static-2.0.51.Final-osx-aarch_64.jar;C:\Users\seherzig\.m2\repository\io\netty\netty-tcnative-boringssl-static\2.0.51.Final\netty-tcnative-boringssl
Launcher Type: SUN_STANDARD

[Global flags]
     intx CICompilerCount                          = 4                                         {product} {ergonomic}
     uint ConcGCThreads                            = 3                                         {product} {ergonomic}
     uint G1ConcRefinementThreads                  = 10                                        {product} {ergonomic}
   size_t G1HeapRegionSize                         = 4194304                                   {product} {ergonomic}
    uintx GCDrainStackTargetSize                   = 64                                        {product} {ergonomic}
   size_t InitialHeapSize                          = 532676608                                 {product} {ergonomic}
   size_t MarkStackSize                            = 4194304                                   {product} {ergonomic}
   size_t MaxHeapSize                              = 8518631424                                {product} {ergonomic}
   size_t MaxNewSize                               = 5108662272                                {product} {ergonomic}
   size_t MinHeapDeltaBytes                        = 4194304                                   {product} {ergonomic}
   size_t MinHeapSize                              = 8388608                                   {product} {ergonomic}
    uintx NonNMethodCodeHeapSize                   = 5839372                                {pd product} {ergonomic}
    uintx NonProfiledCodeHeapSize                  = 122909434                              {pd product} {ergonomic}
    uintx ProfiledCodeHeapSize                     = 122909434                              {pd product} {ergonomic}
    uintx ReservedCodeCacheSize                    = 251658240                              {pd product} {ergonomic}
     bool SegmentedCodeCache                       = true                                      {product} {ergonomic}
     bool ShowCodeDetailsInExceptionMessages       = true                                   {manageable} {command line}
   size_t SoftMaxHeapSize                          = 8518631424                             {manageable} {ergonomic}
     bool UseCompressedClassPointers               = true                           {product lp64_product} {ergonomic}
     bool UseCompressedOops                        = true                           {product lp64_product} {ergonomic}
     bool UseG1GC                                  = true                                      {product} {ergonomic}
     bool UseLargePagesIndividualAllocation        = false                                  {pd product} {ergonomic}

Logging:
Log output configuration:
 #0: stdout all=warning uptime,level,tags
 #1: stderr all=off uptime,level,tags

Environment Variables:
JAVA_HOME=C:\Program Files\OpenJDK\jdk-12.0.2
PATH=C:\Program Files\eclipse\plugins\org.eclipse.justj.openjdk.hotspot.jre.full.win32.x86_64_17.0.1.v20211116-1657\jre\bin;C:/Program Files/eclipse//plugins/org.eclipse.justj.openjdk.hotspot.jre.full.win32.x86_64_17.0.1.v20211116-1657/jre/bin/server;C:/Program Files/eclipse//plugins/org.eclipse.justj.openjdk.hotspot.jre.full.win32.x86_64_17.0.1.v20211116-1657/jre/bin;C:\Python310\Scripts\;C:\Python310\;C:\Program Files (x86)\Common Files\Oracle\Java\javapath;C:\Python38\Scripts\;C:\Python38\;C:\Program Files (x86)\Microsoft SDKs\Azure\CLI2\wbin;C:\Python27\;C:\Python27\Scripts;C:\Program Files\Microsoft MPI\Bin\;C:\Program Files\Common Files\Microsoft Shared\Microsoft Online Services;C:\Program Files (x86)\Common Files\Microsoft Shared\Microsoft Online Services;C:\WINDOWS\system32;C:\WINDOWS;C:\WINDOWS\System32\Wbem;C:\WINDOWS\System32\WindowsPowerShell\v1.0\;C:\WINDOWS\System32\OpenSSH\;C:\Program Files\dotnet\;C:\Program Files\Microsoft SQL Server\130\Tools\Binn\;C:\Program Files\Microsoft SQL Server\Client SDK\ODBC\170\Tools\Binn\;C:\Program Files (x86)\Microsoft SQL Server\140\Tools\Binn\;C:\Program Files\Microsoft SQL Server\140\Tools\Binn\;C:\Program Files (x86)\Microsoft SQL Server\140\DTS\Binn\;C:\Program Files\Microsoft SQL Server\140\DTS\Binn\;C:\Program Files\Microsoft SQL Server\Client SDK\ODBC\130\Tools\Binn\;C:\Program Files (x86)\Microsoft SQL Server\150\DTS\Binn\;C:\Program Files\Microsoft\Web Platform Installer\;C:\Program Files\Microsoft Service Fabric\bin\Fabric\Fabric.Code;C:\Program Files\Microsoft SDKs\Service Fabric\Tools\ServiceFabricLocalClusterManager;C:\Program Files\Azure Data Studio\bin;C:\Users\seherzig\.azure-kubectl;C:\Users\seherzig\.azure-kubelogin;C:\Program Files\OpenJDK\jdk-12.0.2\bin;C:\Program Files\PowerShell\7\;C:\Program Files\Git\cmd;C:\Program Files\Docker\Docker\resources\bin;C:\ProgramData\DockerDesktop\version-bin;C:\Program Files\Microsoft SQL Server\150\Tools\Binn\;C:\apache-maven-3.8.4\bin;C:\Program Files\nodejs\;C:\P
USERNAME=seherzig
OS=Windows_NT
PROCESSOR_IDENTIFIER=Intel64 Family 6 Model 85 Stepping 4, GenuineIntel



---------------  S Y S T E M  ---------------

OS:
 Windows 10 , 64 bit Build 19041 (10.0.19041.1741)
OS uptime: 4 days 11:25 hours
Hyper-V role detected

CPU: total 12 (initial active 12) (6 cores per cpu, 2 threads per core) family 6 model 85 stepping 4 microcode 0x2000065, cx8, cmov, fxsr, ht, mmx, 3dnowpref, sse, sse2, sse3, ssse3, sse4.1, sse4.2, popcnt, lzcnt, tsc, tscinvbit, avx, avx2, aes, erms, clmul, bmi1, bmi2, rtm, adx, fma, vzeroupper, clflush, clflushopt, clwb, hv

Memory: 4k page, system-wide physical 32495M (16029M free)
TotalPageFile size 46831M (AvailPageFile size 17479M)
current process WorkingSet (physical memory assigned to process): 102M, peak: 146M
current process commit charge ("private bytes"): 624M, peak: 669M

vm_info: OpenJDK 64-Bit Server VM (17.0.1+12) for windows-amd64 JRE (17.0.1+12), built on Oct 20 2021 07:42:55 by "" with MS VC++ 16.7 (VS2019)

END.
